[ 2017-05-28T01:37:16+08:00 ] 127.0.0.1 /Course/holder.js/80x80
INFO: [ app_init ] --START--
INFO: Run Behavior\BuildLiteBehavior [ RunTime:0.000000s ]
INFO: [ app_init ] --END-- [ RunTime:0.000000s ]
INFO: [ app_begin ] --START--
INFO: Run Behavior\ReadHtmlCacheBehavior [ RunTime:0.001000s ]
INFO: [ app_begin ] --END-- [ RunTime:0.001000s ]
SQL: SHOW COLUMNS FROM `xk_date` [ RunTime:0.0410s ]
SQL: SELECT * FROM `xk_date`  [ RunTime:0.0000s ]
SQL: SHOW COLUMNS FROM `xk_student` [ RunTime:0.0580s ]
SQL: SELECT * FROM `xk_student` WHERE `username` = 'wangwen' LIMIT 1   [ RunTime:0.0010s ]
ERR: 非法操作:holder.js

[ 2017-05-28T01:37:16+08:00 ] 127.0.0.1 /favicon.ico
INFO: [ app_init ] --START--
INFO: Run Behavior\BuildLiteBehavior [ RunTime:0.000000s ]
INFO: [ app_init ] --END-- [ RunTime:0.001000s ]

[ 2017-05-28T03:35:32+08:00 ] 127.0.0.1 /static/css/hui/bootstrap.min.css
INFO: [ app_init ] --START--
INFO: Run Behavior\BuildLiteBehavior [ RunTime:0.000000s ]
INFO: [ app_init ] --END-- [ RunTime:0.067003s ]
INFO: [ app_begin ] --START--
INFO: Run Behavior\ReadHtmlCacheBehavior [ RunTime:0.063004s ]
INFO: [ app_begin ] --END-- [ RunTime:0.063004s ]
ERR: 非法操作:css

[ 2017-05-28T03:35:32+08:00 ] 127.0.0.1 /static/css/hui/font-awesome.min.css
INFO: [ app_init ] --START--
INFO: Run Behavior\BuildLiteBehavior [ RunTime:0.000000s ]
INFO: [ app_init ] --END-- [ RunTime:0.063003s ]
INFO: [ app_begin ] --START--
INFO: Run Behavior\ReadHtmlCacheBehavior [ RunTime:0.062004s ]
INFO: [ app_begin ] --END-- [ RunTime:0.062004s ]
ERR: 非法操作:css

[ 2017-05-28T03:35:32+08:00 ] 127.0.0.1 /static/css/hui/style.min.css
INFO: [ app_init ] --START--
INFO: Run Behavior\BuildLiteBehavior [ RunTime:0.000000s ]
INFO: [ app_init ] --END-- [ RunTime:0.063003s ]
INFO: [ app_begin ] --START--
INFO: Run Behavior\ReadHtmlCacheBehavior [ RunTime:0.063004s ]
INFO: [ app_begin ] --END-- [ RunTime:0.063004s ]
ERR: 非法操作:css

[ 2017-05-28T03:35:32+08:00 ] 127.0.0.1 /static/css/hui/animate.min.css
INFO: [ app_init ] --START--
INFO: Run Behavior\BuildLiteBehavior [ RunTime:0.000000s ]
INFO: [ app_init ] --END-- [ RunTime:0.063003s ]
INFO: [ app_begin ] --START--
INFO: Run Behavior\ReadHtmlCacheBehavior [ RunTime:0.076004s ]
INFO: [ app_begin ] --END-- [ RunTime:0.076004s ]
ERR: 非法操作:css

[ 2017-05-28T03:35:34+08:00 ] 127.0.0.1 /static/js/hui/bootstrap.min.js?v=3.3.6
INFO: [ app_init ] --START--
INFO: Run Behavior\BuildLiteBehavior [ RunTime:0.000000s ]
INFO: [ app_init ] --END-- [ RunTime:0.056003s ]
INFO: [ app_begin ] --START--
INFO: Run Behavior\ReadHtmlCacheBehavior [ RunTime:0.047002s ]
INFO: [ app_begin ] --END-- [ RunTime:0.047002s ]
ERR: 非法操作:js

[ 2017-05-28T03:39:43+08:00 ] 127.0.0.1 /static/css/hui/bootstrap.min.css
INFO: [ app_init ] --START--
INFO: Run Behavior\BuildLiteBehavior [ RunTime:0.000000s ]
INFO: [ app_init ] --END-- [ RunTime:0.001000s ]
INFO: [ app_begin ] --START--
INFO: Run Behavior\ReadHtmlCacheBehavior [ RunTime:0.001000s ]
INFO: [ app_begin ] --END-- [ RunTime:0.001000s ]
ERR: 非法操作:css

[ 2017-05-28T03:39:43+08:00 ] 127.0.0.1 /static/js/hui/plugins/layer/layer.min.js
INFO: [ app_init ] --START--
INFO: Run Behavior\BuildLiteBehavior [ RunTime:0.000000s ]
INFO: [ app_init ] --END-- [ RunTime:0.003000s ]
INFO: [ app_begin ] --START--
INFO: Run Behavior\ReadHtmlCacheBehavior [ RunTime:0.001000s ]
INFO: [ app_begin ] --END-- [ RunTime:0.001000s ]
ERR: 非法操作:js

[ 2017-05-28T03:39:43+08:00 ] 127.0.0.1 /static/js/hui/holder.min.js
INFO: [ app_init ] --START--
INFO: Run Behavior\BuildLiteBehavior [ RunTime:0.000000s ]
INFO: [ app_init ] --END-- [ RunTime:0.004000s ]
INFO: [ app_begin ] --START--
INFO: Run Behavior\ReadHtmlCacheBehavior [ RunTime:0.001000s ]
INFO: [ app_begin ] --END-- [ RunTime:0.002000s ]
ERR: 非法操作:js

[ 2017-05-28T03:39:43+08:00 ] 127.0.0.1 /static/js/hui/plugins/validate/jquery.validate.min.js
INFO: [ app_init ] --START--
INFO: Run Behavior\BuildLiteBehavior [ RunTime:0.000000s ]
INFO: [ app_init ] --END-- [ RunTime:0.000000s ]
INFO: [ app_begin ] --START--
INFO: Run Behavior\ReadHtmlCacheBehavior [ RunTime:0.004000s ]
INFO: [ app_begin ] --END-- [ RunTime:0.004000s ]
ERR: 非法操作:js

[ 2017-05-28T03:39:43+08:00 ] 127.0.0.1 /static/css/hui/base.css
INFO: [ app_init ] --START--
INFO: Run Behavior\BuildLiteBehavior [ RunTime:0.000000s ]
INFO: [ app_init ] --END-- [ RunTime:0.001000s ]
INFO: [ app_begin ] --START--
INFO: Run Behavior\ReadHtmlCacheBehavior [ RunTime:0.003000s ]
INFO: [ app_begin ] --END-- [ RunTime:0.003000s ]
ERR: 非法操作:css

[ 2017-05-28T03:39:43+08:00 ] 127.0.0.1 /static/js/hui/jquery.js
INFO: [ app_init ] --START--
INFO: Run Behavior\BuildLiteBehavior [ RunTime:0.000000s ]
INFO: [ app_init ] --END-- [ RunTime:0.004000s ]
INFO: [ app_begin ] --START--
INFO: Run Behavior\ReadHtmlCacheBehavior [ RunTime:0.017001s ]
INFO: [ app_begin ] --END-- [ RunTime:0.017001s ]
ERR: 非法操作:js

[ 2017-05-28T03:39:43+08:00 ] 127.0.0.1 /static/js/hui/bootstrap.min.js
INFO: [ app_init ] --START--
INFO: Run Behavior\BuildLiteBehavior [ RunTime:0.000000s ]
INFO: [ app_init ] --END-- [ RunTime:0.001000s ]
INFO: [ app_begin ] --START--
INFO: Run Behavior\ReadHtmlCacheBehavior [ RunTime:0.001000s ]
INFO: [ app_begin ] --END-- [ RunTime:0.001000s ]
ERR: 非法操作:js

[ 2017-05-28T03:39:44+08:00 ] 127.0.0.1 /static/js/hui/holder.min.js
INFO: [ app_init ] --START--
INFO: Run Behavior\BuildLiteBehavior [ RunTime:0.000000s ]
INFO: [ app_init ] --END-- [ RunTime:0.001000s ]
INFO: [ app_begin ] --START--
INFO: Run Behavior\ReadHtmlCacheBehavior [ RunTime:0.001000s ]
INFO: [ app_begin ] --END-- [ RunTime:0.001000s ]
ERR: 非法操作:js

[ 2017-05-28T03:39:44+08:00 ] 127.0.0.1 /static/js/hui/plugins/validate/jquery.validate.min.js
INFO: [ app_init ] --START--
INFO: Run Behavior\BuildLiteBehavior [ RunTime:0.000000s ]
INFO: [ app_init ] --END-- [ RunTime:0.001000s ]
INFO: [ app_begin ] --START--
INFO: Run Behavior\ReadHtmlCacheBehavior [ RunTime:0.001000s ]
INFO: [ app_begin ] --END-- [ RunTime:0.001000s ]
ERR: 非法操作:js

[ 2017-05-28T03:39:44+08:00 ] 127.0.0.1 /static/js/hui/plugins/layer/layer.min.js
INFO: [ app_init ] --START--
INFO: Run Behavior\BuildLiteBehavior [ RunTime:0.000000s ]
INFO: [ app_init ] --END-- [ RunTime:0.001001s ]
INFO: [ app_begin ] --START--
INFO: Run Behavior\ReadHtmlCacheBehavior [ RunTime:0.001000s ]
INFO: [ app_begin ] --END-- [ RunTime:0.001000s ]
ERR: 非法操作:js

[ 2017-05-28T03:39:44+08:00 ] 127.0.0.1 /static/js/hui/bootstrap.min.js
INFO: [ app_init ] --START--
INFO: Run Behavior\BuildLiteBehavior [ RunTime:0.000000s ]
INFO: [ app_init ] --END-- [ RunTime:0.001000s ]
INFO: [ app_begin ] --START--
INFO: Run Behavior\ReadHtmlCacheBehavior [ RunTime:0.001000s ]
INFO: [ app_begin ] --END-- [ RunTime:0.001000s ]
ERR: 非法操作:js

[ 2017-05-28T03:39:54+08:00 ] 127.0.0.1 /index.php/Teacher/guide.html
INFO: [ app_init ] --START--
INFO: Run Behavior\BuildLiteBehavior [ RunTime:0.000000s ]
INFO: [ app_init ] --END-- [ RunTime:0.005000s ]
INFO: [ app_begin ] --START--
INFO: Run Behavior\ReadHtmlCacheBehavior [ RunTime:0.010000s ]
INFO: [ app_begin ] --END-- [ RunTime:0.010000s ]
SQL: SHOW COLUMNS FROM `xk_teacher` [ RunTime:0.0060s ]
SQL: SELECT * FROM `xk_teacher` WHERE `username` = 'laoshi' LIMIT 1   [ RunTime:0.0010s ]
SQL: SHOW COLUMNS FROM `xk_student` [ RunTime:0.0050s ]
SQL: SELECT COUNT(*) AS tp_count FROM `xk_student` WHERE ( class_id=5 ) LIMIT 1   [ RunTime:0.0010s ]
SQL: SELECT * FROM `xk_student` WHERE ( class_id=5 ) LIMIT 0,8   [ RunTime:0.0010s ]
INFO: [ view_parse ] --START--
INFO: [ template_filter ] --START--
INFO: Run Behavior\ContentReplaceBehavior [ RunTime:0.000000s ]
INFO: [ template_filter ] --END-- [ RunTime:0.000000s ]
NOTIC: [8] Undefined variable: title D:\phpStudy2016\WWW\bj\Runtime\Cache\Home\a31acc266223d4f3db34dc8c8168e1d1.php 第 6 行.
NOTIC: [8] Undefined index: desct D:\phpStudy2016\WWW\bj\Runtime\Cache\Home\a31acc266223d4f3db34dc8c8168e1d1.php 第 217 行.
NOTIC: [8] Undefined index: total D:\phpStudy2016\WWW\bj\Runtime\Cache\Home\a31acc266223d4f3db34dc8c8168e1d1.php 第 220 行.
NOTIC: [8] Undefined index: desct D:\phpStudy2016\WWW\bj\Runtime\Cache\Home\a31acc266223d4f3db34dc8c8168e1d1.php 第 217 行.
NOTIC: [8] Undefined index: total D:\phpStudy2016\WWW\bj\Runtime\Cache\Home\a31acc266223d4f3db34dc8c8168e1d1.php 第 220 行.
NOTIC: [8] Undefined index: desct D:\phpStudy2016\WWW\bj\Runtime\Cache\Home\a31acc266223d4f3db34dc8c8168e1d1.php 第 217 行.
NOTIC: [8] Undefined index: total D:\phpStudy2016\WWW\bj\Runtime\Cache\Home\a31acc266223d4f3db34dc8c8168e1d1.php 第 220 行.
NOTIC: [8] Undefined index: desct D:\phpStudy2016\WWW\bj\Runtime\Cache\Home\a31acc266223d4f3db34dc8c8168e1d1.php 第 217 行.
NOTIC: [8] Undefined index: total D:\phpStudy2016\WWW\bj\Runtime\Cache\Home\a31acc266223d4f3db34dc8c8168e1d1.php 第 220 行.
INFO: Run Behavior\ParseTemplateBehavior [ RunTime:0.040003s ]
INFO: [ view_parse ] --END-- [ RunTime:0.040003s ]
INFO: [ view_filter ] --START--
INFO: Run Behavior\WriteHtmlCacheBehavior [ RunTime:0.030001s ]
INFO: [ view_filter ] --END-- [ RunTime:0.030001s ]
INFO: [ app_end ] --START--
INFO: Run Behavior\ShowPageTraceBehavior [ RunTime:0.007001s ]
INFO: [ app_end ] --END-- [ RunTime:0.007001s ]

[ 2017-05-28T03:39:56+08:00 ] 127.0.0.1 /index.php/Teacher/holder.js/80x80
INFO: [ app_init ] --START--
INFO: Run Behavior\BuildLiteBehavior [ RunTime:0.000000s ]
INFO: [ app_init ] --END-- [ RunTime:0.001000s ]
INFO: [ app_begin ] --START--
INFO: Run Behavior\ReadHtmlCacheBehavior [ RunTime:0.001000s ]
INFO: [ app_begin ] --END-- [ RunTime:0.001000s ]
SQL: SHOW COLUMNS FROM `xk_teacher` [ RunTime:0.0050s ]
SQL: SELECT * FROM `xk_teacher` WHERE `username` = 'laoshi' LIMIT 1   [ RunTime:0.0010s ]
ERR: 非法操作:holder.js

[ 2017-05-28T03:39:57+08:00 ] 127.0.0.1 /Teacher/studentdetail/id/51.html
INFO: [ app_init ] --START--
INFO: Run Behavior\BuildLiteBehavior [ RunTime:0.000000s ]
INFO: [ app_init ] --END-- [ RunTime:0.029002s ]
INFO: [ app_begin ] --START--
INFO: Run Behavior\ReadHtmlCacheBehavior [ RunTime:0.021001s ]
INFO: [ app_begin ] --END-- [ RunTime:0.021001s ]
SQL: SHOW COLUMNS FROM `xk_teacher` [ RunTime:0.0040s ]
SQL: SELECT * FROM `xk_teacher` WHERE `username` = 'laoshi' LIMIT 1   [ RunTime:0.0010s ]
SQL: SHOW COLUMNS FROM `xk_order` [ RunTime:0.0050s ]
SQL: SELECT xk_teacher.realname as terealname,xk_student.realname as strealname,`isreceive`,`coursename`,`is_success`,xk_course.desc as codesc,`createtime` FROM `xk_order` LEFT JOIN xk_student ON xk_student.id=xk_order.student_id LEFT JOIN xk_course ON xk_course.id=xk_order.course_id LEFT JOIN xk_teacher ON xk_teacher.id=xk_course.teacher_id  WHERE ( student_id=51 )  [ RunTime:0.0010s ]
INFO: [ view_parse ] --START--
INFO: [ template_filter ] --START--
INFO: Run Behavior\ContentReplaceBehavior [ RunTime:0.001000s ]
INFO: [ template_filter ] --END-- [ RunTime:0.001000s ]
NOTIC: [8] Undefined variable: title D:\phpStudy2016\WWW\bj\Runtime\Cache\Home\692a8df2291a97717e3ca9f1ddc08f9a.php 第 6 行.
INFO: Run Behavior\ParseTemplateBehavior [ RunTime:0.081005s ]
INFO: [ view_parse ] --END-- [ RunTime:0.081005s ]
INFO: [ view_filter ] --START--
INFO: Run Behavior\WriteHtmlCacheBehavior [ RunTime:0.010000s ]
INFO: [ view_filter ] --END-- [ RunTime:0.010000s ]
INFO: [ app_end ] --START--
INFO: Run Behavior\ShowPageTraceBehavior [ RunTime:0.008001s ]
INFO: [ app_end ] --END-- [ RunTime:0.008001s ]

[ 2017-05-28T03:40:00+08:00 ] 127.0.0.1 /Teacher/studentdetail/id/holder.js/80x80
INFO: [ app_init ] --START--
INFO: Run Behavior\BuildLiteBehavior [ RunTime:0.000000s ]
INFO: [ app_init ] --END-- [ RunTime:0.001000s ]
INFO: [ app_begin ] --START--
INFO: Run Behavior\ReadHtmlCacheBehavior [ RunTime:0.001000s ]
INFO: [ app_begin ] --END-- [ RunTime:0.001000s ]
SQL: SHOW COLUMNS FROM `xk_teacher` [ RunTime:0.0050s ]
SQL: SELECT * FROM `xk_teacher` WHERE `username` = 'laoshi' LIMIT 1   [ RunTime:0.0010s ]
SQL: SHOW COLUMNS FROM `xk_order` [ RunTime:0.0040s ]
ERR: 1054:Unknown column 'holder.js' in 'where clause'
 [ SQL语句 ] : SELECT xk_teacher.realname as terealname,xk_student.realname as strealname,`isreceive`,`coursename`,`is_success`,xk_course.desc as codesc,`createtime` FROM `xk_order` LEFT JOIN xk_student ON xk_student.id=xk_order.student_id LEFT JOIN xk_course ON xk_course.id=xk_order.course_id LEFT JOIN xk_teacher ON xk_teacher.id=xk_course.teacher_id  WHERE ( student_id=holder.js ) 
ERR: 1054:Unknown column 'holder.js' in 'where clause'
 [ SQL语句 ] : SELECT xk_teacher.realname as terealname,xk_student.realname as strealname,`isreceive`,`coursename`,`is_success`,xk_course.desc as codesc,`createtime` FROM `xk_order` LEFT JOIN xk_student ON xk_student.id=xk_order.student_id LEFT JOIN xk_course ON xk_course.id=xk_order.course_id LEFT JOIN xk_teacher ON xk_teacher.id=xk_course.teacher_id  WHERE ( student_id=holder.js ) 

[ 2017-05-28T03:40:06+08:00 ] 127.0.0.1 /index.php/Teacher/holder.js/80x80
INFO: [ app_init ] --START--
INFO: Run Behavior\BuildLiteBehavior [ RunTime:0.001000s ]
INFO: [ app_init ] --END-- [ RunTime:0.002000s ]
INFO: [ app_begin ] --START--
INFO: Run Behavior\ReadHtmlCacheBehavior [ RunTime:0.001000s ]
INFO: [ app_begin ] --END-- [ RunTime:0.001000s ]
SQL: SHOW COLUMNS FROM `xk_teacher` [ RunTime:0.0050s ]
SQL: SELECT * FROM `xk_teacher` WHERE `username` = 'laoshi' LIMIT 1   [ RunTime:0.0000s ]
ERR: 非法操作:holder.js

[ 2017-05-28T03:55:38+08:00 ] 127.0.0.1 /index.php/Teacher/guide.html
INFO: [ app_init ] --START--
INFO: Run Behavior\BuildLiteBehavior [ RunTime:0.000000s ]
INFO: [ app_init ] --END-- [ RunTime:0.096005s ]
INFO: [ app_begin ] --START--
INFO: Run Behavior\ReadHtmlCacheBehavior [ RunTime:0.051003s ]
INFO: [ app_begin ] --END-- [ RunTime:0.051003s ]
SQL: SHOW COLUMNS FROM `xk_teacher` [ RunTime:0.0610s ]
SQL: SELECT * FROM `xk_teacher` WHERE `username` = 'laoshi' LIMIT 1   [ RunTime:0.0280s ]
SQL: SHOW COLUMNS FROM `xk_student` [ RunTime:0.0370s ]
SQL: SELECT COUNT(*) AS tp_count FROM `xk_student` WHERE ( class_id=5 ) LIMIT 1   [ RunTime:0.0010s ]
SQL: SELECT * FROM `xk_student` WHERE ( class_id=5 ) LIMIT 0,8   [ RunTime:0.0340s ]
INFO: [ view_parse ] --START--
INFO: [ template_filter ] --START--
INFO: Run Behavior\ContentReplaceBehavior [ RunTime:0.000000s ]
INFO: [ template_filter ] --END-- [ RunTime:0.000000s ]
NOTIC: [8] Undefined variable: title D:\phpStudy2016\WWW\bj\Runtime\Cache\Home\a31acc266223d4f3db34dc8c8168e1d1.php 第 6 行.
NOTIC: [8] Undefined index: desct D:\phpStudy2016\WWW\bj\Runtime\Cache\Home\a31acc266223d4f3db34dc8c8168e1d1.php 第 217 行.
NOTIC: [8] Undefined index: total D:\phpStudy2016\WWW\bj\Runtime\Cache\Home\a31acc266223d4f3db34dc8c8168e1d1.php 第 220 行.
NOTIC: [8] Undefined index: desct D:\phpStudy2016\WWW\bj\Runtime\Cache\Home\a31acc266223d4f3db34dc8c8168e1d1.php 第 217 行.
NOTIC: [8] Undefined index: total D:\phpStudy2016\WWW\bj\Runtime\Cache\Home\a31acc266223d4f3db34dc8c8168e1d1.php 第 220 行.
NOTIC: [8] Undefined index: desct D:\phpStudy2016\WWW\bj\Runtime\Cache\Home\a31acc266223d4f3db34dc8c8168e1d1.php 第 217 行.
NOTIC: [8] Undefined index: total D:\phpStudy2016\WWW\bj\Runtime\Cache\Home\a31acc266223d4f3db34dc8c8168e1d1.php 第 220 行.
NOTIC: [8] Undefined index: desct D:\phpStudy2016\WWW\bj\Runtime\Cache\Home\a31acc266223d4f3db34dc8c8168e1d1.php 第 217 行.
NOTIC: [8] Undefined index: total D:\phpStudy2016\WWW\bj\Runtime\Cache\Home\a31acc266223d4f3db34dc8c8168e1d1.php 第 220 行.
INFO: Run Behavior\ParseTemplateBehavior [ RunTime:0.179010s ]
INFO: [ view_parse ] --END-- [ RunTime:0.179010s ]
INFO: [ view_filter ] --START--
INFO: Run Behavior\WriteHtmlCacheBehavior [ RunTime:0.032002s ]
INFO: [ view_filter ] --END-- [ RunTime:0.032002s ]
INFO: [ app_end ] --START--
INFO: Run Behavior\ShowPageTraceBehavior [ RunTime:0.006000s ]
INFO: [ app_end ] --END-- [ RunTime:0.007000s ]

[ 2017-05-28T03:55:42+08:00 ] 127.0.0.1 /Teacher/studentdetail/id/51.html
INFO: [ app_init ] --START--
INFO: Run Behavior\BuildLiteBehavior [ RunTime:0.000000s ]
INFO: [ app_init ] --END-- [ RunTime:0.046002s ]
INFO: [ app_begin ] --START--
INFO: Run Behavior\ReadHtmlCacheBehavior [ RunTime:0.005000s ]
INFO: [ app_begin ] --END-- [ RunTime:0.005000s ]
SQL: SHOW COLUMNS FROM `xk_teacher` [ RunTime:0.0060s ]
SQL: SELECT * FROM `xk_teacher` WHERE `username` = 'laoshi' LIMIT 1   [ RunTime:0.0010s ]
SQL: SHOW COLUMNS FROM `xk_order` [ RunTime:0.0340s ]
SQL: SELECT xk_teacher.realname as terealname,xk_student.realname as strealname,`isreceive`,`coursename`,`is_success`,xk_course.desc as codesc,`createtime` FROM `xk_order` LEFT JOIN xk_student ON xk_student.id=xk_order.student_id LEFT JOIN xk_course ON xk_course.id=xk_order.course_id LEFT JOIN xk_teacher ON xk_teacher.id=xk_course.teacher_id  WHERE ( student_id=51 )  [ RunTime:0.0920s ]
INFO: [ view_parse ] --START--
INFO: [ template_filter ] --START--
INFO: Run Behavior\ContentReplaceBehavior [ RunTime:0.001000s ]
INFO: [ template_filter ] --END-- [ RunTime:0.001000s ]
NOTIC: [8] Undefined variable: title D:\phpStudy2016\WWW\bj\Runtime\Cache\Home\692a8df2291a97717e3ca9f1ddc08f9a.php 第 6 行.
INFO: Run Behavior\ParseTemplateBehavior [ RunTime:0.192011s ]
INFO: [ view_parse ] --END-- [ RunTime:0.193011s ]
INFO: [ view_filter ] --START--
INFO: Run Behavior\WriteHtmlCacheBehavior [ RunTime:0.022002s ]
INFO: [ view_filter ] --END-- [ RunTime:0.022002s ]
INFO: [ app_end ] --START--
INFO: Run Behavior\ShowPageTraceBehavior [ RunTime:0.582033s ]
INFO: [ app_end ] --END-- [ RunTime:0.582033s ]

[ 2017-05-28T03:55:44+08:00 ] 127.0.0.1 /Teacher/studentdetail/id/holder.js/80x80
INFO: [ app_init ] --START--
INFO: Run Behavior\BuildLiteBehavior [ RunTime:0.000000s ]
INFO: [ app_init ] --END-- [ RunTime:0.001000s ]
INFO: [ app_begin ] --START--
INFO: Run Behavior\ReadHtmlCacheBehavior [ RunTime:0.030002s ]
INFO: [ app_begin ] --END-- [ RunTime:0.030002s ]
SQL: SHOW COLUMNS FROM `xk_teacher` [ RunTime:0.0050s ]
SQL: SELECT * FROM `xk_teacher` WHERE `username` = 'laoshi' LIMIT 1   [ RunTime:0.0010s ]
SQL: SHOW COLUMNS FROM `xk_order` [ RunTime:0.0060s ]
ERR: 1054:Unknown column 'holder.js' in 'where clause'
 [ SQL语句 ] : SELECT xk_teacher.realname as terealname,xk_student.realname as strealname,`isreceive`,`coursename`,`is_success`,xk_course.desc as codesc,`createtime` FROM `xk_order` LEFT JOIN xk_student ON xk_student.id=xk_order.student_id LEFT JOIN xk_course ON xk_course.id=xk_order.course_id LEFT JOIN xk_teacher ON xk_teacher.id=xk_course.teacher_id  WHERE ( student_id=holder.js ) 
ERR: 1054:Unknown column 'holder.js' in 'where clause'
 [ SQL语句 ] : SELECT xk_teacher.realname as terealname,xk_student.realname as strealname,`isreceive`,`coursename`,`is_success`,xk_course.desc as codesc,`createtime` FROM `xk_order` LEFT JOIN xk_student ON xk_student.id=xk_order.student_id LEFT JOIN xk_course ON xk_course.id=xk_order.course_id LEFT JOIN xk_teacher ON xk_teacher.id=xk_course.teacher_id  WHERE ( student_id=holder.js ) 

[ 2017-05-28T03:55:47+08:00 ] 127.0.0.1 /index.php/Teacher/holder.js/80x80
INFO: [ app_init ] --START--
INFO: Run Behavior\BuildLiteBehavior [ RunTime:0.000000s ]
INFO: [ app_init ] --END-- [ RunTime:0.063004s ]
INFO: [ app_begin ] --START--
INFO: Run Behavior\ReadHtmlCacheBehavior [ RunTime:0.038002s ]
INFO: [ app_begin ] --END-- [ RunTime:0.038002s ]
SQL: SHOW COLUMNS FROM `xk_teacher` [ RunTime:0.0050s ]
SQL: SELECT * FROM `xk_teacher` WHERE `username` = 'laoshi' LIMIT 1   [ RunTime:0.0010s ]
ERR: 非法操作:holder.js

[ 2017-05-28T04:05:21+08:00 ] 127.0.0.1 /static/css/hui/bootstrap.min.css
INFO: [ app_init ] --START--
INFO: Run Behavior\BuildLiteBehavior [ RunTime:0.000000s ]
INFO: [ app_init ] --END-- [ RunTime:0.029002s ]
INFO: [ app_begin ] --START--
INFO: Run Behavior\ReadHtmlCacheBehavior [ RunTime:0.037002s ]
INFO: [ app_begin ] --END-- [ RunTime:0.037002s ]
ERR: 非法操作:css

[ 2017-05-28T04:05:21+08:00 ] 127.0.0.1 /static/js/hui/plugins/layer/layer.min.js
INFO: [ app_init ] --START--
INFO: Run Behavior\BuildLiteBehavior [ RunTime:0.000000s ]
INFO: [ app_init ] --END-- [ RunTime:0.029002s ]
INFO: [ app_begin ] --START--
INFO: Run Behavior\ReadHtmlCacheBehavior [ RunTime:0.036002s ]
INFO: [ app_begin ] --END-- [ RunTime:0.036002s ]
ERR: 非法操作:js

[ 2017-05-28T04:05:21+08:00 ] 127.0.0.1 /static/js/hui/plugins/validate/jquery.validate.min.js
INFO: [ app_init ] --START--
INFO: Run Behavior\BuildLiteBehavior [ RunTime:0.000000s ]
INFO: [ app_init ] --END-- [ RunTime:0.029002s ]
INFO: [ app_begin ] --START--
INFO: Run Behavior\ReadHtmlCacheBehavior [ RunTime:0.037002s ]
INFO: [ app_begin ] --END-- [ RunTime:0.037002s ]
ERR: 非法操作:js

[ 2017-05-28T04:05:21+08:00 ] 127.0.0.1 /static/js/hui/jquery.js
INFO: [ app_init ] --START--
INFO: Run Behavior\BuildLiteBehavior [ RunTime:0.000000s ]
INFO: [ app_init ] --END-- [ RunTime:0.029002s ]
INFO: [ app_begin ] --START--
INFO: Run Behavior\ReadHtmlCacheBehavior [ RunTime:0.038002s ]
INFO: [ app_begin ] --END-- [ RunTime:0.038002s ]
ERR: 非法操作:js

[ 2017-05-28T04:05:21+08:00 ] 127.0.0.1 /static/css/hui/base.css
INFO: [ app_init ] --START--
INFO: Run Behavior\BuildLiteBehavior [ RunTime:0.000000s ]
INFO: [ app_init ] --END-- [ RunTime:0.029002s ]
INFO: [ app_begin ] --START--
INFO: Run Behavior\ReadHtmlCacheBehavior [ RunTime:0.038002s ]
INFO: [ app_begin ] --END-- [ RunTime:0.038002s ]
ERR: 非法操作:css

[ 2017-05-28T04:05:23+08:00 ] 127.0.0.1 /static/js/hui/bootstrap.min.js
INFO: [ app_init ] --START--
INFO: Run Behavior\BuildLiteBehavior [ RunTime:0.000000s ]
INFO: [ app_init ] --END-- [ RunTime:0.027002s ]
INFO: [ app_begin ] --START--
INFO: Run Behavior\ReadHtmlCacheBehavior [ RunTime:0.025001s ]
INFO: [ app_begin ] --END-- [ RunTime:0.025001s ]
ERR: 非法操作:js

[ 2017-05-28T04:05:24+08:00 ] 127.0.0.1 /static/js/hui/holder.min.js
INFO: [ app_init ] --START--
INFO: Run Behavior\BuildLiteBehavior [ RunTime:0.000000s ]
INFO: [ app_init ] --END-- [ RunTime:0.022002s ]
INFO: [ app_begin ] --START--
INFO: Run Behavior\ReadHtmlCacheBehavior [ RunTime:0.012000s ]
INFO: [ app_begin ] --END-- [ RunTime:0.012000s ]
ERR: 非法操作:js

[ 2017-05-28T04:05:25+08:00 ] 127.0.0.1 /static/js/hui/plugins/validate/jquery.validate.min.js
INFO: [ app_init ] --START--
INFO: Run Behavior\BuildLiteBehavior [ RunTime:0.000000s ]
INFO: [ app_init ] --END-- [ RunTime:0.038002s ]
INFO: [ app_begin ] --START--
INFO: Run Behavior\ReadHtmlCacheBehavior [ RunTime:0.047002s ]
INFO: [ app_begin ] --END-- [ RunTime:0.047002s ]
ERR: 非法操作:js

[ 2017-05-28T04:05:27+08:00 ] 127.0.0.1 /static/js/hui/plugins/layer/layer.min.js
INFO: [ app_init ] --START--
INFO: Run Behavior\BuildLiteBehavior [ RunTime:0.000000s ]
INFO: [ app_init ] --END-- [ RunTime:0.071004s ]
INFO: [ app_begin ] --START--
INFO: Run Behavior\ReadHtmlCacheBehavior [ RunTime:0.046002s ]
INFO: [ app_begin ] --END-- [ RunTime:0.047002s ]
ERR: 非法操作:js

[ 2017-05-28T04:05:33+08:00 ] 127.0.0.1 /static/js/hui/bootstrap.min.js
INFO: [ app_init ] --START--
INFO: Run Behavior\BuildLiteBehavior [ RunTime:0.000000s ]
INFO: [ app_init ] --END-- [ RunTime:0.021002s ]
INFO: [ app_begin ] --START--
INFO: Run Behavior\ReadHtmlCacheBehavior [ RunTime:0.034002s ]
INFO: [ app_begin ] --END-- [ RunTime:0.034002s ]
ERR: 非法操作:js

[ 2017-05-28T04:11:20+08:00 ] 127.0.0.1 /Teacher/studentdetail/id/52.html
INFO: [ app_init ] --START--
INFO: Run Behavior\BuildLiteBehavior [ RunTime:0.000000s ]
INFO: [ app_init ] --END-- [ RunTime:0.001000s ]
INFO: [ app_begin ] --START--
INFO: Run Behavior\ReadHtmlCacheBehavior [ RunTime:0.002001s ]
INFO: [ app_begin ] --END-- [ RunTime:0.002001s ]
SQL: SHOW COLUMNS FROM `xk_teacher` [ RunTime:0.0040s ]
SQL: SELECT * FROM `xk_teacher` WHERE `username` = 'laoshi' LIMIT 1   [ RunTime:0.0000s ]
SQL: SHOW COLUMNS FROM `xk_order` [ RunTime:0.0040s ]
SQL: SELECT xk_teacher.realname as terealname,xk_student.realname as strealname,`isreceive`,`coursename`,`is_success`,xk_course.desc as codesc,`createtime` FROM `xk_order` LEFT JOIN xk_student ON xk_student.id=xk_order.student_id LEFT JOIN xk_course ON xk_course.id=xk_order.course_id LEFT JOIN xk_teacher ON xk_teacher.id=xk_course.teacher_id  WHERE ( student_id=52 )  [ RunTime:0.0010s ]
INFO: [ view_parse ] --START--
INFO: [ template_filter ] --START--
INFO: Run Behavior\ContentReplaceBehavior [ RunTime:0.000000s ]
INFO: [ template_filter ] --END-- [ RunTime:0.000000s ]
NOTIC: [8] Undefined variable: title D:\phpStudy2016\WWW\bj\Runtime\Cache\Home\692a8df2291a97717e3ca9f1ddc08f9a.php 第 6 行.
INFO: Run Behavior\ParseTemplateBehavior [ RunTime:0.088005s ]
INFO: [ view_parse ] --END-- [ RunTime:0.088005s ]
INFO: [ view_filter ] --START--
INFO: Run Behavior\WriteHtmlCacheBehavior [ RunTime:0.038002s ]
INFO: [ view_filter ] --END-- [ RunTime:0.038002s ]
INFO: [ app_end ] --START--
INFO: Run Behavior\ShowPageTraceBehavior [ RunTime:0.024002s ]
INFO: [ app_end ] --END-- [ RunTime:0.024002s ]

[ 2017-05-28T04:11:21+08:00 ] 127.0.0.1 /Teacher/studentdetail/id/holder.js/80x80
INFO: [ app_init ] --START--
INFO: Run Behavior\BuildLiteBehavior [ RunTime:0.000000s ]
INFO: [ app_init ] --END-- [ RunTime:0.001000s ]
INFO: [ app_begin ] --START--
INFO: Run Behavior\ReadHtmlCacheBehavior [ RunTime:0.014001s ]
INFO: [ app_begin ] --END-- [ RunTime:0.014001s ]
SQL: SHOW COLUMNS FROM `xk_teacher` [ RunTime:0.0040s ]
SQL: SELECT * FROM `xk_teacher` WHERE `username` = 'laoshi' LIMIT 1   [ RunTime:0.0000s ]
SQL: SHOW COLUMNS FROM `xk_order` [ RunTime:0.0040s ]
ERR: 1054:Unknown column 'holder.js' in 'where clause'
 [ SQL语句 ] : SELECT xk_teacher.realname as terealname,xk_student.realname as strealname,`isreceive`,`coursename`,`is_success`,xk_course.desc as codesc,`createtime` FROM `xk_order` LEFT JOIN xk_student ON xk_student.id=xk_order.student_id LEFT JOIN xk_course ON xk_course.id=xk_order.course_id LEFT JOIN xk_teacher ON xk_teacher.id=xk_course.teacher_id  WHERE ( student_id=holder.js ) 
ERR: 1054:Unknown column 'holder.js' in 'where clause'
 [ SQL语句 ] : SELECT xk_teacher.realname as terealname,xk_student.realname as strealname,`isreceive`,`coursename`,`is_success`,xk_course.desc as codesc,`createtime` FROM `xk_order` LEFT JOIN xk_student ON xk_student.id=xk_order.student_id LEFT JOIN xk_course ON xk_course.id=xk_order.course_id LEFT JOIN xk_teacher ON xk_teacher.id=xk_course.teacher_id  WHERE ( student_id=holder.js ) 

[ 2017-05-28T04:13:10+08:00 ] 127.0.0.1 /index.php/Teacher/holder.js/80x80
INFO: [ app_init ] --START--
INFO: Run Behavior\BuildLiteBehavior [ RunTime:0.000000s ]
INFO: [ app_init ] --END-- [ RunTime:0.000000s ]
INFO: [ app_begin ] --START--
INFO: Run Behavior\ReadHtmlCacheBehavior [ RunTime:0.001000s ]
INFO: [ app_begin ] --END-- [ RunTime:0.001000s ]
SQL: SHOW COLUMNS FROM `xk_teacher` [ RunTime:0.0050s ]
SQL: SELECT * FROM `xk_teacher` WHERE `username` = 'laoshi' LIMIT 1   [ RunTime:0.0010s ]
ERR: 非法操作:holder.js

[ 2017-05-28T04:13:11+08:00 ] 127.0.0.1 /Teacher/studentdetail/id/52.html
INFO: [ app_init ] --START--
INFO: Run Behavior\BuildLiteBehavior [ RunTime:0.000000s ]
INFO: [ app_init ] --END-- [ RunTime:0.001000s ]
INFO: [ app_begin ] --START--
INFO: Run Behavior\ReadHtmlCacheBehavior [ RunTime:0.001000s ]
INFO: [ app_begin ] --END-- [ RunTime:0.001000s ]
SQL: SHOW COLUMNS FROM `xk_teacher` [ RunTime:0.0050s ]
SQL: SELECT * FROM `xk_teacher` WHERE `username` = 'laoshi' LIMIT 1   [ RunTime:0.0010s ]
SQL: SHOW COLUMNS FROM `xk_order` [ RunTime:0.0050s ]
SQL: SELECT xk_teacher.realname as terealname,xk_student.realname as strealname,`isreceive`,`coursename`,`is_success`,xk_course.desc as codesc,`createtime` FROM `xk_order` LEFT JOIN xk_student ON xk_student.id=xk_order.student_id LEFT JOIN xk_course ON xk_course.id=xk_order.course_id LEFT JOIN xk_teacher ON xk_teacher.id=xk_course.teacher_id  WHERE ( student_id=52 )  [ RunTime:0.0010s ]
INFO: [ view_parse ] --START--
INFO: [ template_filter ] --START--
INFO: Run Behavior\ContentReplaceBehavior [ RunTime:0.001000s ]
INFO: [ template_filter ] --END-- [ RunTime:0.001000s ]
NOTIC: [8] Undefined variable: title D:\phpStudy2016\WWW\bj\Runtime\Cache\Home\692a8df2291a97717e3ca9f1ddc08f9a.php 第 6 行.
INFO: Run Behavior\ParseTemplateBehavior [ RunTime:0.165009s ]
INFO: [ view_parse ] --END-- [ RunTime:0.165009s ]
INFO: [ view_filter ] --START--
INFO: Run Behavior\WriteHtmlCacheBehavior [ RunTime:0.024001s ]
INFO: [ view_filter ] --END-- [ RunTime:0.024001s ]
INFO: [ app_end ] --START--
INFO: Run Behavior\ShowPageTraceBehavior [ RunTime:0.007001s ]
INFO: [ app_end ] --END-- [ RunTime:0.008001s ]

[ 2017-05-28T04:13:13+08:00 ] 127.0.0.1 /Teacher/studentdetail/id/holder.js/80x80
INFO: [ app_init ] --START--
INFO: Run Behavior\BuildLiteBehavior [ RunTime:0.000000s ]
INFO: [ app_init ] --END-- [ RunTime:0.001000s ]
INFO: [ app_begin ] --START--
INFO: Run Behavior\ReadHtmlCacheBehavior [ RunTime:0.001000s ]
INFO: [ app_begin ] --END-- [ RunTime:0.001000s ]
SQL: SHOW COLUMNS FROM `xk_teacher` [ RunTime:0.0050s ]
SQL: SELECT * FROM `xk_teacher` WHERE `username` = 'laoshi' LIMIT 1   [ RunTime:0.0010s ]
SQL: SHOW COLUMNS FROM `xk_order` [ RunTime:0.0050s ]
ERR: 1054:Unknown column 'holder.js' in 'where clause'
 [ SQL语句 ] : SELECT xk_teacher.realname as terealname,xk_student.realname as strealname,`isreceive`,`coursename`,`is_success`,xk_course.desc as codesc,`createtime` FROM `xk_order` LEFT JOIN xk_student ON xk_student.id=xk_order.student_id LEFT JOIN xk_course ON xk_course.id=xk_order.course_id LEFT JOIN xk_teacher ON xk_teacher.id=xk_course.teacher_id  WHERE ( student_id=holder.js ) 
ERR: 1054:Unknown column 'holder.js' in 'where clause'
 [ SQL语句 ] : SELECT xk_teacher.realname as terealname,xk_student.realname as strealname,`isreceive`,`coursename`,`is_success`,xk_course.desc as codesc,`createtime` FROM `xk_order` LEFT JOIN xk_student ON xk_student.id=xk_order.student_id LEFT JOIN xk_course ON xk_course.id=xk_order.course_id LEFT JOIN xk_teacher ON xk_teacher.id=xk_course.teacher_id  WHERE ( student_id=holder.js ) 

[ 2017-05-28T04:13:16+08:00 ] 127.0.0.1 /index.php/Teacher/holder.js/80x80
INFO: [ app_init ] --START--
INFO: Run Behavior\BuildLiteBehavior [ RunTime:0.000000s ]
INFO: [ app_init ] --END-- [ RunTime:0.001000s ]
INFO: [ app_begin ] --START--
INFO: Run Behavior\ReadHtmlCacheBehavior [ RunTime:0.001000s ]
INFO: [ app_begin ] --END-- [ RunTime:0.001000s ]
SQL: SHOW COLUMNS FROM `xk_teacher` [ RunTime:0.0050s ]
SQL: SELECT * FROM `xk_teacher` WHERE `username` = 'laoshi' LIMIT 1   [ RunTime:0.0010s ]
ERR: 非法操作:holder.js

[ 2017-05-28T04:13:17+08:00 ] 127.0.0.1 /Teacher/studentdetail/id/53.html
INFO: [ app_init ] --START--
INFO: Run Behavior\BuildLiteBehavior [ RunTime:0.000000s ]
INFO: [ app_init ] --END-- [ RunTime:0.005000s ]
INFO: [ app_begin ] --START--
INFO: Run Behavior\ReadHtmlCacheBehavior [ RunTime:0.001000s ]
INFO: [ app_begin ] --END-- [ RunTime:0.001000s ]
SQL: SHOW COLUMNS FROM `xk_teacher` [ RunTime:0.0050s ]
SQL: SELECT * FROM `xk_teacher` WHERE `username` = 'laoshi' LIMIT 1   [ RunTime:0.0020s ]
SQL: SHOW COLUMNS FROM `xk_order` [ RunTime:0.0070s ]
SQL: SELECT xk_teacher.realname as terealname,xk_student.realname as strealname,`isreceive`,`coursename`,`is_success`,xk_course.desc as codesc,`createtime` FROM `xk_order` LEFT JOIN xk_student ON xk_student.id=xk_order.student_id LEFT JOIN xk_course ON xk_course.id=xk_order.course_id LEFT JOIN xk_teacher ON xk_teacher.id=xk_course.teacher_id  WHERE ( student_id=53 )  [ RunTime:0.0020s ]
INFO: [ view_parse ] --START--
INFO: [ template_filter ] --START--
INFO: Run Behavior\ContentReplaceBehavior [ RunTime:0.000000s ]
INFO: [ template_filter ] --END-- [ RunTime:0.000000s ]
NOTIC: [8] Undefined variable: title D:\phpStudy2016\WWW\bj\Runtime\Cache\Home\692a8df2291a97717e3ca9f1ddc08f9a.php 第 6 行.
INFO: Run Behavior\ParseTemplateBehavior [ RunTime:0.103006s ]
INFO: [ view_parse ] --END-- [ RunTime:0.103006s ]
INFO: [ view_filter ] --START--
INFO: Run Behavior\WriteHtmlCacheBehavior [ RunTime:0.013001s ]
INFO: [ view_filter ] --END-- [ RunTime:0.014001s ]
INFO: [ app_end ] --START--
INFO: Run Behavior\ShowPageTraceBehavior [ RunTime:0.007000s ]
INFO: [ app_end ] --END-- [ RunTime:0.007000s ]

[ 2017-05-28T04:13:19+08:00 ] 127.0.0.1 /Teacher/studentdetail/id/holder.js/80x80
INFO: [ app_init ] --START--
INFO: Run Behavior\BuildLiteBehavior [ RunTime:0.000000s ]
INFO: [ app_init ] --END-- [ RunTime:0.000000s ]
INFO: [ app_begin ] --START--
INFO: Run Behavior\ReadHtmlCacheBehavior [ RunTime:0.017001s ]
INFO: [ app_begin ] --END-- [ RunTime:0.017001s ]
SQL: SHOW COLUMNS FROM `xk_teacher` [ RunTime:0.0060s ]
SQL: SELECT * FROM `xk_teacher` WHERE `username` = 'laoshi' LIMIT 1   [ RunTime:0.0010s ]
SQL: SHOW COLUMNS FROM `xk_order` [ RunTime:0.0040s ]
ERR: 1054:Unknown column 'holder.js' in 'where clause'
 [ SQL语句 ] : SELECT xk_teacher.realname as terealname,xk_student.realname as strealname,`isreceive`,`coursename`,`is_success`,xk_course.desc as codesc,`createtime` FROM `xk_order` LEFT JOIN xk_student ON xk_student.id=xk_order.student_id LEFT JOIN xk_course ON xk_course.id=xk_order.course_id LEFT JOIN xk_teacher ON xk_teacher.id=xk_course.teacher_id  WHERE ( student_id=holder.js ) 
ERR: 1054:Unknown column 'holder.js' in 'where clause'
 [ SQL语句 ] : SELECT xk_teacher.realname as terealname,xk_student.realname as strealname,`isreceive`,`coursename`,`is_success`,xk_course.desc as codesc,`createtime` FROM `xk_order` LEFT JOIN xk_student ON xk_student.id=xk_order.student_id LEFT JOIN xk_course ON xk_course.id=xk_order.course_id LEFT JOIN xk_teacher ON xk_teacher.id=xk_course.teacher_id  WHERE ( student_id=holder.js ) 

[ 2017-05-28T04:27:07+08:00 ] 127.0.0.1 /Teacher/info.html
INFO: [ app_init ] --START--
INFO: Run Behavior\BuildLiteBehavior [ RunTime:0.000000s ]
INFO: [ app_init ] --END-- [ RunTime:0.000000s ]
INFO: [ app_begin ] --START--
INFO: Run Behavior\ReadHtmlCacheBehavior [ RunTime:0.001000s ]
INFO: [ app_begin ] --END-- [ RunTime:0.001000s ]
SQL: SHOW COLUMNS FROM `xk_teacher` [ RunTime:0.0050s ]
SQL: SELECT * FROM `xk_teacher` WHERE `username` = 'laoshi' LIMIT 1   [ RunTime:0.0010s ]
SQL: SHOW COLUMNS FROM `xk_course` [ RunTime:0.0040s ]
NOTIC: [8] Undefined variable: counts D:\phpStudy2016\WWW\bj\App\Home\Controller\TeacherController.class.php 第 64 行.
SQL: SELECT xk_student.realname as stuname,xk_teacher.realname as tename,xk_course.coursename as coname,xk_order.id as oid,`is_success`,`isreceive`,`iscomplete`,xk_student.studentid as stid,xk_order.course_id as cid FROM `xk_course` RIGHT JOIN xk_order ON xk_order.course_id=xk_course.id LEFT JOIN xk_student ON xk_order.student_id=xk_student.id LEFT JOIN xk_teacher ON xk_course.teacher_id=xk_teacher.id  WHERE `teacher_id` = '9' ORDER BY xk_course.coursename  [ RunTime:0.5710s ]
INFO: [ view_parse ] --START--
INFO: [ template_filter ] --START--
INFO: Run Behavior\ContentReplaceBehavior [ RunTime:0.000000s ]
INFO: [ template_filter ] --END-- [ RunTime:0.000000s ]
NOTIC: [8] Undefined variable: title D:\phpStudy2016\WWW\bj\Runtime\Cache\Home\1d12aafeaa313ecc3edc32c21dd38e15.php 第 6 行.
NOTIC: [8] Undefined variable: show D:\phpStudy2016\WWW\bj\Runtime\Cache\Home\1d12aafeaa313ecc3edc32c21dd38e15.php 第 260 行.
INFO: Run Behavior\ParseTemplateBehavior [ RunTime:0.217012s ]
INFO: [ view_parse ] --END-- [ RunTime:0.217012s ]
INFO: [ view_filter ] --START--
INFO: Run Behavior\WriteHtmlCacheBehavior [ RunTime:0.031002s ]
INFO: [ view_filter ] --END-- [ RunTime:0.031002s ]
INFO: [ app_end ] --START--
INFO: Run Behavior\ShowPageTraceBehavior [ RunTime:0.001000s ]
INFO: [ app_end ] --END-- [ RunTime:0.001000s ]

[ 2017-05-28T04:27:09+08:00 ] 127.0.0.1 /Teacher/holder.js/80x80
INFO: [ app_init ] --START--
INFO: Run Behavior\BuildLiteBehavior [ RunTime:0.000000s ]
INFO: [ app_init ] --END-- [ RunTime:0.000000s ]
INFO: [ app_begin ] --START--
INFO: Run Behavior\ReadHtmlCacheBehavior [ RunTime:0.001000s ]
INFO: [ app_begin ] --END-- [ RunTime:0.001000s ]
SQL: SHOW COLUMNS FROM `xk_teacher` [ RunTime:0.2150s ]
SQL: SELECT * FROM `xk_teacher` WHERE `username` = 'laoshi' LIMIT 1   [ RunTime:0.0000s ]
ERR: 非法操作:holder.js

[ 2017-05-28T04:31:06+08:00 ] 127.0.0.1 /Teacher/classes.html
INFO: [ app_init ] --START--
INFO: Run Behavior\BuildLiteBehavior [ RunTime:0.000000s ]
INFO: [ app_init ] --END-- [ RunTime:0.001000s ]
INFO: [ app_begin ] --START--
INFO: Run Behavior\ReadHtmlCacheBehavior [ RunTime:0.000000s ]
INFO: [ app_begin ] --END-- [ RunTime:0.001000s ]
SQL: SHOW COLUMNS FROM `xk_teacher` [ RunTime:0.0200s ]
SQL: SELECT * FROM `xk_teacher` WHERE `username` = 'laoshi' LIMIT 1   [ RunTime:0.0010s ]
SQL: SHOW COLUMNS FROM `xk_order` [ RunTime:0.0040s ]
SQL: SELECT COUNT(*) AS tp_count FROM `xk_order` WHERE xk_order.class_id = '5' AND `is_success` = 1 LIMIT 1   [ RunTime:0.0010s ]
SQL: SELECT xk_student.realname as stuname,xk_teacher.realname as tename,xk_course.coursename as coname,xk_student.studentid as stid,xk_teacher.id as teid FROM `xk_order` LEFT JOIN xk_student ON xk_order.student_id=xk_student.id LEFT JOIN xk_course ON xk_order.course_id=xk_course.id LEFT JOIN xk_teacher ON xk_course.teacher_id=xk_teacher.id  WHERE xk_order.class_id = '5' AND `is_success` = 1 LIMIT 0,10   [ RunTime:0.0360s ]
INFO: [ view_parse ] --START--
INFO: [ template_filter ] --START--
INFO: Run Behavior\ContentReplaceBehavior [ RunTime:0.001000s ]
INFO: [ template_filter ] --END-- [ RunTime:0.001000s ]
NOTIC: [8] Undefined variable: title D:\phpStudy2016\WWW\bj\Runtime\Cache\Home\ef871cd8a8ba440f14f5c956f2a2ab3f.php 第 6 行.
INFO: Run Behavior\ParseTemplateBehavior [ RunTime:0.014001s ]
INFO: [ view_parse ] --END-- [ RunTime:0.014001s ]
INFO: [ view_filter ] --START--
INFO: Run Behavior\WriteHtmlCacheBehavior [ RunTime:0.000000s ]
INFO: [ view_filter ] --END-- [ RunTime:0.000000s ]
INFO: [ app_end ] --START--
INFO: Run Behavior\ShowPageTraceBehavior [ RunTime:0.001000s ]
INFO: [ app_end ] --END-- [ RunTime:0.001000s ]

[ 2017-05-28T04:31:07+08:00 ] 127.0.0.1 /Teacher/holder.js/80x80
INFO: [ app_init ] --START--
INFO: Run Behavior\BuildLiteBehavior [ RunTime:0.000000s ]
INFO: [ app_init ] --END-- [ RunTime:0.001000s ]
INFO: [ app_begin ] --START--
INFO: Run Behavior\ReadHtmlCacheBehavior [ RunTime:0.001000s ]
INFO: [ app_begin ] --END-- [ RunTime:0.001000s ]
SQL: SHOW COLUMNS FROM `xk_teacher` [ RunTime:0.0050s ]
SQL: SELECT * FROM `xk_teacher` WHERE `username` = 'laoshi' LIMIT 1   [ RunTime:0.0000s ]
ERR: 非法操作:holder.js

[ 2017-05-28T04:31:23+08:00 ] 127.0.0.1 /Teacher/info.html
INFO: [ app_init ] --START--
INFO: Run Behavior\BuildLiteBehavior [ RunTime:0.000000s ]
INFO: [ app_init ] --END-- [ RunTime:0.000000s ]
INFO: [ app_begin ] --START--
INFO: Run Behavior\ReadHtmlCacheBehavior [ RunTime:0.001000s ]
INFO: [ app_begin ] --END-- [ RunTime:0.001000s ]
SQL: SHOW COLUMNS FROM `xk_teacher` [ RunTime:0.0040s ]
SQL: SELECT * FROM `xk_teacher` WHERE `username` = 'laoshi' LIMIT 1   [ RunTime:0.0010s ]
SQL: SHOW COLUMNS FROM `xk_course` [ RunTime:0.0040s ]
NOTIC: [8] Undefined variable: counts D:\phpStudy2016\WWW\bj\App\Home\Controller\TeacherController.class.php 第 64 行.
SQL: SELECT xk_student.realname as stuname,xk_teacher.realname as tename,xk_course.coursename as coname,xk_order.id as oid,`is_success`,`isreceive`,`iscomplete`,xk_student.studentid as stid,xk_order.course_id as cid FROM `xk_course` RIGHT JOIN xk_order ON xk_order.course_id=xk_course.id LEFT JOIN xk_student ON xk_order.student_id=xk_student.id LEFT JOIN xk_teacher ON xk_course.teacher_id=xk_teacher.id  WHERE `teacher_id` = '9' ORDER BY xk_course.coursename  [ RunTime:0.0330s ]
INFO: [ view_parse ] --START--
INFO: [ template_filter ] --START--
INFO: Run Behavior\ContentReplaceBehavior [ RunTime:0.000000s ]
INFO: [ template_filter ] --END-- [ RunTime:0.000000s ]
NOTIC: [8] Undefined variable: title D:\phpStudy2016\WWW\bj\Runtime\Cache\Home\1d12aafeaa313ecc3edc32c21dd38e15.php 第 6 行.
NOTIC: [8] Undefined variable: show D:\phpStudy2016\WWW\bj\Runtime\Cache\Home\1d12aafeaa313ecc3edc32c21dd38e15.php 第 260 行.
INFO: Run Behavior\ParseTemplateBehavior [ RunTime:0.032001s ]
INFO: [ view_parse ] --END-- [ RunTime:0.032001s ]
INFO: [ view_filter ] --START--
INFO: Run Behavior\WriteHtmlCacheBehavior [ RunTime:0.001000s ]
INFO: [ view_filter ] --END-- [ RunTime:0.001000s ]
INFO: [ app_end ] --START--
INFO: Run Behavior\ShowPageTraceBehavior [ RunTime:0.001000s ]
INFO: [ app_end ] --END-- [ RunTime:0.001000s ]

[ 2017-05-28T04:31:24+08:00 ] 127.0.0.1 /Teacher/holder.js/80x80
INFO: [ app_init ] --START--
INFO: Run Behavior\BuildLiteBehavior [ RunTime:0.000000s ]
INFO: [ app_init ] --END-- [ RunTime:0.001000s ]
INFO: [ app_begin ] --START--
INFO: Run Behavior\ReadHtmlCacheBehavior [ RunTime:0.001000s ]
INFO: [ app_begin ] --END-- [ RunTime:0.001000s ]
SQL: SHOW COLUMNS FROM `xk_teacher` [ RunTime:0.0050s ]
SQL: SELECT * FROM `xk_teacher` WHERE `username` = 'laoshi' LIMIT 1   [ RunTime:0.0000s ]
ERR: 非法操作:holder.js

[ 2017-05-28T04:31:26+08:00 ] 127.0.0.1 /Teacher/classes.html
INFO: [ app_init ] --START--
INFO: Run Behavior\BuildLiteBehavior [ RunTime:0.000000s ]
INFO: [ app_init ] --END-- [ RunTime:0.000000s ]
INFO: [ app_begin ] --START--
INFO: Run Behavior\ReadHtmlCacheBehavior [ RunTime:0.001000s ]
INFO: [ app_begin ] --END-- [ RunTime:0.001000s ]
SQL: SHOW COLUMNS FROM `xk_teacher` [ RunTime:0.0060s ]
SQL: SELECT * FROM `xk_teacher` WHERE `username` = 'laoshi' LIMIT 1   [ RunTime:0.0010s ]
SQL: SHOW COLUMNS FROM `xk_order` [ RunTime:0.0050s ]
SQL: SELECT COUNT(*) AS tp_count FROM `xk_order` WHERE xk_order.class_id = '5' AND `is_success` = 1 LIMIT 1   [ RunTime:0.0010s ]
SQL: SELECT xk_student.realname as stuname,xk_teacher.realname as tename,xk_course.coursename as coname,xk_student.studentid as stid,xk_teacher.id as teid FROM `xk_order` LEFT JOIN xk_student ON xk_order.student_id=xk_student.id LEFT JOIN xk_course ON xk_order.course_id=xk_course.id LEFT JOIN xk_teacher ON xk_course.teacher_id=xk_teacher.id  WHERE xk_order.class_id = '5' AND `is_success` = 1 LIMIT 0,10   [ RunTime:0.0010s ]
INFO: [ view_parse ] --START--
INFO: [ template_filter ] --START--
INFO: Run Behavior\ContentReplaceBehavior [ RunTime:0.000000s ]
INFO: [ template_filter ] --END-- [ RunTime:0.001000s ]
NOTIC: [8] Undefined variable: title D:\phpStudy2016\WWW\bj\Runtime\Cache\Home\ef871cd8a8ba440f14f5c956f2a2ab3f.php 第 6 行.
INFO: Run Behavior\ParseTemplateBehavior [ RunTime:0.013001s ]
INFO: [ view_parse ] --END-- [ RunTime:0.013001s ]
INFO: [ view_filter ] --START--
INFO: Run Behavior\WriteHtmlCacheBehavior [ RunTime:0.001000s ]
INFO: [ view_filter ] --END-- [ RunTime:0.001000s ]
INFO: [ app_end ] --START--
INFO: Run Behavior\ShowPageTraceBehavior [ RunTime:0.001000s ]
INFO: [ app_end ] --END-- [ RunTime:0.001000s ]

[ 2017-05-28T04:31:27+08:00 ] 127.0.0.1 /Teacher/holder.js/80x80
INFO: [ app_init ] --START--
INFO: Run Behavior\BuildLiteBehavior [ RunTime:0.000000s ]
INFO: [ app_init ] --END-- [ RunTime:0.000000s ]
INFO: [ app_begin ] --START--
INFO: Run Behavior\ReadHtmlCacheBehavior [ RunTime:0.001000s ]
INFO: [ app_begin ] --END-- [ RunTime:0.001000s ]
SQL: SHOW COLUMNS FROM `xk_teacher` [ RunTime:0.0060s ]
SQL: SELECT * FROM `xk_teacher` WHERE `username` = 'laoshi' LIMIT 1   [ RunTime:0.0020s ]
ERR: 非法操作:holder.js

[ 2017-05-28T04:32:00+08:00 ] 127.0.0.1 /Teacher/info.html
INFO: [ app_init ] --START--
INFO: Run Behavior\BuildLiteBehavior [ RunTime:0.000000s ]
INFO: [ app_init ] --END-- [ RunTime:0.001000s ]
INFO: [ app_begin ] --START--
INFO: Run Behavior\ReadHtmlCacheBehavior [ RunTime:0.000000s ]
INFO: [ app_begin ] --END-- [ RunTime:0.000000s ]
SQL: SHOW COLUMNS FROM `xk_teacher` [ RunTime:0.0200s ]
SQL: SELECT * FROM `xk_teacher` WHERE `username` = 'laoshi' LIMIT 1   [ RunTime:0.0010s ]
SQL: SHOW COLUMNS FROM `xk_course` [ RunTime:0.0050s ]
NOTIC: [8] Undefined variable: counts D:\phpStudy2016\WWW\bj\App\Home\Controller\TeacherController.class.php 第 64 行.
SQL: SELECT xk_student.realname as stuname,xk_teacher.realname as tename,xk_course.coursename as coname,xk_order.id as oid,`is_success`,`isreceive`,`iscomplete`,xk_student.studentid as stid,xk_order.course_id as cid FROM `xk_course` RIGHT JOIN xk_order ON xk_order.course_id=xk_course.id LEFT JOIN xk_student ON xk_order.student_id=xk_student.id LEFT JOIN xk_teacher ON xk_course.teacher_id=xk_teacher.id  WHERE `teacher_id` = '9' ORDER BY xk_course.coursename  [ RunTime:0.0030s ]
INFO: [ view_parse ] --START--
INFO: [ template_filter ] --START--
INFO: Run Behavior\ContentReplaceBehavior [ RunTime:0.001000s ]
INFO: [ template_filter ] --END-- [ RunTime:0.001000s ]
NOTIC: [8] Undefined variable: title D:\phpStudy2016\WWW\bj\Runtime\Cache\Home\1d12aafeaa313ecc3edc32c21dd38e15.php 第 6 行.
NOTIC: [8] Undefined variable: show D:\phpStudy2016\WWW\bj\Runtime\Cache\Home\1d12aafeaa313ecc3edc32c21dd38e15.php 第 260 行.
INFO: Run Behavior\ParseTemplateBehavior [ RunTime:0.022002s ]
INFO: [ view_parse ] --END-- [ RunTime:0.022002s ]
INFO: [ view_filter ] --START--
INFO: Run Behavior\WriteHtmlCacheBehavior [ RunTime:0.000000s ]
INFO: [ view_filter ] --END-- [ RunTime:0.000000s ]
INFO: [ app_end ] --START--
INFO: Run Behavior\ShowPageTraceBehavior [ RunTime:0.001000s ]
INFO: [ app_end ] --END-- [ RunTime:0.001000s ]

[ 2017-05-28T04:32:02+08:00 ] 127.0.0.1 /Teacher/holder.js/80x80
INFO: [ app_init ] --START--
INFO: Run Behavior\BuildLiteBehavior [ RunTime:0.000000s ]
INFO: [ app_init ] --END-- [ RunTime:0.000000s ]
INFO: [ app_begin ] --START--
INFO: Run Behavior\ReadHtmlCacheBehavior [ RunTime:0.001000s ]
INFO: [ app_begin ] --END-- [ RunTime:0.001000s ]
SQL: SHOW COLUMNS FROM `xk_teacher` [ RunTime:0.0050s ]
SQL: SELECT * FROM `xk_teacher` WHERE `username` = 'laoshi' LIMIT 1   [ RunTime:0.0020s ]
ERR: 非法操作:holder.js

[ 2017-05-28T05:14:05+08:00 ] 127.0.0.1 /Teacher/info.html
INFO: [ app_init ] --START--
INFO: Run Behavior\BuildLiteBehavior [ RunTime:0.000000s ]
INFO: [ app_init ] --END-- [ RunTime:0.001000s ]
INFO: [ app_begin ] --START--
INFO: Run Behavior\ReadHtmlCacheBehavior [ RunTime:0.001000s ]
INFO: [ app_begin ] --END-- [ RunTime:0.001000s ]
SQL: SHOW COLUMNS FROM `xk_teacher` [ RunTime:0.0060s ]
SQL: SELECT * FROM `xk_teacher` WHERE `username` = 'laoshi' LIMIT 1   [ RunTime:0.0010s ]
SQL: SHOW COLUMNS FROM `xk_course` [ RunTime:0.0050s ]
NOTIC: [8] Undefined variable: counts D:\phpStudy2016\WWW\bj\App\Home\Controller\TeacherController.class.php 第 64 行.
SQL: SELECT xk_student.realname as stuname,xk_teacher.realname as tename,xk_course.coursename as coname,xk_order.id as oid,`is_success`,`isreceive`,`iscomplete`,xk_student.studentid as stid,xk_order.course_id as cid FROM `xk_course` RIGHT JOIN xk_order ON xk_order.course_id=xk_course.id LEFT JOIN xk_student ON xk_order.student_id=xk_student.id LEFT JOIN xk_teacher ON xk_course.teacher_id=xk_teacher.id  WHERE `teacher_id` = '9' ORDER BY xk_course.coursename  [ RunTime:0.0020s ]
INFO: [ view_parse ] --START--
INFO: [ template_filter ] --START--
INFO: Run Behavior\ContentReplaceBehavior [ RunTime:0.001000s ]
INFO: [ template_filter ] --END-- [ RunTime:0.001000s ]
NOTIC: [8] Undefined variable: title D:\phpStudy2016\WWW\bj\Runtime\Cache\Home\1d12aafeaa313ecc3edc32c21dd38e15.php 第 6 行.
NOTIC: [8] Undefined variable: show D:\phpStudy2016\WWW\bj\Runtime\Cache\Home\1d12aafeaa313ecc3edc32c21dd38e15.php 第 260 行.
INFO: Run Behavior\ParseTemplateBehavior [ RunTime:0.016001s ]
INFO: [ view_parse ] --END-- [ RunTime:0.016001s ]
INFO: [ view_filter ] --START--
INFO: Run Behavior\WriteHtmlCacheBehavior [ RunTime:0.000000s ]
INFO: [ view_filter ] --END-- [ RunTime:0.000000s ]
INFO: [ app_end ] --START--
INFO: Run Behavior\ShowPageTraceBehavior [ RunTime:0.001000s ]
INFO: [ app_end ] --END-- [ RunTime:0.001000s ]

[ 2017-05-28T05:14:07+08:00 ] 127.0.0.1 /Teacher/holder.js/80x80
INFO: [ app_init ] --START--
INFO: Run Behavior\BuildLiteBehavior [ RunTime:0.000000s ]
INFO: [ app_init ] --END-- [ RunTime:0.001000s ]
INFO: [ app_begin ] --START--
INFO: Run Behavior\ReadHtmlCacheBehavior [ RunTime:0.001000s ]
INFO: [ app_begin ] --END-- [ RunTime:0.001000s ]
SQL: SHOW COLUMNS FROM `xk_teacher` [ RunTime:0.0050s ]
SQL: SELECT * FROM `xk_teacher` WHERE `username` = 'laoshi' LIMIT 1   [ RunTime:0.0010s ]
ERR: 非法操作:holder.js

[ 2017-05-28T05:35:42+08:00 ] 127.0.0.1 /Teacher/info.html
INFO: [ app_init ] --START--
INFO: Run Behavior\BuildLiteBehavior [ RunTime:0.000000s ]
INFO: [ app_init ] --END-- [ RunTime:0.001000s ]
INFO: [ app_begin ] --START--
INFO: Run Behavior\ReadHtmlCacheBehavior [ RunTime:0.001000s ]
INFO: [ app_begin ] --END-- [ RunTime:0.001000s ]
SQL: SHOW COLUMNS FROM `xk_teacher` [ RunTime:0.0070s ]
SQL: SELECT * FROM `xk_teacher` WHERE `username` = 'laoshi' LIMIT 1   [ RunTime:0.0010s ]
SQL: SHOW COLUMNS FROM `xk_course` [ RunTime:0.0050s ]
NOTIC: [8] Undefined variable: counts D:\phpStudy2016\WWW\bj\App\Home\Controller\TeacherController.class.php 第 64 行.
SQL: SELECT xk_student.realname as stuname,xk_teacher.realname as tename,xk_course.coursename as coname,xk_order.id as oid,`is_success`,`isreceive`,`iscomplete`,xk_student.studentid as stid,xk_order.course_id as cid FROM `xk_course` RIGHT JOIN xk_order ON xk_order.course_id=xk_course.id LEFT JOIN xk_student ON xk_order.student_id=xk_student.id LEFT JOIN xk_teacher ON xk_course.teacher_id=xk_teacher.id  WHERE `teacher_id` = '9' ORDER BY xk_course.coursename  [ RunTime:0.0010s ]
INFO: [ view_parse ] --START--
INFO: [ template_filter ] --START--
INFO: Run Behavior\ContentReplaceBehavior [ RunTime:0.000000s ]
INFO: [ template_filter ] --END-- [ RunTime:0.000000s ]
NOTIC: [8] Undefined variable: title D:\phpStudy2016\WWW\bj\Runtime\Cache\Home\1d12aafeaa313ecc3edc32c21dd38e15.php 第 6 行.
NOTIC: [8] Undefined variable: show D:\phpStudy2016\WWW\bj\Runtime\Cache\Home\1d12aafeaa313ecc3edc32c21dd38e15.php 第 260 行.
INFO: Run Behavior\ParseTemplateBehavior [ RunTime:0.014001s ]
INFO: [ view_parse ] --END-- [ RunTime:0.015001s ]
INFO: [ view_filter ] --START--
INFO: Run Behavior\WriteHtmlCacheBehavior [ RunTime:0.000000s ]
INFO: [ view_filter ] --END-- [ RunTime:0.000000s ]
INFO: [ app_end ] --START--
INFO: Run Behavior\ShowPageTraceBehavior [ RunTime:0.000000s ]
INFO: [ app_end ] --END-- [ RunTime:0.001000s ]

[ 2017-05-28T05:35:43+08:00 ] 127.0.0.1 /Teacher/holder.js/80x80
INFO: [ app_init ] --START--
INFO: Run Behavior\BuildLiteBehavior [ RunTime:0.000000s ]
INFO: [ app_init ] --END-- [ RunTime:0.000000s ]
INFO: [ app_begin ] --START--
INFO: Run Behavior\ReadHtmlCacheBehavior [ RunTime:0.001000s ]
INFO: [ app_begin ] --END-- [ RunTime:0.001000s ]
SQL: SHOW COLUMNS FROM `xk_teacher` [ RunTime:0.0050s ]
SQL: SELECT * FROM `xk_teacher` WHERE `username` = 'laoshi' LIMIT 1   [ RunTime:0.0010s ]
ERR: 非法操作:holder.js

[ 2017-05-28T05:35:56+08:00 ] 127.0.0.1 /static/css/bootstrap.min.css.map
INFO: [ app_init ] --START--
INFO: Run Behavior\BuildLiteBehavior [ RunTime:0.000000s ]
INFO: [ app_init ] --END-- [ RunTime:0.001000s ]
INFO: [ app_begin ] --START--
INFO: Run Behavior\ReadHtmlCacheBehavior [ RunTime:0.001000s ]
INFO: [ app_begin ] --END-- [ RunTime:0.001000s ]
ERR: 非法操作:css

[ 2017-05-28T05:36:00+08:00 ] 127.0.0.1 /Teacher/refuse
INFO: [ app_init ] --START--
INFO: Run Behavior\BuildLiteBehavior [ RunTime:0.000000s ]
INFO: [ app_init ] --END-- [ RunTime:0.000000s ]
INFO: [ app_begin ] --START--
INFO: Run Behavior\ReadHtmlCacheBehavior [ RunTime:0.000000s ]
INFO: [ app_begin ] --END-- [ RunTime:0.000000s ]
SQL: SHOW COLUMNS FROM `xk_teacher` [ RunTime:0.0060s ]
SQL: SELECT * FROM `xk_teacher` WHERE `username` = 'laoshi' LIMIT 1   [ RunTime:0.0010s ]
SQL: SHOW COLUMNS FROM `xk_order` [ RunTime:0.0060s ]
SQL: UPDATE `xk_order` SET `is_success`='0',`isreceive`='1' WHERE ( id=63 ) [ RunTime:0.0580s ]
NOTIC: [2] Missing argument 3 for toJson(), called in D:\phpStudy2016\WWW\bj\App\Home\Controller\TeacherController.class.php on line 208 and defined D:\phpStudy2016\WWW\bj\App\Home\Common\function.php 第 41 行.
NOTIC: [8] Undefined variable: data D:\phpStudy2016\WWW\bj\App\Home\Common\function.php 第 43 行.

[ 2017-05-28T05:36:03+08:00 ] 127.0.0.1 /Teacher/info.html
INFO: [ app_init ] --START--
INFO: Run Behavior\BuildLiteBehavior [ RunTime:0.000000s ]
INFO: [ app_init ] --END-- [ RunTime:0.000000s ]
INFO: [ app_begin ] --START--
INFO: Run Behavior\ReadHtmlCacheBehavior [ RunTime:0.000000s ]
INFO: [ app_begin ] --END-- [ RunTime:0.000000s ]
SQL: SHOW COLUMNS FROM `xk_teacher` [ RunTime:0.0060s ]
SQL: SELECT * FROM `xk_teacher` WHERE `username` = 'laoshi' LIMIT 1   [ RunTime:0.0010s ]
SQL: SHOW COLUMNS FROM `xk_course` [ RunTime:0.0040s ]
NOTIC: [8] Undefined variable: counts D:\phpStudy2016\WWW\bj\App\Home\Controller\TeacherController.class.php 第 64 行.
SQL: SELECT xk_student.realname as stuname,xk_teacher.realname as tename,xk_course.coursename as coname,xk_order.id as oid,`is_success`,`isreceive`,`iscomplete`,xk_student.studentid as stid,xk_order.course_id as cid FROM `xk_course` RIGHT JOIN xk_order ON xk_order.course_id=xk_course.id LEFT JOIN xk_student ON xk_order.student_id=xk_student.id LEFT JOIN xk_teacher ON xk_course.teacher_id=xk_teacher.id  WHERE `teacher_id` = '9' ORDER BY xk_course.coursename  [ RunTime:0.0020s ]
INFO: [ view_parse ] --START--
INFO: [ template_filter ] --START--
INFO: Run Behavior\ContentReplaceBehavior [ RunTime:0.000000s ]
INFO: [ template_filter ] --END-- [ RunTime:0.000000s ]
NOTIC: [8] Undefined variable: title D:\phpStudy2016\WWW\bj\Runtime\Cache\Home\1d12aafeaa313ecc3edc32c21dd38e15.php 第 6 行.
NOTIC: [8] Undefined variable: show D:\phpStudy2016\WWW\bj\Runtime\Cache\Home\1d12aafeaa313ecc3edc32c21dd38e15.php 第 260 行.
INFO: Run Behavior\ParseTemplateBehavior [ RunTime:0.015001s ]
INFO: [ view_parse ] --END-- [ RunTime:0.015001s ]
INFO: [ view_filter ] --START--
INFO: Run Behavior\WriteHtmlCacheBehavior [ RunTime:0.000000s ]
INFO: [ view_filter ] --END-- [ RunTime:0.000000s ]
INFO: [ app_end ] --START--
INFO: Run Behavior\ShowPageTraceBehavior [ RunTime:0.000000s ]
INFO: [ app_end ] --END-- [ RunTime:0.001000s ]

[ 2017-05-28T05:36:04+08:00 ] 127.0.0.1 /Teacher/holder.js/80x80
INFO: [ app_init ] --START--
INFO: Run Behavior\BuildLiteBehavior [ RunTime:0.000000s ]
INFO: [ app_init ] --END-- [ RunTime:0.001000s ]
INFO: [ app_begin ] --START--
INFO: Run Behavior\ReadHtmlCacheBehavior [ RunTime:0.001000s ]
INFO: [ app_begin ] --END-- [ RunTime:0.001000s ]
SQL: SHOW COLUMNS FROM `xk_teacher` [ RunTime:0.0060s ]
SQL: SELECT * FROM `xk_teacher` WHERE `username` = 'laoshi' LIMIT 1   [ RunTime:0.0010s ]
ERR: 非法操作:holder.js

[ 2017-05-28T05:36:04+08:00 ] 127.0.0.1 /static/js/jquery.min.map
INFO: [ app_init ] --START--
INFO: Run Behavior\BuildLiteBehavior [ RunTime:0.000000s ]
INFO: [ app_init ] --END-- [ RunTime:0.001000s ]
INFO: [ app_begin ] --START--
INFO: Run Behavior\ReadHtmlCacheBehavior [ RunTime:0.000000s ]
INFO: [ app_begin ] --END-- [ RunTime:0.000000s ]
ERR: 非法操作:js

[ 2017-05-28T05:36:05+08:00 ] 127.0.0.1 /static/css/bootstrap.min.css.map
INFO: [ app_init ] --START--
INFO: Run Behavior\BuildLiteBehavior [ RunTime:0.000000s ]
INFO: [ app_init ] --END-- [ RunTime:0.001000s ]
INFO: [ app_begin ] --START--
INFO: Run Behavior\ReadHtmlCacheBehavior [ RunTime:0.001000s ]
INFO: [ app_begin ] --END-- [ RunTime:0.001000s ]
ERR: 非法操作:css

[ 2017-05-28T06:56:32+08:00 ] 127.0.0.1 /Teacher/info.html
INFO: [ app_init ] --START--
INFO: Run Behavior\BuildLiteBehavior [ RunTime:0.000000s ]
INFO: [ app_init ] --END-- [ RunTime:0.001000s ]
INFO: [ app_begin ] --START--
INFO: Run Behavior\ReadHtmlCacheBehavior [ RunTime:0.001000s ]
INFO: [ app_begin ] --END-- [ RunTime:0.001000s ]
SQL: SHOW COLUMNS FROM `xk_teacher` [ RunTime:0.0050s ]
SQL: SELECT * FROM `xk_teacher` WHERE `username` = 'laoshi' LIMIT 1   [ RunTime:0.0000s ]
SQL: SHOW COLUMNS FROM `xk_course` [ RunTime:0.0050s ]
NOTIC: [8] Undefined variable: counts D:\phpStudy2016\WWW\bj\App\Home\Controller\TeacherController.class.php 第 64 行.
SQL: SELECT xk_student.realname as stuname,xk_teacher.realname as tename,xk_course.coursename as coname,xk_order.id as oid,`is_success`,`isreceive`,`iscomplete`,xk_student.studentid as stid,xk_order.course_id as cid FROM `xk_course` RIGHT JOIN xk_order ON xk_order.course_id=xk_course.id LEFT JOIN xk_student ON xk_order.student_id=xk_student.id LEFT JOIN xk_teacher ON xk_course.teacher_id=xk_teacher.id  WHERE `teacher_id` = '9' ORDER BY xk_course.coursename  [ RunTime:0.0020s ]
INFO: [ view_parse ] --START--
INFO: [ template_filter ] --START--
INFO: Run Behavior\ContentReplaceBehavior [ RunTime:0.000000s ]
INFO: [ template_filter ] --END-- [ RunTime:0.000000s ]
NOTIC: [8] Undefined variable: title D:\phpStudy2016\WWW\bj\Runtime\Cache\Home\1d12aafeaa313ecc3edc32c21dd38e15.php 第 6 行.
NOTIC: [8] Undefined variable: show D:\phpStudy2016\WWW\bj\Runtime\Cache\Home\1d12aafeaa313ecc3edc32c21dd38e15.php 第 260 行.
INFO: Run Behavior\ParseTemplateBehavior [ RunTime:0.046003s ]
INFO: [ view_parse ] --END-- [ RunTime:0.046003s ]
INFO: [ view_filter ] --START--
INFO: Run Behavior\WriteHtmlCacheBehavior [ RunTime:0.001000s ]
INFO: [ view_filter ] --END-- [ RunTime:0.001000s ]
INFO: [ app_end ] --START--
INFO: Run Behavior\ShowPageTraceBehavior [ RunTime:0.001000s ]
INFO: [ app_end ] --END-- [ RunTime:0.001000s ]

[ 2017-05-28T06:56:33+08:00 ] 127.0.0.1 /Teacher/holder.js/80x80
INFO: [ app_init ] --START--
INFO: Run Behavior\BuildLiteBehavior [ RunTime:0.000000s ]
INFO: [ app_init ] --END-- [ RunTime:0.001000s ]
INFO: [ app_begin ] --START--
INFO: Run Behavior\ReadHtmlCacheBehavior [ RunTime:0.000000s ]
INFO: [ app_begin ] --END-- [ RunTime:0.001000s ]
SQL: SHOW COLUMNS FROM `xk_teacher` [ RunTime:0.0160s ]
SQL: SELECT * FROM `xk_teacher` WHERE `username` = 'laoshi' LIMIT 1   [ RunTime:0.0010s ]
ERR: 非法操作:holder.js

[ 2017-05-28T06:56:33+08:00 ] 127.0.0.1 /static/js/jquery.min.map
INFO: [ app_init ] --START--
INFO: Run Behavior\BuildLiteBehavior [ RunTime:0.000000s ]
INFO: [ app_init ] --END-- [ RunTime:0.001000s ]
INFO: [ app_begin ] --START--
INFO: Run Behavior\ReadHtmlCacheBehavior [ RunTime:0.001000s ]
INFO: [ app_begin ] --END-- [ RunTime:0.001000s ]
ERR: 非法操作:js

[ 2017-05-28T06:56:34+08:00 ] 127.0.0.1 /static/css/bootstrap.min.css.map
INFO: [ app_init ] --START--
INFO: Run Behavior\BuildLiteBehavior [ RunTime:0.000000s ]
INFO: [ app_init ] --END-- [ RunTime:0.000000s ]
INFO: [ app_begin ] --START--
INFO: Run Behavior\ReadHtmlCacheBehavior [ RunTime:0.001000s ]
INFO: [ app_begin ] --END-- [ RunTime:0.001000s ]
ERR: 非法操作:css

[ 2017-05-28T06:56:43+08:00 ] 127.0.0.1 /Teacher/classes.html
INFO: [ app_init ] --START--
INFO: Run Behavior\BuildLiteBehavior [ RunTime:0.000000s ]
INFO: [ app_init ] --END-- [ RunTime:0.001000s ]
INFO: [ app_begin ] --START--
INFO: Run Behavior\ReadHtmlCacheBehavior [ RunTime:0.000000s ]
INFO: [ app_begin ] --END-- [ RunTime:0.001000s ]
SQL: SHOW COLUMNS FROM `xk_teacher` [ RunTime:0.0050s ]
SQL: SELECT * FROM `xk_teacher` WHERE `username` = 'laoshi' LIMIT 1   [ RunTime:0.0010s ]
SQL: SHOW COLUMNS FROM `xk_order` [ RunTime:0.0050s ]
SQL: SELECT COUNT(*) AS tp_count FROM `xk_order` WHERE xk_order.class_id = '5' AND `is_success` = 1 LIMIT 1   [ RunTime:0.0000s ]
SQL: SELECT xk_student.realname as stuname,xk_teacher.realname as tename,xk_course.coursename as coname,xk_student.studentid as stid,xk_teacher.id as teid FROM `xk_order` LEFT JOIN xk_student ON xk_order.student_id=xk_student.id LEFT JOIN xk_course ON xk_order.course_id=xk_course.id LEFT JOIN xk_teacher ON xk_course.teacher_id=xk_teacher.id  WHERE xk_order.class_id = '5' AND `is_success` = 1 LIMIT 0,10   [ RunTime:0.0010s ]
INFO: [ view_parse ] --START--
INFO: [ template_filter ] --START--
INFO: Run Behavior\ContentReplaceBehavior [ RunTime:0.001000s ]
INFO: [ template_filter ] --END-- [ RunTime:0.001000s ]
NOTIC: [8] Undefined variable: title D:\phpStudy2016\WWW\bj\Runtime\Cache\Home\ef871cd8a8ba440f14f5c956f2a2ab3f.php 第 6 行.
INFO: Run Behavior\ParseTemplateBehavior [ RunTime:0.027002s ]
INFO: [ view_parse ] --END-- [ RunTime:0.027002s ]
INFO: [ view_filter ] --START--
INFO: Run Behavior\WriteHtmlCacheBehavior [ RunTime:0.001000s ]
INFO: [ view_filter ] --END-- [ RunTime:0.001000s ]
INFO: [ app_end ] --START--
INFO: Run Behavior\ShowPageTraceBehavior [ RunTime:0.001000s ]
INFO: [ app_end ] --END-- [ RunTime:0.001000s ]

[ 2017-05-28T06:56:44+08:00 ] 127.0.0.1 /Teacher/holder.js/80x80
INFO: [ app_init ] --START--
INFO: Run Behavior\BuildLiteBehavior [ RunTime:0.000000s ]
INFO: [ app_init ] --END-- [ RunTime:0.001000s ]
INFO: [ app_begin ] --START--
INFO: Run Behavior\ReadHtmlCacheBehavior [ RunTime:0.000000s ]
INFO: [ app_begin ] --END-- [ RunTime:0.000000s ]
SQL: SHOW COLUMNS FROM `xk_teacher` [ RunTime:0.0050s ]
SQL: SELECT * FROM `xk_teacher` WHERE `username` = 'laoshi' LIMIT 1   [ RunTime:0.0010s ]
ERR: 非法操作:holder.js

[ 2017-05-28T06:56:44+08:00 ] 127.0.0.1 /static/js/jquery.min.map
INFO: [ app_init ] --START--
INFO: Run Behavior\BuildLiteBehavior [ RunTime:0.000000s ]
INFO: [ app_init ] --END-- [ RunTime:0.001000s ]
INFO: [ app_begin ] --START--
INFO: Run Behavior\ReadHtmlCacheBehavior [ RunTime:0.000000s ]
INFO: [ app_begin ] --END-- [ RunTime:0.000000s ]
ERR: 非法操作:js

[ 2017-05-28T06:56:46+08:00 ] 127.0.0.1 /static/css/bootstrap.min.css.map
INFO: [ app_init ] --START--
INFO: Run Behavior\BuildLiteBehavior [ RunTime:0.000000s ]
INFO: [ app_init ] --END-- [ RunTime:0.000000s ]
INFO: [ app_begin ] --START--
INFO: Run Behavior\ReadHtmlCacheBehavior [ RunTime:0.000000s ]
INFO: [ app_begin ] --END-- [ RunTime:0.000000s ]
ERR: 非法操作:css

