[ 2017-05-26T05:29:17+08:00 ] 127.0.0.1 /favicon.ico
INFO: [ app_init ] --START--
INFO: Run Behavior\BuildLiteBehavior [ RunTime:0.000000s ]
INFO: [ app_init ] --END-- [ RunTime:0.001000s ]

[ 2017-05-26T05:33:01+08:00 ] 127.0.0.1 /index.php/Login/index
INFO: [ app_init ] --START--
INFO: Run Behavior\BuildLiteBehavior [ RunTime:0.000000s ]
INFO: [ app_init ] --END-- [ RunTime:0.000000s ]
INFO: [ app_begin ] --START--
INFO: Run Behavior\ReadHtmlCacheBehavior [ RunTime:0.001000s ]
INFO: [ app_begin ] --END-- [ RunTime:0.001000s ]
SQL: SHOW COLUMNS FROM `xk_teacher` [ RunTime:0.0170s ]
INFO: [ view_parse ] --START--
INFO: [ template_filter ] --START--
INFO: Run Behavior\ContentReplaceBehavior [ RunTime:0.000000s ]
INFO: [ template_filter ] --END-- [ RunTime:0.000000s ]
NOTIC: [8] Undefined variable: title D:\phpStudy2016\WWW\bj\Runtime\Cache\Home\b17dfc7d0a02326b745c2318ff4a75d7.php 第 6 行.
INFO: Run Behavior\ParseTemplateBehavior [ RunTime:0.041002s ]
INFO: [ view_parse ] --END-- [ RunTime:0.041002s ]
INFO: [ view_filter ] --START--
INFO: Run Behavior\WriteHtmlCacheBehavior [ RunTime:0.000000s ]
INFO: [ view_filter ] --END-- [ RunTime:0.000000s ]
INFO: [ app_end ] --START--
INFO: Run Behavior\ShowPageTraceBehavior [ RunTime:0.001000s ]
INFO: [ app_end ] --END-- [ RunTime:0.001000s ]

[ 2017-05-26T05:33:02+08:00 ] 127.0.0.1 /static/css/bootstrap.min.css.map
INFO: [ app_init ] --START--
INFO: Run Behavior\BuildLiteBehavior [ RunTime:0.000000s ]
INFO: [ app_init ] --END-- [ RunTime:0.001000s ]
INFO: [ app_begin ] --START--
INFO: Run Behavior\ReadHtmlCacheBehavior [ RunTime:0.002000s ]
INFO: [ app_begin ] --END-- [ RunTime:0.002000s ]
ERR: 非法操作:css

[ 2017-05-26T05:33:03+08:00 ] 127.0.0.1 /Public/verifys.html
INFO: [ app_init ] --START--
INFO: Run Behavior\BuildLiteBehavior [ RunTime:0.000000s ]
INFO: [ app_init ] --END-- [ RunTime:0.001000s ]
INFO: [ app_begin ] --START--
INFO: Run Behavior\ReadHtmlCacheBehavior [ RunTime:0.001000s ]
INFO: [ app_begin ] --END-- [ RunTime:0.001000s ]
NOTIC: [8] A session had already been started - ignoring session_start() D:\phpStudy2016\WWW\bj\App\Home\Controller\PublicController.class.php 第 8 行.
INFO: [ app_end ] --START--
INFO: Run Behavior\ShowPageTraceBehavior [ RunTime:0.004001s ]
INFO: [ app_end ] --END-- [ RunTime:0.005001s ]

[ 2017-05-26T05:33:05+08:00 ] 127.0.0.1 /index.php/Login/holder.js/80x80
INFO: [ app_init ] --START--
INFO: Run Behavior\BuildLiteBehavior [ RunTime:0.000000s ]
INFO: [ app_init ] --END-- [ RunTime:0.001000s ]
INFO: [ app_begin ] --START--
INFO: Run Behavior\ReadHtmlCacheBehavior [ RunTime:0.000000s ]
INFO: [ app_begin ] --END-- [ RunTime:0.000000s ]
SQL: SHOW COLUMNS FROM `xk_teacher` [ RunTime:0.3430s ]
ERR: 非法操作:holder.js

[ 2017-05-26T05:36:10+08:00 ] 127.0.0.1 /static/js/hui/hcPwdCheck.js
INFO: [ app_init ] --START--
INFO: Run Behavior\BuildLiteBehavior [ RunTime:0.000000s ]
INFO: [ app_init ] --END-- [ RunTime:0.001000s ]
INFO: [ app_begin ] --START--
INFO: Run Behavior\ReadHtmlCacheBehavior [ RunTime:0.002000s ]
INFO: [ app_begin ] --END-- [ RunTime:0.003001s ]
ERR: 非法操作:js

[ 2017-05-26T05:49:00+08:00 ] 127.0.0.1 /static/js/hui/hcPwdCheck.js
INFO: [ app_init ] --START--
INFO: Run Behavior\BuildLiteBehavior [ RunTime:0.000000s ]
INFO: [ app_init ] --END-- [ RunTime:0.001000s ]
INFO: [ app_begin ] --START--
INFO: Run Behavior\ReadHtmlCacheBehavior [ RunTime:0.002000s ]
INFO: [ app_begin ] --END-- [ RunTime:0.002000s ]
ERR: 非法操作:js

[ 2017-05-26T05:52:03+08:00 ] 127.0.0.1 /
INFO: [ app_init ] --START--
INFO: Run Behavior\BuildLiteBehavior [ RunTime:0.000000s ]
INFO: [ app_init ] --END-- [ RunTime:0.001000s ]
INFO: [ app_begin ] --START--
INFO: Run Behavior\ReadHtmlCacheBehavior [ RunTime:0.001000s ]
INFO: [ app_begin ] --END-- [ RunTime:0.001000s ]
SQL: SHOW COLUMNS FROM `xk_depart` [ RunTime:0.3020s ]
SQL: SELECT * FROM `xk_depart`  [ RunTime:0.0010s ]
SQL: SHOW COLUMNS FROM `xk_order` [ RunTime:0.0320s ]
SQL: SELECT departname as dename,xk_student.realname as stuname,xk_teacher.realname as tename,xk_course.coursename as coname,xk_class.classname as clname FROM `xk_order` LEFT JOIN xk_student ON xk_order.student_id=xk_student.id LEFT JOIN xk_course ON xk_order.course_id=xk_course.id LEFT JOIN xk_teacher ON xk_course.teacher_id=xk_teacher.id LEFT JOIN xk_depart ON xk_student.depart_id=xk_depart.id LEFT JOIN xk_class ON xk_student.class_id=xk_class.id  WHERE ( xk_order.id>10 )  [ RunTime:0.0240s ]
INFO: [ view_parse ] --START--
INFO: [ template_filter ] --START--
INFO: Run Behavior\ContentReplaceBehavior [ RunTime:0.000000s ]
INFO: [ template_filter ] --END-- [ RunTime:0.000000s ]
NOTIC: [8] Undefined variable: title D:\phpStudy2016\WWW\bj\Runtime\Cache\Home\999366d19b620cb6e861521131242e5f.php 第 6 行.
INFO: Run Behavior\ParseTemplateBehavior [ RunTime:0.048003s ]
INFO: [ view_parse ] --END-- [ RunTime:0.049003s ]
INFO: [ view_filter ] --START--
INFO: Run Behavior\WriteHtmlCacheBehavior [ RunTime:0.000000s ]
INFO: [ view_filter ] --END-- [ RunTime:0.000000s ]
INFO: [ app_end ] --START--
INFO: Run Behavior\ShowPageTraceBehavior [ RunTime:0.001000s ]
INFO: [ app_end ] --END-- [ RunTime:0.001000s ]

[ 2017-05-26T05:52:04+08:00 ] 127.0.0.1 /holder.js/80x80
INFO: [ app_init ] --START--
INFO: Run Behavior\BuildLiteBehavior [ RunTime:0.000000s ]
INFO: [ app_init ] --END-- [ RunTime:0.001000s ]
INFO: [ app_begin ] --START--
INFO: Run Behavior\ReadHtmlCacheBehavior [ RunTime:0.001000s ]
INFO: [ app_begin ] --END-- [ RunTime:0.001000s ]
ERR: 非法操作:80x80

[ 2017-05-26T05:52:05+08:00 ] 127.0.0.1 /Index/register.html
INFO: [ app_init ] --START--
INFO: Run Behavior\BuildLiteBehavior [ RunTime:0.000000s ]
INFO: [ app_init ] --END-- [ RunTime:0.001000s ]
INFO: [ app_begin ] --START--
INFO: Run Behavior\ReadHtmlCacheBehavior [ RunTime:0.001000s ]
INFO: [ app_begin ] --END-- [ RunTime:0.001000s ]
INFO: [ view_parse ] --START--
INFO: [ template_filter ] --START--
INFO: Run Behavior\ContentReplaceBehavior [ RunTime:0.000000s ]
INFO: [ template_filter ] --END-- [ RunTime:0.001000s ]
NOTIC: [8] Undefined variable: title D:\phpStudy2016\WWW\bj\Runtime\Cache\Home\b17dfc7d0a02326b745c2318ff4a75d7.php 第 6 行.
INFO: Run Behavior\ParseTemplateBehavior [ RunTime:0.128007s ]
INFO: [ view_parse ] --END-- [ RunTime:0.128007s ]
INFO: [ view_filter ] --START--
INFO: Run Behavior\WriteHtmlCacheBehavior [ RunTime:0.000000s ]
INFO: [ view_filter ] --END-- [ RunTime:0.001000s ]
INFO: [ app_end ] --START--
INFO: Run Behavior\ShowPageTraceBehavior [ RunTime:0.001000s ]
INFO: [ app_end ] --END-- [ RunTime:0.001000s ]

[ 2017-05-26T05:52:06+08:00 ] 127.0.0.1 /Public/verifys.html
INFO: [ app_init ] --START--
INFO: Run Behavior\BuildLiteBehavior [ RunTime:0.000000s ]
INFO: [ app_init ] --END-- [ RunTime:0.001000s ]
INFO: [ app_begin ] --START--
INFO: Run Behavior\ReadHtmlCacheBehavior [ RunTime:0.002000s ]
INFO: [ app_begin ] --END-- [ RunTime:0.002000s ]
NOTIC: [8] A session had already been started - ignoring session_start() D:\phpStudy2016\WWW\bj\App\Home\Controller\PublicController.class.php 第 8 行.
INFO: [ app_end ] --START--
INFO: Run Behavior\ShowPageTraceBehavior [ RunTime:0.001000s ]
INFO: [ app_end ] --END-- [ RunTime:0.001000s ]

[ 2017-05-26T05:52:06+08:00 ] 127.0.0.1 /Index/holder.js/80x80
INFO: [ app_init ] --START--
INFO: Run Behavior\BuildLiteBehavior [ RunTime:0.000000s ]
INFO: [ app_init ] --END-- [ RunTime:0.001000s ]
INFO: [ app_begin ] --START--
INFO: Run Behavior\ReadHtmlCacheBehavior [ RunTime:0.001000s ]
INFO: [ app_begin ] --END-- [ RunTime:0.001000s ]
ERR: 非法操作:holder.js

[ 2017-05-26T05:52:49+08:00 ] 127.0.0.1 /Index/register.html
INFO: [ app_init ] --START--
INFO: Run Behavior\BuildLiteBehavior [ RunTime:0.000000s ]
INFO: [ app_init ] --END-- [ RunTime:0.001000s ]
INFO: [ app_begin ] --START--
INFO: Run Behavior\ReadHtmlCacheBehavior [ RunTime:0.001000s ]
INFO: [ app_begin ] --END-- [ RunTime:0.001000s ]
INFO: [ view_parse ] --START--
INFO: [ template_filter ] --START--
INFO: Run Behavior\ContentReplaceBehavior [ RunTime:0.000000s ]
INFO: [ template_filter ] --END-- [ RunTime:0.000000s ]
NOTIC: [8] Undefined variable: title D:\phpStudy2016\WWW\bj\Runtime\Cache\Home\b17dfc7d0a02326b745c2318ff4a75d7.php 第 6 行.
INFO: Run Behavior\ParseTemplateBehavior [ RunTime:0.191011s ]
INFO: [ view_parse ] --END-- [ RunTime:0.191011s ]
INFO: [ view_filter ] --START--
INFO: Run Behavior\WriteHtmlCacheBehavior [ RunTime:0.001000s ]
INFO: [ view_filter ] --END-- [ RunTime:0.001000s ]
INFO: [ app_end ] --START--
INFO: Run Behavior\ShowPageTraceBehavior [ RunTime:0.002000s ]
INFO: [ app_end ] --END-- [ RunTime:0.002000s ]

[ 2017-05-26T05:52:49+08:00 ] 127.0.0.1 /Public/verifys.html
INFO: [ app_init ] --START--
INFO: Run Behavior\BuildLiteBehavior [ RunTime:0.000000s ]
INFO: [ app_init ] --END-- [ RunTime:0.001000s ]
INFO: [ app_begin ] --START--
INFO: Run Behavior\ReadHtmlCacheBehavior [ RunTime:0.001000s ]
INFO: [ app_begin ] --END-- [ RunTime:0.001000s ]
NOTIC: [8] A session had already been started - ignoring session_start() D:\phpStudy2016\WWW\bj\App\Home\Controller\PublicController.class.php 第 8 行.
INFO: [ app_end ] --START--
INFO: Run Behavior\ShowPageTraceBehavior [ RunTime:0.002000s ]
INFO: [ app_end ] --END-- [ RunTime:0.002000s ]

[ 2017-05-26T05:52:49+08:00 ] 127.0.0.1 /Index/holder.js/80x80
INFO: [ app_init ] --START--
INFO: Run Behavior\BuildLiteBehavior [ RunTime:0.000000s ]
INFO: [ app_init ] --END-- [ RunTime:0.001001s ]
INFO: [ app_begin ] --START--
INFO: Run Behavior\ReadHtmlCacheBehavior [ RunTime:0.001000s ]
INFO: [ app_begin ] --END-- [ RunTime:0.002000s ]
ERR: 非法操作:holder.js

[ 2017-05-26T05:56:00+08:00 ] 127.0.0.1 /index.php/Public/checkusername
INFO: [ app_init ] --START--
INFO: Run Behavior\BuildLiteBehavior [ RunTime:0.000000s ]
INFO: [ app_init ] --END-- [ RunTime:0.001000s ]
INFO: [ app_begin ] --START--
INFO: Run Behavior\ReadHtmlCacheBehavior [ RunTime:0.001000s ]
INFO: [ app_begin ] --END-- [ RunTime:0.002000s ]
SQL: SHOW COLUMNS FROM `xk_student` [ RunTime:0.1200s ]
SQL: SHOW COLUMNS FROM `xk_teacher` [ RunTime:0.0200s ]
SQL: SELECT * FROM `xk_student` WHERE `username` = 'wangwen' LIMIT 1   [ RunTime:0.0180s ]
SQL: SELECT * FROM `xk_teacher` WHERE `username` = 'wangwen' LIMIT 1   [ RunTime:0.0010s ]

[ 2017-05-26T05:56:01+08:00 ] 127.0.0.1 /Login/dologin.html
INFO: [ app_init ] --START--
INFO: Run Behavior\BuildLiteBehavior [ RunTime:0.000000s ]
INFO: [ app_init ] --END-- [ RunTime:0.001000s ]
INFO: [ app_begin ] --START--
INFO: Run Behavior\ReadHtmlCacheBehavior [ RunTime:0.001000s ]
INFO: [ app_begin ] --END-- [ RunTime:0.001000s ]
SQL: SHOW COLUMNS FROM `xk_student` [ RunTime:0.0230s ]
NOTIC: [8] Undefined index: validate D:\phpStudy2016\WWW\bj\TP\Library\Think\Model.class.php 第 1185 行.
NOTIC: [8] Undefined index: auto D:\phpStudy2016\WWW\bj\TP\Library\Think\Model.class.php 第 1128 行.
SQL: SELECT * FROM `xk_student` WHERE `username` = 'wangwen' LIMIT 1   [ RunTime:0.0010s ]

[ 2017-05-26T05:56:04+08:00 ] 127.0.0.1 /Student/course.html
INFO: [ app_init ] --START--
INFO: Run Behavior\BuildLiteBehavior [ RunTime:0.000000s ]
INFO: [ app_init ] --END-- [ RunTime:0.001000s ]
INFO: [ app_begin ] --START--
INFO: Run Behavior\ReadHtmlCacheBehavior [ RunTime:0.001000s ]
INFO: [ app_begin ] --END-- [ RunTime:0.001000s ]
SQL: SHOW COLUMNS FROM `xk_student` [ RunTime:0.2430s ]
SQL: SELECT * FROM `xk_student` WHERE `username` = 'wangwen' LIMIT 1   [ RunTime:0.0010s ]
SQL: SHOW COLUMNS FROM `xk_order` [ RunTime:0.0120s ]
SQL: SELECT xk_teacher.realname as tename,xk_order.id as oid,xk_course.coursename as coname,`choosenum`,xk_order.id as oid,`is_success`,`isreceive` FROM `xk_order` LEFT JOIN xk_course ON xk_order.course_id=xk_course.id LEFT JOIN xk_teacher ON xk_course.teacher_id=xk_teacher.id  WHERE ( student_id=53 )  [ RunTime:0.0020s ]
INFO: [ view_parse ] --START--
INFO: [ template_filter ] --START--
INFO: Run Behavior\ContentReplaceBehavior [ RunTime:0.000000s ]
INFO: [ template_filter ] --END-- [ RunTime:0.000000s ]
NOTIC: [8] Undefined variable: title D:\phpStudy2016\WWW\bj\Runtime\Cache\Home\bd0019e6bf412b9b712962edb6159b76.php 第 6 行.
INFO: Run Behavior\ParseTemplateBehavior [ RunTime:0.046003s ]
INFO: [ view_parse ] --END-- [ RunTime:0.046003s ]
INFO: [ view_filter ] --START--
INFO: Run Behavior\WriteHtmlCacheBehavior [ RunTime:0.001000s ]
INFO: [ view_filter ] --END-- [ RunTime:0.001000s ]
INFO: [ app_end ] --START--
INFO: Run Behavior\ShowPageTraceBehavior [ RunTime:0.002000s ]
INFO: [ app_end ] --END-- [ RunTime:0.002000s ]

[ 2017-05-26T05:56:05+08:00 ] 127.0.0.1 /Student/holder.js/80x80
INFO: [ app_init ] --START--
INFO: Run Behavior\BuildLiteBehavior [ RunTime:0.000000s ]
INFO: [ app_init ] --END-- [ RunTime:0.001000s ]
INFO: [ app_begin ] --START--
INFO: Run Behavior\ReadHtmlCacheBehavior [ RunTime:0.002000s ]
INFO: [ app_begin ] --END-- [ RunTime:0.002000s ]
SQL: SHOW COLUMNS FROM `xk_student` [ RunTime:0.2380s ]
SQL: SELECT * FROM `xk_student` WHERE `username` = 'wangwen' LIMIT 1   [ RunTime:0.0010s ]
ERR: 非法操作:holder.js

[ 2017-05-26T05:56:10+08:00 ] 127.0.0.1 /Login/logout.html
INFO: [ app_init ] --START--
INFO: Run Behavior\BuildLiteBehavior [ RunTime:0.000000s ]
INFO: [ app_init ] --END-- [ RunTime:0.001000s ]
INFO: [ app_begin ] --START--
INFO: Run Behavior\ReadHtmlCacheBehavior [ RunTime:0.001000s ]
INFO: [ app_begin ] --END-- [ RunTime:0.001000s ]
SQL: SHOW COLUMNS FROM `xk_teacher` [ RunTime:0.0530s ]
INFO: [ view_parse ] --START--
INFO: [ template_filter ] --START--
INFO: Run Behavior\ContentReplaceBehavior [ RunTime:0.000000s ]
INFO: [ template_filter ] --END-- [ RunTime:0.000000s ]
INFO: Run Behavior\ParseTemplateBehavior [ RunTime:0.069004s ]
INFO: [ view_parse ] --END-- [ RunTime:0.069004s ]
INFO: [ view_filter ] --START--
INFO: Run Behavior\WriteHtmlCacheBehavior [ RunTime:0.001000s ]
INFO: [ view_filter ] --END-- [ RunTime:0.001000s ]
INFO: [ app_end ] --START--
INFO: Run Behavior\ShowPageTraceBehavior [ RunTime:0.002001s ]
INFO: [ app_end ] --END-- [ RunTime:0.002001s ]

[ 2017-05-26T05:56:10+08:00 ] 127.0.0.1 /Login/favicon.ico
INFO: [ app_init ] --START--
INFO: Run Behavior\BuildLiteBehavior [ RunTime:0.000000s ]
INFO: [ app_init ] --END-- [ RunTime:0.000000s ]

[ 2017-05-26T05:56:15+08:00 ] 127.0.0.1 /Index/index.html
INFO: [ app_init ] --START--
INFO: Run Behavior\BuildLiteBehavior [ RunTime:0.000000s ]
INFO: [ app_init ] --END-- [ RunTime:0.001000s ]
INFO: [ app_begin ] --START--
INFO: Run Behavior\ReadHtmlCacheBehavior [ RunTime:0.001000s ]
INFO: [ app_begin ] --END-- [ RunTime:0.001000s ]
SQL: SHOW COLUMNS FROM `xk_depart` [ RunTime:0.0990s ]
SQL: SELECT * FROM `xk_depart`  [ RunTime:0.0000s ]
SQL: SHOW COLUMNS FROM `xk_order` [ RunTime:0.0400s ]
SQL: SELECT departname as dename,xk_student.realname as stuname,xk_teacher.realname as tename,xk_course.coursename as coname,xk_class.classname as clname FROM `xk_order` LEFT JOIN xk_student ON xk_order.student_id=xk_student.id LEFT JOIN xk_course ON xk_order.course_id=xk_course.id LEFT JOIN xk_teacher ON xk_course.teacher_id=xk_teacher.id LEFT JOIN xk_depart ON xk_student.depart_id=xk_depart.id LEFT JOIN xk_class ON xk_student.class_id=xk_class.id  WHERE ( xk_order.id>10 )  [ RunTime:0.0020s ]
INFO: [ view_parse ] --START--
INFO: [ template_filter ] --START--
INFO: Run Behavior\ContentReplaceBehavior [ RunTime:0.001000s ]
INFO: [ template_filter ] --END-- [ RunTime:0.001000s ]
NOTIC: [8] Undefined variable: title D:\phpStudy2016\WWW\bj\Runtime\Cache\Home\999366d19b620cb6e861521131242e5f.php 第 6 行.
INFO: Run Behavior\ParseTemplateBehavior [ RunTime:0.069004s ]
INFO: [ view_parse ] --END-- [ RunTime:0.069004s ]
INFO: [ view_filter ] --START--
INFO: Run Behavior\WriteHtmlCacheBehavior [ RunTime:0.002000s ]
INFO: [ view_filter ] --END-- [ RunTime:0.002000s ]
INFO: [ app_end ] --START--
INFO: Run Behavior\ShowPageTraceBehavior [ RunTime:0.002000s ]
INFO: [ app_end ] --END-- [ RunTime:0.002000s ]

[ 2017-05-26T05:56:15+08:00 ] 127.0.0.1 /Index/holder.js/80x80
INFO: [ app_init ] --START--
INFO: Run Behavior\BuildLiteBehavior [ RunTime:0.000000s ]
INFO: [ app_init ] --END-- [ RunTime:0.000000s ]
INFO: [ app_begin ] --START--
INFO: Run Behavior\ReadHtmlCacheBehavior [ RunTime:0.001000s ]
INFO: [ app_begin ] --END-- [ RunTime:0.001000s ]
ERR: 非法操作:holder.js

[ 2017-05-26T05:59:40+08:00 ] 127.0.0.1 /Index/index.html
INFO: [ app_init ] --START--
INFO: Run Behavior\BuildLiteBehavior [ RunTime:0.000000s ]
INFO: [ app_init ] --END-- [ RunTime:0.001000s ]
INFO: [ app_begin ] --START--
INFO: Run Behavior\ReadHtmlCacheBehavior [ RunTime:0.002000s ]
INFO: [ app_begin ] --END-- [ RunTime:0.002000s ]
SQL: SHOW COLUMNS FROM `xk_depart` [ RunTime:0.0180s ]
SQL: SELECT * FROM `xk_depart`  [ RunTime:0.0010s ]
SQL: SHOW COLUMNS FROM `xk_order` [ RunTime:0.0120s ]
SQL: SELECT departname as dename,xk_student.realname as stuname,xk_teacher.realname as tename,xk_course.coursename as coname,xk_class.classname as clname FROM `xk_order` LEFT JOIN xk_student ON xk_order.student_id=xk_student.id LEFT JOIN xk_course ON xk_order.course_id=xk_course.id LEFT JOIN xk_teacher ON xk_course.teacher_id=xk_teacher.id LEFT JOIN xk_depart ON xk_student.depart_id=xk_depart.id LEFT JOIN xk_class ON xk_student.class_id=xk_class.id  WHERE ( xk_order.id>10 )  [ RunTime:0.0010s ]
INFO: [ view_parse ] --START--
INFO: [ template_filter ] --START--
INFO: Run Behavior\ContentReplaceBehavior [ RunTime:0.000000s ]
INFO: [ template_filter ] --END-- [ RunTime:0.000000s ]
NOTIC: [8] Undefined variable: title D:\phpStudy2016\WWW\bj\Runtime\Cache\Home\999366d19b620cb6e861521131242e5f.php 第 6 行.
INFO: Run Behavior\ParseTemplateBehavior [ RunTime:0.022001s ]
INFO: [ view_parse ] --END-- [ RunTime:0.022001s ]
INFO: [ view_filter ] --START--
INFO: Run Behavior\WriteHtmlCacheBehavior [ RunTime:0.002000s ]
INFO: [ view_filter ] --END-- [ RunTime:0.002000s ]
INFO: [ app_end ] --START--
INFO: Run Behavior\ShowPageTraceBehavior [ RunTime:0.001001s ]
INFO: [ app_end ] --END-- [ RunTime:0.001001s ]

[ 2017-05-26T05:59:40+08:00 ] 127.0.0.1 /Index/holder.js/80x80
INFO: [ app_init ] --START--
INFO: Run Behavior\BuildLiteBehavior [ RunTime:0.000000s ]
INFO: [ app_init ] --END-- [ RunTime:0.001000s ]
INFO: [ app_begin ] --START--
INFO: Run Behavior\ReadHtmlCacheBehavior [ RunTime:0.003000s ]
INFO: [ app_begin ] --END-- [ RunTime:0.003000s ]
ERR: 非法操作:holder.js

[ 2017-05-26T06:35:49+08:00 ] 127.0.0.1 /favicon.ico
INFO: [ app_init ] --START--
INFO: Run Behavior\BuildLiteBehavior [ RunTime:0.000000s ]
INFO: [ app_init ] --END-- [ RunTime:0.038002s ]

[ 2017-05-26T06:35:51+08:00 ] 127.0.0.1 /favicon.ico
INFO: [ app_init ] --START--
INFO: Run Behavior\BuildLiteBehavior [ RunTime:0.000000s ]
INFO: [ app_init ] --END-- [ RunTime:0.023001s ]

[ 2017-05-26T07:13:20+08:00 ] 127.0.0.1 /
INFO: [ app_init ] --START--
INFO: Run Behavior\BuildLiteBehavior [ RunTime:0.000000s ]
INFO: [ app_init ] --END-- [ RunTime:0.038002s ]
INFO: [ app_begin ] --START--
INFO: Run Behavior\ReadHtmlCacheBehavior [ RunTime:0.026001s ]
INFO: [ app_begin ] --END-- [ RunTime:0.026001s ]
SQL: SHOW COLUMNS FROM `xk_depart` [ RunTime:0.0140s ]
SQL: SELECT * FROM `xk_depart`  [ RunTime:0.0000s ]
SQL: SHOW COLUMNS FROM `xk_order` [ RunTime:0.0400s ]
SQL: SELECT departname as dename,xk_student.realname as stuname,xk_teacher.realname as tename,xk_course.coursename as coname,xk_class.classname as clname FROM `xk_order` LEFT JOIN xk_student ON xk_order.student_id=xk_student.id LEFT JOIN xk_course ON xk_order.course_id=xk_course.id LEFT JOIN xk_teacher ON xk_course.teacher_id=xk_teacher.id LEFT JOIN xk_depart ON xk_student.depart_id=xk_depart.id LEFT JOIN xk_class ON xk_student.class_id=xk_class.id  WHERE ( xk_order.id>10 )  [ RunTime:0.1060s ]
INFO: [ view_parse ] --START--
INFO: [ template_filter ] --START--
INFO: Run Behavior\ContentReplaceBehavior [ RunTime:0.000000s ]
INFO: [ template_filter ] --END-- [ RunTime:0.000000s ]
NOTIC: [8] Undefined variable: title D:\phpStudy2016\WWW\bj\Runtime\Cache\Home\999366d19b620cb6e861521131242e5f.php 第 6 行.
INFO: Run Behavior\ParseTemplateBehavior [ RunTime:0.134007s ]
INFO: [ view_parse ] --END-- [ RunTime:0.134007s ]
INFO: [ view_filter ] --START--
INFO: Run Behavior\WriteHtmlCacheBehavior [ RunTime:0.025002s ]
INFO: [ view_filter ] --END-- [ RunTime:0.025002s ]
INFO: [ app_end ] --START--
INFO: Run Behavior\ShowPageTraceBehavior [ RunTime:0.031002s ]
INFO: [ app_end ] --END-- [ RunTime:0.031002s ]

[ 2017-05-26T07:13:22+08:00 ] 127.0.0.1 /holder.js/80x80
INFO: [ app_init ] --START--
INFO: Run Behavior\BuildLiteBehavior [ RunTime:0.000000s ]
INFO: [ app_init ] --END-- [ RunTime:0.019001s ]
INFO: [ app_begin ] --START--
INFO: Run Behavior\ReadHtmlCacheBehavior [ RunTime:0.026001s ]
INFO: [ app_begin ] --END-- [ RunTime:0.026001s ]
ERR: 非法操作:80x80

[ 2017-05-26T07:13:25+08:00 ] 127.0.0.1 /favicon.ico
INFO: [ app_init ] --START--
INFO: Run Behavior\BuildLiteBehavior [ RunTime:0.000000s ]
INFO: [ app_init ] --END-- [ RunTime:0.022002s ]

[ 2017-05-26T07:22:10+08:00 ] 127.0.0.1 /static/js/hui/jquery.js
INFO: [ app_init ] --START--
INFO: Run Behavior\BuildLiteBehavior [ RunTime:0.000000s ]
INFO: [ app_init ] --END-- [ RunTime:0.016001s ]
INFO: [ app_begin ] --START--
INFO: Run Behavior\ReadHtmlCacheBehavior [ RunTime:0.011001s ]
INFO: [ app_begin ] --END-- [ RunTime:0.012001s ]
ERR: 非法操作:js

[ 2017-05-26T07:22:10+08:00 ] 127.0.0.1 /static/css/hui/base.css
INFO: [ app_init ] --START--
INFO: Run Behavior\BuildLiteBehavior [ RunTime:0.000000s ]
INFO: [ app_init ] --END-- [ RunTime:0.017001s ]
INFO: [ app_begin ] --START--
INFO: Run Behavior\ReadHtmlCacheBehavior [ RunTime:0.011001s ]
INFO: [ app_begin ] --END-- [ RunTime:0.011001s ]
ERR: 非法操作:css

[ 2017-05-26T07:22:10+08:00 ] 127.0.0.1 /static/css/hui/bootstrap.min.css
INFO: [ app_init ] --START--
INFO: Run Behavior\BuildLiteBehavior [ RunTime:0.000000s ]
INFO: [ app_init ] --END-- [ RunTime:0.016001s ]
INFO: [ app_begin ] --START--
INFO: Run Behavior\ReadHtmlCacheBehavior [ RunTime:0.012001s ]
INFO: [ app_begin ] --END-- [ RunTime:0.012001s ]
ERR: 非法操作:css

[ 2017-05-26T07:22:11+08:00 ] 127.0.0.1 /static/js/hui/holder.min.js
INFO: [ app_init ] --START--
INFO: Run Behavior\BuildLiteBehavior [ RunTime:0.000000s ]
INFO: [ app_init ] --END-- [ RunTime:0.028001s ]
INFO: [ app_begin ] --START--
INFO: Run Behavior\ReadHtmlCacheBehavior [ RunTime:0.009001s ]
INFO: [ app_begin ] --END-- [ RunTime:0.010001s ]
ERR: 非法操作:js

[ 2017-05-26T07:22:11+08:00 ] 127.0.0.1 /static/js/hui/plugins/layer/layer.min.js
INFO: [ app_init ] --START--
INFO: Run Behavior\BuildLiteBehavior [ RunTime:0.000000s ]
INFO: [ app_init ] --END-- [ RunTime:0.034002s ]
INFO: [ app_begin ] --START--
INFO: Run Behavior\ReadHtmlCacheBehavior [ RunTime:0.010001s ]
INFO: [ app_begin ] --END-- [ RunTime:0.010001s ]
ERR: 非法操作:js

[ 2017-05-26T07:22:11+08:00 ] 127.0.0.1 /static/js/hui/plugins/validate/jquery.validate.min.js
INFO: [ app_init ] --START--
INFO: Run Behavior\BuildLiteBehavior [ RunTime:0.000000s ]
INFO: [ app_init ] --END-- [ RunTime:0.029001s ]
INFO: [ app_begin ] --START--
INFO: Run Behavior\ReadHtmlCacheBehavior [ RunTime:0.011001s ]
INFO: [ app_begin ] --END-- [ RunTime:0.011001s ]
ERR: 非法操作:js

[ 2017-05-26T07:22:11+08:00 ] 127.0.0.1 /static/js/hui/bootstrap.min.js
INFO: [ app_init ] --START--
INFO: Run Behavior\BuildLiteBehavior [ RunTime:0.000000s ]
INFO: [ app_init ] --END-- [ RunTime:0.027001s ]
INFO: [ app_begin ] --START--
INFO: Run Behavior\ReadHtmlCacheBehavior [ RunTime:0.009001s ]
INFO: [ app_begin ] --END-- [ RunTime:0.009001s ]
ERR: 非法操作:js

[ 2017-05-26T07:22:12+08:00 ] 127.0.0.1 /static/js/hui/plugins/layer/layer.min.js
INFO: [ app_init ] --START--
INFO: Run Behavior\BuildLiteBehavior [ RunTime:0.000000s ]
INFO: [ app_init ] --END-- [ RunTime:0.045003s ]
INFO: [ app_begin ] --START--
INFO: Run Behavior\ReadHtmlCacheBehavior [ RunTime:0.028002s ]
INFO: [ app_begin ] --END-- [ RunTime:0.028002s ]
ERR: 非法操作:js

[ 2017-05-26T07:22:13+08:00 ] 127.0.0.1 /static/js/hui/bootstrap.min.js
INFO: [ app_init ] --START--
INFO: Run Behavior\BuildLiteBehavior [ RunTime:0.000000s ]
INFO: [ app_init ] --END-- [ RunTime:0.020001s ]
INFO: [ app_begin ] --START--
INFO: Run Behavior\ReadHtmlCacheBehavior [ RunTime:0.010000s ]
INFO: [ app_begin ] --END-- [ RunTime:0.010000s ]
ERR: 非法操作:js

[ 2017-05-26T12:03:32+08:00 ] 127.0.0.1 /index.php
INFO: [ app_init ] --START--
INFO: Run Behavior\BuildLiteBehavior [ RunTime:0.000000s ]
INFO: [ app_init ] --END-- [ RunTime:0.001000s ]
INFO: [ app_begin ] --START--
INFO: Run Behavior\ReadHtmlCacheBehavior [ RunTime:0.000000s ]
INFO: [ app_begin ] --END-- [ RunTime:0.000000s ]
SQL: SHOW COLUMNS FROM `xk_depart` [ RunTime:0.2150s ]
SQL: SELECT * FROM `xk_depart`  [ RunTime:0.0020s ]
SQL: SHOW COLUMNS FROM `xk_order` [ RunTime:0.2590s ]
SQL: SELECT departname as dename,xk_student.realname as stuname,xk_teacher.realname as tename,xk_course.coursename as coname,xk_class.classname as clname FROM `xk_order` LEFT JOIN xk_student ON xk_order.student_id=xk_student.id LEFT JOIN xk_course ON xk_order.course_id=xk_course.id LEFT JOIN xk_teacher ON xk_course.teacher_id=xk_teacher.id LEFT JOIN xk_depart ON xk_student.depart_id=xk_depart.id LEFT JOIN xk_class ON xk_student.class_id=xk_class.id  WHERE ( xk_order.id>10 )  [ RunTime:0.6110s ]
INFO: [ view_parse ] --START--
INFO: [ template_filter ] --START--
INFO: Run Behavior\ContentReplaceBehavior [ RunTime:0.002000s ]
INFO: [ template_filter ] --END-- [ RunTime:0.002000s ]
NOTIC: [8] Undefined variable: title D:\phpStudy\WWW\bs\Runtime\Cache\Home\999366d19b620cb6e861521131242e5f.php 第 6 行.
INFO: Run Behavior\ParseTemplateBehavior [ RunTime:0.083005s ]
INFO: [ view_parse ] --END-- [ RunTime:0.083005s ]
INFO: [ view_filter ] --START--
INFO: Run Behavior\WriteHtmlCacheBehavior [ RunTime:0.001000s ]
INFO: [ view_filter ] --END-- [ RunTime:0.001000s ]
INFO: [ app_end ] --START--
INFO: Run Behavior\ShowPageTraceBehavior [ RunTime:0.002000s ]
INFO: [ app_end ] --END-- [ RunTime:0.002000s ]

[ 2017-05-26T12:03:36+08:00 ] 127.0.0.1 /favicon.ico
INFO: [ app_init ] --START--
INFO: Run Behavior\BuildLiteBehavior [ RunTime:0.000000s ]
INFO: [ app_init ] --END-- [ RunTime:0.001000s ]

[ 2017-05-26T15:07:58+08:00 ] 127.0.0.1 /favicon.ico
INFO: [ app_init ] --START--
INFO: Run Behavior\BuildLiteBehavior [ RunTime:0.000000s ]
INFO: [ app_init ] --END-- [ RunTime:0.000000s ]

