[ 2017-05-19T09:27:59+08:00 ] 127.0.0.1 /
INFO: [ app_init ] --START--
INFO: Run Behavior\BuildLiteBehavior [ RunTime:0.000000s ]
INFO: [ app_init ] --END-- [ RunTime:0.001000s ]
INFO: [ app_begin ] --START--
INFO: Run Behavior\ReadHtmlCacheBehavior [ RunTime:0.001001s ]
INFO: [ app_begin ] --END-- [ RunTime:0.001001s ]
SQL: SHOW COLUMNS FROM `xk_depart` [ RunTime:0.1140s ]
SQL: SELECT * FROM `xk_depart`  [ RunTime:0.0010s ]
SQL: SHOW COLUMNS FROM `xk_order` [ RunTime:0.3582s ]
SQL: SELECT departname as dename,xk_student.realname as stuname,xk_teacher.realname as tename,xk_course.coursename as coname,xk_class.classname as clname FROM `xk_order` LEFT JOIN xk_student ON xk_order.student_id=xk_student.id LEFT JOIN xk_course ON xk_order.course_id=xk_course.id LEFT JOIN xk_teacher ON xk_course.teacher_id=xk_teacher.id LEFT JOIN xk_depart ON xk_student.depart_id=xk_depart.id LEFT JOIN xk_class ON xk_student.class_id=xk_class.id  WHERE ( xk_order.id>10 )  [ RunTime:0.5930s ]
INFO: [ view_parse ] --START--
INFO: [ template_filter ] --START--
INFO: Run Behavior\ContentReplaceBehavior [ RunTime:0.000000s ]
INFO: [ template_filter ] --END-- [ RunTime:0.000000s ]
NOTIC: [8] Undefined variable: title D:\phpStudy\WWW\bs\Runtime\Cache\Home\999366d19b620cb6e861521131242e5f.php 第 6 行.
INFO: Run Behavior\ParseTemplateBehavior [ RunTime:0.126007s ]
INFO: [ view_parse ] --END-- [ RunTime:0.126007s ]
INFO: [ view_filter ] --START--
INFO: Run Behavior\WriteHtmlCacheBehavior [ RunTime:0.010001s ]
INFO: [ view_filter ] --END-- [ RunTime:0.010001s ]
INFO: [ app_end ] --START--
INFO: Run Behavior\ShowPageTraceBehavior [ RunTime:0.016001s ]
INFO: [ app_end ] --END-- [ RunTime:0.016001s ]

[ 2017-05-19T09:30:03+08:00 ] 127.0.0.1 /index.php
INFO: [ app_init ] --START--
INFO: Run Behavior\BuildLiteBehavior [ RunTime:0.000000s ]
INFO: [ app_init ] --END-- [ RunTime:0.001000s ]
INFO: [ app_begin ] --START--
INFO: Run Behavior\ReadHtmlCacheBehavior [ RunTime:0.001001s ]
INFO: [ app_begin ] --END-- [ RunTime:0.001001s ]
SQL: SHOW COLUMNS FROM `xk_depart` [ RunTime:0.0280s ]
SQL: SELECT * FROM `xk_depart`  [ RunTime:0.0010s ]
SQL: SHOW COLUMNS FROM `xk_order` [ RunTime:0.0160s ]
SQL: SELECT departname as dename,xk_student.realname as stuname,xk_teacher.realname as tename,xk_course.coursename as coname,xk_class.classname as clname FROM `xk_order` LEFT JOIN xk_student ON xk_order.student_id=xk_student.id LEFT JOIN xk_course ON xk_order.course_id=xk_course.id LEFT JOIN xk_teacher ON xk_course.teacher_id=xk_teacher.id LEFT JOIN xk_depart ON xk_student.depart_id=xk_depart.id LEFT JOIN xk_class ON xk_student.class_id=xk_class.id  WHERE ( xk_order.id>10 )  [ RunTime:0.0010s ]
INFO: [ view_parse ] --START--
INFO: [ template_filter ] --START--
INFO: Run Behavior\ContentReplaceBehavior [ RunTime:0.000000s ]
INFO: [ template_filter ] --END-- [ RunTime:0.000000s ]
NOTIC: [8] Undefined variable: title D:\phpStudy\WWW\bs\Runtime\Cache\Home\999366d19b620cb6e861521131242e5f.php 第 6 行.
NOTIC: [8] Array to string conversion D:\phpStudy\WWW\bs\Runtime\Cache\Home\999366d19b620cb6e861521131242e5f.php 第 96 行.
NOTIC: [8] Undefined index: role D:\phpStudy\WWW\bs\Runtime\Cache\Home\999366d19b620cb6e861521131242e5f.php 第 98 行.
NOTIC: [8] Undefined index: role D:\phpStudy\WWW\bs\Runtime\Cache\Home\999366d19b620cb6e861521131242e5f.php 第 105 行.
INFO: Run Behavior\ParseTemplateBehavior [ RunTime:0.013000s ]
INFO: [ view_parse ] --END-- [ RunTime:0.013000s ]
INFO: [ view_filter ] --START--
INFO: Run Behavior\WriteHtmlCacheBehavior [ RunTime:0.000000s ]
INFO: [ view_filter ] --END-- [ RunTime:0.000000s ]
INFO: [ app_end ] --START--
INFO: Run Behavior\ShowPageTraceBehavior [ RunTime:0.001000s ]
INFO: [ app_end ] --END-- [ RunTime:0.001000s ]

[ 2017-05-19T09:31:19+08:00 ] 127.0.0.1 /index.php
INFO: [ app_init ] --START--
INFO: Run Behavior\BuildLiteBehavior [ RunTime:0.000000s ]
INFO: [ app_init ] --END-- [ RunTime:0.001000s ]
INFO: [ app_begin ] --START--
INFO: Run Behavior\ReadHtmlCacheBehavior [ RunTime:0.000000s ]
INFO: [ app_begin ] --END-- [ RunTime:0.000000s ]
SQL: SHOW COLUMNS FROM `xk_depart` [ RunTime:0.0160s ]
SQL: SELECT * FROM `xk_depart`  [ RunTime:0.0010s ]
SQL: SHOW COLUMNS FROM `xk_order` [ RunTime:0.0150s ]
SQL: SELECT departname as dename,xk_student.realname as stuname,xk_teacher.realname as tename,xk_course.coursename as coname,xk_class.classname as clname FROM `xk_order` LEFT JOIN xk_student ON xk_order.student_id=xk_student.id LEFT JOIN xk_course ON xk_order.course_id=xk_course.id LEFT JOIN xk_teacher ON xk_course.teacher_id=xk_teacher.id LEFT JOIN xk_depart ON xk_student.depart_id=xk_depart.id LEFT JOIN xk_class ON xk_student.class_id=xk_class.id  WHERE ( xk_order.id>10 )  [ RunTime:0.0010s ]
INFO: [ view_parse ] --START--
INFO: [ template_filter ] --START--
INFO: Run Behavior\ContentReplaceBehavior [ RunTime:0.000000s ]
INFO: [ template_filter ] --END-- [ RunTime:0.000000s ]
NOTIC: [8] Undefined variable: title D:\phpStudy\WWW\bs\Runtime\Cache\Home\999366d19b620cb6e861521131242e5f.php 第 6 行.
NOTIC: [8] Array to string conversion D:\phpStudy\WWW\bs\Runtime\Cache\Home\999366d19b620cb6e861521131242e5f.php 第 96 行.
NOTIC: [8] Undefined index: role D:\phpStudy\WWW\bs\Runtime\Cache\Home\999366d19b620cb6e861521131242e5f.php 第 98 行.
NOTIC: [8] Undefined index: role D:\phpStudy\WWW\bs\Runtime\Cache\Home\999366d19b620cb6e861521131242e5f.php 第 105 行.
INFO: Run Behavior\ParseTemplateBehavior [ RunTime:0.014001s ]
INFO: [ view_parse ] --END-- [ RunTime:0.014001s ]
INFO: [ view_filter ] --START--
INFO: Run Behavior\WriteHtmlCacheBehavior [ RunTime:0.001000s ]
INFO: [ view_filter ] --END-- [ RunTime:0.001000s ]
INFO: [ app_end ] --START--
INFO: Run Behavior\ShowPageTraceBehavior [ RunTime:0.001000s ]
INFO: [ app_end ] --END-- [ RunTime:0.001000s ]

[ 2017-05-19T09:31:23+08:00 ] 127.0.0.1 /index.php/Login/logout.html
INFO: [ app_init ] --START--
INFO: Run Behavior\BuildLiteBehavior [ RunTime:0.000000s ]
INFO: [ app_init ] --END-- [ RunTime:0.001000s ]
INFO: [ app_begin ] --START--
INFO: Run Behavior\ReadHtmlCacheBehavior [ RunTime:0.000000s ]
INFO: [ app_begin ] --END-- [ RunTime:0.000000s ]
SQL: SHOW COLUMNS FROM `xk_teacher` [ RunTime:0.0150s ]
INFO: [ view_parse ] --START--
INFO: [ template_filter ] --START--
INFO: Run Behavior\ContentReplaceBehavior [ RunTime:0.000000s ]
INFO: [ template_filter ] --END-- [ RunTime:0.000000s ]
INFO: Run Behavior\ParseTemplateBehavior [ RunTime:0.031002s ]
INFO: [ view_parse ] --END-- [ RunTime:0.031002s ]
INFO: [ view_filter ] --START--
INFO: Run Behavior\WriteHtmlCacheBehavior [ RunTime:0.000000s ]
INFO: [ view_filter ] --END-- [ RunTime:0.000000s ]
INFO: [ app_end ] --START--
INFO: Run Behavior\ShowPageTraceBehavior [ RunTime:0.000000s ]
INFO: [ app_end ] --END-- [ RunTime:0.000000s ]

[ 2017-05-19T09:31:23+08:00 ] 127.0.0.1 /index.php/Login/favicon.ico
INFO: [ app_init ] --START--
INFO: Run Behavior\BuildLiteBehavior [ RunTime:0.000000s ]
INFO: [ app_init ] --END-- [ RunTime:0.001000s ]

[ 2017-05-19T09:31:27+08:00 ] 127.0.0.1 /index.php/Index/index.html
INFO: [ app_init ] --START--
INFO: Run Behavior\BuildLiteBehavior [ RunTime:0.000000s ]
INFO: [ app_init ] --END-- [ RunTime:0.001000s ]
INFO: [ app_begin ] --START--
INFO: Run Behavior\ReadHtmlCacheBehavior [ RunTime:0.001001s ]
INFO: [ app_begin ] --END-- [ RunTime:0.001001s ]
SQL: SHOW COLUMNS FROM `xk_depart` [ RunTime:0.0830s ]
SQL: SELECT * FROM `xk_depart`  [ RunTime:0.0010s ]
SQL: SHOW COLUMNS FROM `xk_order` [ RunTime:0.0360s ]
SQL: SELECT departname as dename,xk_student.realname as stuname,xk_teacher.realname as tename,xk_course.coursename as coname,xk_class.classname as clname FROM `xk_order` LEFT JOIN xk_student ON xk_order.student_id=xk_student.id LEFT JOIN xk_course ON xk_order.course_id=xk_course.id LEFT JOIN xk_teacher ON xk_course.teacher_id=xk_teacher.id LEFT JOIN xk_depart ON xk_student.depart_id=xk_depart.id LEFT JOIN xk_class ON xk_student.class_id=xk_class.id  WHERE ( xk_order.id>10 )  [ RunTime:0.0010s ]
INFO: [ view_parse ] --START--
INFO: [ template_filter ] --START--
INFO: Run Behavior\ContentReplaceBehavior [ RunTime:0.001000s ]
INFO: [ template_filter ] --END-- [ RunTime:0.001000s ]
NOTIC: [8] Undefined variable: title D:\phpStudy\WWW\bs\Runtime\Cache\Home\999366d19b620cb6e861521131242e5f.php 第 6 行.
INFO: Run Behavior\ParseTemplateBehavior [ RunTime:0.035002s ]
INFO: [ view_parse ] --END-- [ RunTime:0.035002s ]
INFO: [ view_filter ] --START--
INFO: Run Behavior\WriteHtmlCacheBehavior [ RunTime:0.002000s ]
INFO: [ view_filter ] --END-- [ RunTime:0.002000s ]
INFO: [ app_end ] --START--
INFO: Run Behavior\ShowPageTraceBehavior [ RunTime:0.002000s ]
INFO: [ app_end ] --END-- [ RunTime:0.002000s ]

[ 2017-05-19T09:31:28+08:00 ] 127.0.0.1 /index.php/Index/index.html
INFO: [ app_init ] --START--
INFO: Run Behavior\BuildLiteBehavior [ RunTime:0.000000s ]
INFO: [ app_init ] --END-- [ RunTime:0.001001s ]
INFO: [ app_begin ] --START--
INFO: Run Behavior\ReadHtmlCacheBehavior [ RunTime:0.000000s ]
INFO: [ app_begin ] --END-- [ RunTime:0.000000s ]
SQL: SHOW COLUMNS FROM `xk_depart` [ RunTime:0.0200s ]
SQL: SELECT * FROM `xk_depart`  [ RunTime:0.0000s ]
SQL: SHOW COLUMNS FROM `xk_order` [ RunTime:0.0120s ]
SQL: SELECT departname as dename,xk_student.realname as stuname,xk_teacher.realname as tename,xk_course.coursename as coname,xk_class.classname as clname FROM `xk_order` LEFT JOIN xk_student ON xk_order.student_id=xk_student.id LEFT JOIN xk_course ON xk_order.course_id=xk_course.id LEFT JOIN xk_teacher ON xk_course.teacher_id=xk_teacher.id LEFT JOIN xk_depart ON xk_student.depart_id=xk_depart.id LEFT JOIN xk_class ON xk_student.class_id=xk_class.id  WHERE ( xk_order.id>10 )  [ RunTime:0.0010s ]
INFO: [ view_parse ] --START--
INFO: [ template_filter ] --START--
INFO: Run Behavior\ContentReplaceBehavior [ RunTime:0.000000s ]
INFO: [ template_filter ] --END-- [ RunTime:0.000000s ]
NOTIC: [8] Undefined variable: title D:\phpStudy\WWW\bs\Runtime\Cache\Home\999366d19b620cb6e861521131242e5f.php 第 6 行.
INFO: Run Behavior\ParseTemplateBehavior [ RunTime:0.011000s ]
INFO: [ view_parse ] --END-- [ RunTime:0.011000s ]
INFO: [ view_filter ] --START--
INFO: Run Behavior\WriteHtmlCacheBehavior [ RunTime:0.000000s ]
INFO: [ view_filter ] --END-- [ RunTime:0.000000s ]
INFO: [ app_end ] --START--
INFO: Run Behavior\ShowPageTraceBehavior [ RunTime:0.000000s ]
INFO: [ app_end ] --END-- [ RunTime:0.000000s ]

[ 2017-05-19T09:31:30+08:00 ] 127.0.0.1 /index.php/Index/index.html
INFO: [ app_init ] --START--
INFO: Run Behavior\BuildLiteBehavior [ RunTime:0.000000s ]
INFO: [ app_init ] --END-- [ RunTime:0.001000s ]
INFO: [ app_begin ] --START--
INFO: Run Behavior\ReadHtmlCacheBehavior [ RunTime:0.001000s ]
INFO: [ app_begin ] --END-- [ RunTime:0.001000s ]
SQL: SHOW COLUMNS FROM `xk_depart` [ RunTime:0.0100s ]
SQL: SELECT * FROM `xk_depart`  [ RunTime:0.0000s ]
SQL: SHOW COLUMNS FROM `xk_order` [ RunTime:0.0110s ]
SQL: SELECT departname as dename,xk_student.realname as stuname,xk_teacher.realname as tename,xk_course.coursename as coname,xk_class.classname as clname FROM `xk_order` LEFT JOIN xk_student ON xk_order.student_id=xk_student.id LEFT JOIN xk_course ON xk_order.course_id=xk_course.id LEFT JOIN xk_teacher ON xk_course.teacher_id=xk_teacher.id LEFT JOIN xk_depart ON xk_student.depart_id=xk_depart.id LEFT JOIN xk_class ON xk_student.class_id=xk_class.id  WHERE ( xk_order.id>10 )  [ RunTime:0.0010s ]
INFO: [ view_parse ] --START--
INFO: [ template_filter ] --START--
INFO: Run Behavior\ContentReplaceBehavior [ RunTime:0.001000s ]
INFO: [ template_filter ] --END-- [ RunTime:0.001000s ]
NOTIC: [8] Undefined variable: title D:\phpStudy\WWW\bs\Runtime\Cache\Home\999366d19b620cb6e861521131242e5f.php 第 6 行.
INFO: Run Behavior\ParseTemplateBehavior [ RunTime:0.009001s ]
INFO: [ view_parse ] --END-- [ RunTime:0.009001s ]
INFO: [ view_filter ] --START--
INFO: Run Behavior\WriteHtmlCacheBehavior [ RunTime:0.000000s ]
INFO: [ view_filter ] --END-- [ RunTime:0.000000s ]
INFO: [ app_end ] --START--
INFO: Run Behavior\ShowPageTraceBehavior [ RunTime:0.000000s ]
INFO: [ app_end ] --END-- [ RunTime:0.001000s ]

[ 2017-05-19T09:31:30+08:00 ] 127.0.0.1 /index.php/Index/holder.js/80x80
INFO: [ app_init ] --START--
INFO: Run Behavior\BuildLiteBehavior [ RunTime:0.000000s ]
INFO: [ app_init ] --END-- [ RunTime:0.001000s ]
INFO: [ app_begin ] --START--
INFO: Run Behavior\ReadHtmlCacheBehavior [ RunTime:0.000000s ]
INFO: [ app_begin ] --END-- [ RunTime:0.000000s ]
ERR: 非法操作:holder.js

[ 2017-05-19T09:31:30+08:00 ] 127.0.0.1 /index.php/Index/holder.js/80x80
INFO: [ app_init ] --START--
INFO: Run Behavior\BuildLiteBehavior [ RunTime:0.000000s ]
INFO: [ app_init ] --END-- [ RunTime:0.001001s ]
INFO: [ app_begin ] --START--
INFO: Run Behavior\ReadHtmlCacheBehavior [ RunTime:0.001000s ]
INFO: [ app_begin ] --END-- [ RunTime:0.001000s ]
ERR: 非法操作:holder.js

[ 2017-05-19T09:31:40+08:00 ] 127.0.0.1 /index.php
INFO: [ app_init ] --START--
INFO: Run Behavior\BuildLiteBehavior [ RunTime:0.000000s ]
INFO: [ app_init ] --END-- [ RunTime:0.000000s ]
INFO: [ app_begin ] --START--
INFO: Run Behavior\ReadHtmlCacheBehavior [ RunTime:0.000000s ]
INFO: [ app_begin ] --END-- [ RunTime:0.000000s ]
SQL: SHOW COLUMNS FROM `xk_depart` [ RunTime:0.1102s ]
SQL: SELECT * FROM `xk_depart`  [ RunTime:0.0000s ]
SQL: SHOW COLUMNS FROM `xk_order` [ RunTime:0.0312s ]
SQL: SELECT departname as dename,xk_student.realname as stuname,xk_teacher.realname as tename,xk_course.coursename as coname,xk_class.classname as clname FROM `xk_order` LEFT JOIN xk_student ON xk_order.student_id=xk_student.id LEFT JOIN xk_course ON xk_order.course_id=xk_course.id LEFT JOIN xk_teacher ON xk_course.teacher_id=xk_teacher.id LEFT JOIN xk_depart ON xk_student.depart_id=xk_depart.id LEFT JOIN xk_class ON xk_student.class_id=xk_class.id  WHERE ( xk_order.id>10 )  [ RunTime:0.0000s ]
INFO: [ view_parse ] --START--
INFO: [ template_filter ] --START--
INFO: Run Behavior\ContentReplaceBehavior [ RunTime:0.000000s ]
INFO: [ template_filter ] --END-- [ RunTime:0.000000s ]
NOTIC: [8] Undefined variable: title D:\phpStudy\WWW\bs\Runtime\Cache\Home\999366d19b620cb6e861521131242e5f.php 第 6 行.
INFO: Run Behavior\ParseTemplateBehavior [ RunTime:0.031200s ]
INFO: [ view_parse ] --END-- [ RunTime:0.031200s ]
INFO: [ view_filter ] --START--
INFO: Run Behavior\WriteHtmlCacheBehavior [ RunTime:0.000000s ]
INFO: [ view_filter ] --END-- [ RunTime:0.000000s ]
INFO: [ app_end ] --START--
INFO: Run Behavior\ShowPageTraceBehavior [ RunTime:0.000000s ]
INFO: [ app_end ] --END-- [ RunTime:0.000000s ]

[ 2017-05-19T09:35:09+08:00 ] 127.0.0.1 /index.php/Ming/getOauth/type/qq.html
INFO: [ app_init ] --START--
INFO: Run Behavior\BuildLiteBehavior [ RunTime:0.000000s ]
INFO: [ app_init ] --END-- [ RunTime:0.001000s ]
INFO: [ app_begin ] --START--
INFO: Run Behavior\ReadHtmlCacheBehavior [ RunTime:0.000000s ]
INFO: [ app_begin ] --END-- [ RunTime:0.000000s ]
NOTIC: [2048] Only variables should be passed by reference D:\phpStudy\WWW\bs\TP\Library\Org\ThinkSDK\ThinkOauth.class.php 第 97 行.

[ 2017-05-19T09:38:19+08:00 ] 127.0.0.1 /index.php/Ming/getOauth/type/qq.html
INFO: [ app_init ] --START--
INFO: Run Behavior\BuildLiteBehavior [ RunTime:0.000000s ]
INFO: [ app_init ] --END-- [ RunTime:0.001000s ]
INFO: [ app_begin ] --START--
INFO: Run Behavior\ReadHtmlCacheBehavior [ RunTime:0.000000s ]
INFO: [ app_begin ] --END-- [ RunTime:0.000000s ]
NOTIC: [2048] Only variables should be passed by reference D:\phpStudy\WWW\bs\TP\Library\Org\ThinkSDK\ThinkOauth.class.php 第 97 行.

[ 2017-05-19T09:39:39+08:00 ] 127.0.0.1 /
INFO: [ app_init ] --START--
INFO: Run Behavior\BuildLiteBehavior [ RunTime:0.000000s ]
INFO: [ app_init ] --END-- [ RunTime:0.001000s ]
INFO: [ app_begin ] --START--
INFO: Run Behavior\ReadHtmlCacheBehavior [ RunTime:0.001000s ]
INFO: [ app_begin ] --END-- [ RunTime:0.001000s ]
SQL: SHOW COLUMNS FROM `xk_depart` [ RunTime:0.0100s ]
SQL: SELECT * FROM `xk_depart`  [ RunTime:0.0010s ]
SQL: SHOW COLUMNS FROM `xk_order` [ RunTime:0.0100s ]
SQL: SELECT departname as dename,xk_student.realname as stuname,xk_teacher.realname as tename,xk_course.coursename as coname,xk_class.classname as clname FROM `xk_order` LEFT JOIN xk_student ON xk_order.student_id=xk_student.id LEFT JOIN xk_course ON xk_order.course_id=xk_course.id LEFT JOIN xk_teacher ON xk_course.teacher_id=xk_teacher.id LEFT JOIN xk_depart ON xk_student.depart_id=xk_depart.id LEFT JOIN xk_class ON xk_student.class_id=xk_class.id  WHERE ( xk_order.id>10 )  [ RunTime:0.0010s ]
INFO: [ view_parse ] --START--
INFO: [ template_filter ] --START--
INFO: Run Behavior\ContentReplaceBehavior [ RunTime:0.000000s ]
INFO: [ template_filter ] --END-- [ RunTime:0.000000s ]
NOTIC: [8] Undefined variable: title D:\phpStudy\WWW\bs\Runtime\Cache\Home\999366d19b620cb6e861521131242e5f.php 第 6 行.
INFO: Run Behavior\ParseTemplateBehavior [ RunTime:0.017001s ]
INFO: [ view_parse ] --END-- [ RunTime:0.017001s ]
INFO: [ view_filter ] --START--
INFO: Run Behavior\WriteHtmlCacheBehavior [ RunTime:0.001000s ]
INFO: [ view_filter ] --END-- [ RunTime:0.001000s ]
INFO: [ app_end ] --START--
INFO: Run Behavior\ShowPageTraceBehavior [ RunTime:0.001000s ]
INFO: [ app_end ] --END-- [ RunTime:0.001000s ]

[ 2017-05-19T09:39:49+08:00 ] 127.0.0.1 /index.php/Ming/getOauth/type/qq.html
INFO: [ app_init ] --START--
INFO: Run Behavior\BuildLiteBehavior [ RunTime:0.000000s ]
INFO: [ app_init ] --END-- [ RunTime:0.000000s ]
INFO: [ app_begin ] --START--
INFO: Run Behavior\ReadHtmlCacheBehavior [ RunTime:0.001000s ]
INFO: [ app_begin ] --END-- [ RunTime:0.001000s ]
NOTIC: [2048] Only variables should be passed by reference D:\phpStudy\WWW\bs\TP\Library\Org\ThinkSDK\ThinkOauth.class.php 第 97 行.

[ 2017-05-19T09:41:18+08:00 ] 127.0.0.1 /
INFO: [ app_init ] --START--
INFO: Run Behavior\BuildLiteBehavior [ RunTime:0.000000s ]
INFO: [ app_init ] --END-- [ RunTime:0.000000s ]
INFO: [ app_begin ] --START--
INFO: Run Behavior\ReadHtmlCacheBehavior [ RunTime:0.000000s ]
INFO: [ app_begin ] --END-- [ RunTime:0.000000s ]
SQL: SHOW COLUMNS FROM `xk_depart` [ RunTime:0.0110s ]
SQL: SELECT * FROM `xk_depart`  [ RunTime:0.0010s ]
SQL: SHOW COLUMNS FROM `xk_order` [ RunTime:0.0100s ]
SQL: SELECT departname as dename,xk_student.realname as stuname,xk_teacher.realname as tename,xk_course.coursename as coname,xk_class.classname as clname FROM `xk_order` LEFT JOIN xk_student ON xk_order.student_id=xk_student.id LEFT JOIN xk_course ON xk_order.course_id=xk_course.id LEFT JOIN xk_teacher ON xk_course.teacher_id=xk_teacher.id LEFT JOIN xk_depart ON xk_student.depart_id=xk_depart.id LEFT JOIN xk_class ON xk_student.class_id=xk_class.id  WHERE ( xk_order.id>10 )  [ RunTime:0.0000s ]
INFO: [ view_parse ] --START--
INFO: [ template_filter ] --START--
INFO: Run Behavior\ContentReplaceBehavior [ RunTime:0.000000s ]
INFO: [ template_filter ] --END-- [ RunTime:0.000000s ]
NOTIC: [8] Undefined variable: title D:\phpStudy\WWW\bs\Runtime\Cache\Home\999366d19b620cb6e861521131242e5f.php 第 6 行.
INFO: Run Behavior\ParseTemplateBehavior [ RunTime:0.009000s ]
INFO: [ view_parse ] --END-- [ RunTime:0.009000s ]
INFO: [ view_filter ] --START--
INFO: Run Behavior\WriteHtmlCacheBehavior [ RunTime:0.001000s ]
INFO: [ view_filter ] --END-- [ RunTime:0.001000s ]
INFO: [ app_end ] --START--
INFO: Run Behavior\ShowPageTraceBehavior [ RunTime:0.000000s ]
INFO: [ app_end ] --END-- [ RunTime:0.000000s ]

[ 2017-05-19T13:00:09+08:00 ] 127.0.0.1 /
INFO: [ app_init ] --START--
INFO: Run Behavior\BuildLiteBehavior [ RunTime:0.000000s ]
INFO: [ app_init ] --END-- [ RunTime:0.001000s ]
INFO: [ app_begin ] --START--
INFO: Run Behavior\ReadHtmlCacheBehavior [ RunTime:0.001000s ]
INFO: [ app_begin ] --END-- [ RunTime:0.001000s ]
SQL: SHOW COLUMNS FROM `xk_depart` [ RunTime:0.0180s ]
SQL: SELECT * FROM `xk_depart`  [ RunTime:0.0000s ]
SQL: SHOW COLUMNS FROM `xk_order` [ RunTime:0.0120s ]
SQL: SELECT departname as dename,xk_student.realname as stuname,xk_teacher.realname as tename,xk_course.coursename as coname,xk_class.classname as clname FROM `xk_order` LEFT JOIN xk_student ON xk_order.student_id=xk_student.id LEFT JOIN xk_course ON xk_order.course_id=xk_course.id LEFT JOIN xk_teacher ON xk_course.teacher_id=xk_teacher.id LEFT JOIN xk_depart ON xk_student.depart_id=xk_depart.id LEFT JOIN xk_class ON xk_student.class_id=xk_class.id  WHERE ( xk_order.id>10 )  [ RunTime:0.0010s ]
INFO: [ view_parse ] --START--
INFO: [ template_filter ] --START--
INFO: Run Behavior\ContentReplaceBehavior [ RunTime:0.000000s ]
INFO: [ template_filter ] --END-- [ RunTime:0.000000s ]
NOTIC: [8] Undefined variable: title D:\phpStudy\WWW\bs\Runtime\Cache\Home\999366d19b620cb6e861521131242e5f.php 第 6 行.
NOTIC: [8] Array to string conversion D:\phpStudy\WWW\bs\Runtime\Cache\Home\999366d19b620cb6e861521131242e5f.php 第 96 行.
NOTIC: [8] Undefined index: role D:\phpStudy\WWW\bs\Runtime\Cache\Home\999366d19b620cb6e861521131242e5f.php 第 98 行.
NOTIC: [8] Undefined index: role D:\phpStudy\WWW\bs\Runtime\Cache\Home\999366d19b620cb6e861521131242e5f.php 第 105 行.
INFO: Run Behavior\ParseTemplateBehavior [ RunTime:0.032002s ]
INFO: [ view_parse ] --END-- [ RunTime:0.032002s ]
INFO: [ view_filter ] --START--
INFO: Run Behavior\WriteHtmlCacheBehavior [ RunTime:0.001000s ]
INFO: [ view_filter ] --END-- [ RunTime:0.001000s ]
INFO: [ app_end ] --START--
INFO: Run Behavior\ShowPageTraceBehavior [ RunTime:0.000000s ]
INFO: [ app_end ] --END-- [ RunTime:0.000000s ]

[ 2017-05-19T13:01:09+08:00 ] 127.0.0.1 /
INFO: [ app_init ] --START--
INFO: Run Behavior\BuildLiteBehavior [ RunTime:0.000000s ]
INFO: [ app_init ] --END-- [ RunTime:0.000000s ]
INFO: [ app_begin ] --START--
INFO: Run Behavior\ReadHtmlCacheBehavior [ RunTime:0.000000s ]
INFO: [ app_begin ] --END-- [ RunTime:0.000000s ]
SQL: SHOW COLUMNS FROM `xk_depart` [ RunTime:0.0400s ]
SQL: SELECT * FROM `xk_depart`  [ RunTime:0.0010s ]
SQL: SHOW COLUMNS FROM `xk_order` [ RunTime:0.0200s ]
SQL: SELECT departname as dename,xk_student.realname as stuname,xk_teacher.realname as tename,xk_course.coursename as coname,xk_class.classname as clname FROM `xk_order` LEFT JOIN xk_student ON xk_order.student_id=xk_student.id LEFT JOIN xk_course ON xk_order.course_id=xk_course.id LEFT JOIN xk_teacher ON xk_course.teacher_id=xk_teacher.id LEFT JOIN xk_depart ON xk_student.depart_id=xk_depart.id LEFT JOIN xk_class ON xk_student.class_id=xk_class.id  WHERE ( xk_order.id>10 )  [ RunTime:0.0010s ]
INFO: [ view_parse ] --START--
INFO: [ template_filter ] --START--
INFO: Run Behavior\ContentReplaceBehavior [ RunTime:0.001000s ]
INFO: [ template_filter ] --END-- [ RunTime:0.001000s ]
NOTIC: [8] Undefined variable: title D:\phpStudy\WWW\bs\Runtime\Cache\Home\999366d19b620cb6e861521131242e5f.php 第 6 行.
NOTIC: [8] Array to string conversion D:\phpStudy\WWW\bs\Runtime\Cache\Home\999366d19b620cb6e861521131242e5f.php 第 96 行.
NOTIC: [8] Undefined index: role D:\phpStudy\WWW\bs\Runtime\Cache\Home\999366d19b620cb6e861521131242e5f.php 第 98 行.
NOTIC: [8] Undefined index: role D:\phpStudy\WWW\bs\Runtime\Cache\Home\999366d19b620cb6e861521131242e5f.php 第 105 行.
INFO: Run Behavior\ParseTemplateBehavior [ RunTime:0.009001s ]
INFO: [ view_parse ] --END-- [ RunTime:0.009001s ]
INFO: [ view_filter ] --START--
INFO: Run Behavior\WriteHtmlCacheBehavior [ RunTime:0.000000s ]
INFO: [ view_filter ] --END-- [ RunTime:0.000000s ]
INFO: [ app_end ] --START--
INFO: Run Behavior\ShowPageTraceBehavior [ RunTime:0.001000s ]
INFO: [ app_end ] --END-- [ RunTime:0.001000s ]

[ 2017-05-19T13:01:25+08:00 ] 127.0.0.1 /
INFO: [ app_init ] --START--
INFO: Run Behavior\BuildLiteBehavior [ RunTime:0.000000s ]
INFO: [ app_init ] --END-- [ RunTime:0.000000s ]
INFO: [ app_begin ] --START--
INFO: Run Behavior\ReadHtmlCacheBehavior [ RunTime:0.001000s ]
INFO: [ app_begin ] --END-- [ RunTime:0.001000s ]
SQL: SHOW COLUMNS FROM `xk_depart` [ RunTime:0.0160s ]
SQL: SELECT * FROM `xk_depart`  [ RunTime:0.0000s ]
SQL: SHOW COLUMNS FROM `xk_order` [ RunTime:0.0150s ]
SQL: SELECT departname as dename,xk_student.realname as stuname,xk_teacher.realname as tename,xk_course.coursename as coname,xk_class.classname as clname FROM `xk_order` LEFT JOIN xk_student ON xk_order.student_id=xk_student.id LEFT JOIN xk_course ON xk_order.course_id=xk_course.id LEFT JOIN xk_teacher ON xk_course.teacher_id=xk_teacher.id LEFT JOIN xk_depart ON xk_student.depart_id=xk_depart.id LEFT JOIN xk_class ON xk_student.class_id=xk_class.id  WHERE ( xk_order.id>10 )  [ RunTime:0.0010s ]
INFO: [ view_parse ] --START--
INFO: [ template_filter ] --START--
INFO: Run Behavior\ContentReplaceBehavior [ RunTime:0.000000s ]
INFO: [ template_filter ] --END-- [ RunTime:0.000000s ]
NOTIC: [8] Undefined variable: title D:\phpStudy\WWW\bs\Runtime\Cache\Home\999366d19b620cb6e861521131242e5f.php 第 6 行.
NOTIC: [8] Array to string conversion D:\phpStudy\WWW\bs\Runtime\Cache\Home\999366d19b620cb6e861521131242e5f.php 第 96 行.
NOTIC: [8] Undefined index: role D:\phpStudy\WWW\bs\Runtime\Cache\Home\999366d19b620cb6e861521131242e5f.php 第 98 行.
NOTIC: [8] Undefined index: role D:\phpStudy\WWW\bs\Runtime\Cache\Home\999366d19b620cb6e861521131242e5f.php 第 105 行.
INFO: Run Behavior\ParseTemplateBehavior [ RunTime:0.014001s ]
INFO: [ view_parse ] --END-- [ RunTime:0.014001s ]
INFO: [ view_filter ] --START--
INFO: Run Behavior\WriteHtmlCacheBehavior [ RunTime:0.001000s ]
INFO: [ view_filter ] --END-- [ RunTime:0.001000s ]
INFO: [ app_end ] --START--
INFO: Run Behavior\ShowPageTraceBehavior [ RunTime:0.000000s ]
INFO: [ app_end ] --END-- [ RunTime:0.000000s ]

[ 2017-05-19T13:01:29+08:00 ] 127.0.0.1 /index.php/Login/logout.html
INFO: [ app_init ] --START--
INFO: Run Behavior\BuildLiteBehavior [ RunTime:0.000000s ]
INFO: [ app_init ] --END-- [ RunTime:0.000000s ]
INFO: [ app_begin ] --START--
INFO: Run Behavior\ReadHtmlCacheBehavior [ RunTime:0.000000s ]
INFO: [ app_begin ] --END-- [ RunTime:0.000000s ]
SQL: SHOW COLUMNS FROM `xk_teacher` [ RunTime:0.0150s ]
INFO: [ view_parse ] --START--
INFO: [ template_filter ] --START--
INFO: Run Behavior\ContentReplaceBehavior [ RunTime:0.000000s ]
INFO: [ template_filter ] --END-- [ RunTime:0.000000s ]
INFO: Run Behavior\ParseTemplateBehavior [ RunTime:0.030001s ]
INFO: [ view_parse ] --END-- [ RunTime:0.030001s ]
INFO: [ view_filter ] --START--
INFO: Run Behavior\WriteHtmlCacheBehavior [ RunTime:0.001001s ]
INFO: [ view_filter ] --END-- [ RunTime:0.001001s ]
INFO: [ app_end ] --START--
INFO: Run Behavior\ShowPageTraceBehavior [ RunTime:0.001000s ]
INFO: [ app_end ] --END-- [ RunTime:0.001000s ]

[ 2017-05-19T13:01:29+08:00 ] 127.0.0.1 /index.php/Login/favicon.ico
INFO: [ app_init ] --START--
INFO: Run Behavior\BuildLiteBehavior [ RunTime:0.000000s ]
INFO: [ app_init ] --END-- [ RunTime:0.000000s ]

[ 2017-05-19T13:01:31+08:00 ] 127.0.0.1 /index.php/Index/index.html
INFO: [ app_init ] --START--
INFO: Run Behavior\BuildLiteBehavior [ RunTime:0.000000s ]
INFO: [ app_init ] --END-- [ RunTime:0.001000s ]
INFO: [ app_begin ] --START--
INFO: Run Behavior\ReadHtmlCacheBehavior [ RunTime:0.001000s ]
INFO: [ app_begin ] --END-- [ RunTime:0.001000s ]
SQL: SHOW COLUMNS FROM `xk_depart` [ RunTime:0.1430s ]
SQL: SELECT * FROM `xk_depart`  [ RunTime:0.0010s ]
SQL: SHOW COLUMNS FROM `xk_order` [ RunTime:0.0380s ]
SQL: SELECT departname as dename,xk_student.realname as stuname,xk_teacher.realname as tename,xk_course.coursename as coname,xk_class.classname as clname FROM `xk_order` LEFT JOIN xk_student ON xk_order.student_id=xk_student.id LEFT JOIN xk_course ON xk_order.course_id=xk_course.id LEFT JOIN xk_teacher ON xk_course.teacher_id=xk_teacher.id LEFT JOIN xk_depart ON xk_student.depart_id=xk_depart.id LEFT JOIN xk_class ON xk_student.class_id=xk_class.id  WHERE ( xk_order.id>10 )  [ RunTime:0.0020s ]
INFO: [ view_parse ] --START--
INFO: [ template_filter ] --START--
INFO: Run Behavior\ContentReplaceBehavior [ RunTime:0.000000s ]
INFO: [ template_filter ] --END-- [ RunTime:0.000000s ]
NOTIC: [8] Undefined variable: title D:\phpStudy\WWW\bs\Runtime\Cache\Home\999366d19b620cb6e861521131242e5f.php 第 6 行.
INFO: Run Behavior\ParseTemplateBehavior [ RunTime:0.023002s ]
INFO: [ view_parse ] --END-- [ RunTime:0.023002s ]
INFO: [ view_filter ] --START--
INFO: Run Behavior\WriteHtmlCacheBehavior [ RunTime:0.000000s ]
INFO: [ view_filter ] --END-- [ RunTime:0.000000s ]
INFO: [ app_end ] --START--
INFO: Run Behavior\ShowPageTraceBehavior [ RunTime:0.001000s ]
INFO: [ app_end ] --END-- [ RunTime:0.002001s ]

[ 2017-05-19T13:01:32+08:00 ] 127.0.0.1 /index.php/Index/index.html
INFO: [ app_init ] --START--
INFO: Run Behavior\BuildLiteBehavior [ RunTime:0.000000s ]
INFO: [ app_init ] --END-- [ RunTime:0.001000s ]
INFO: [ app_begin ] --START--
INFO: Run Behavior\ReadHtmlCacheBehavior [ RunTime:0.001000s ]
INFO: [ app_begin ] --END-- [ RunTime:0.001000s ]
SQL: SHOW COLUMNS FROM `xk_depart` [ RunTime:0.0110s ]
SQL: SELECT * FROM `xk_depart`  [ RunTime:0.0010s ]
SQL: SHOW COLUMNS FROM `xk_order` [ RunTime:0.0100s ]
SQL: SELECT departname as dename,xk_student.realname as stuname,xk_teacher.realname as tename,xk_course.coursename as coname,xk_class.classname as clname FROM `xk_order` LEFT JOIN xk_student ON xk_order.student_id=xk_student.id LEFT JOIN xk_course ON xk_order.course_id=xk_course.id LEFT JOIN xk_teacher ON xk_course.teacher_id=xk_teacher.id LEFT JOIN xk_depart ON xk_student.depart_id=xk_depart.id LEFT JOIN xk_class ON xk_student.class_id=xk_class.id  WHERE ( xk_order.id>10 )  [ RunTime:0.0010s ]
INFO: [ view_parse ] --START--
INFO: [ template_filter ] --START--
INFO: Run Behavior\ContentReplaceBehavior [ RunTime:0.000000s ]
INFO: [ template_filter ] --END-- [ RunTime:0.000000s ]
NOTIC: [8] Undefined variable: title D:\phpStudy\WWW\bs\Runtime\Cache\Home\999366d19b620cb6e861521131242e5f.php 第 6 行.
INFO: Run Behavior\ParseTemplateBehavior [ RunTime:0.008001s ]
INFO: [ view_parse ] --END-- [ RunTime:0.008001s ]
INFO: [ view_filter ] --START--
INFO: Run Behavior\WriteHtmlCacheBehavior [ RunTime:0.001000s ]
INFO: [ view_filter ] --END-- [ RunTime:0.001000s ]
INFO: [ app_end ] --START--
INFO: Run Behavior\ShowPageTraceBehavior [ RunTime:0.000000s ]
INFO: [ app_end ] --END-- [ RunTime:0.000000s ]

[ 2017-05-19T13:01:34+08:00 ] 127.0.0.1 /index.php/Index/index.html
INFO: [ app_init ] --START--
INFO: Run Behavior\BuildLiteBehavior [ RunTime:0.000000s ]
INFO: [ app_init ] --END-- [ RunTime:0.001000s ]
INFO: [ app_begin ] --START--
INFO: Run Behavior\ReadHtmlCacheBehavior [ RunTime:0.001000s ]
INFO: [ app_begin ] --END-- [ RunTime:0.001000s ]
SQL: SHOW COLUMNS FROM `xk_depart` [ RunTime:0.0110s ]
SQL: SELECT * FROM `xk_depart`  [ RunTime:0.0010s ]
SQL: SHOW COLUMNS FROM `xk_order` [ RunTime:0.0100s ]
SQL: SELECT departname as dename,xk_student.realname as stuname,xk_teacher.realname as tename,xk_course.coursename as coname,xk_class.classname as clname FROM `xk_order` LEFT JOIN xk_student ON xk_order.student_id=xk_student.id LEFT JOIN xk_course ON xk_order.course_id=xk_course.id LEFT JOIN xk_teacher ON xk_course.teacher_id=xk_teacher.id LEFT JOIN xk_depart ON xk_student.depart_id=xk_depart.id LEFT JOIN xk_class ON xk_student.class_id=xk_class.id  WHERE ( xk_order.id>10 )  [ RunTime:0.0010s ]
INFO: [ view_parse ] --START--
INFO: [ template_filter ] --START--
INFO: Run Behavior\ContentReplaceBehavior [ RunTime:0.000000s ]
INFO: [ template_filter ] --END-- [ RunTime:0.000000s ]
NOTIC: [8] Undefined variable: title D:\phpStudy\WWW\bs\Runtime\Cache\Home\999366d19b620cb6e861521131242e5f.php 第 6 行.
INFO: Run Behavior\ParseTemplateBehavior [ RunTime:0.008000s ]
INFO: [ view_parse ] --END-- [ RunTime:0.008000s ]
INFO: [ view_filter ] --START--
INFO: Run Behavior\WriteHtmlCacheBehavior [ RunTime:0.000000s ]
INFO: [ view_filter ] --END-- [ RunTime:0.000000s ]
INFO: [ app_end ] --START--
INFO: Run Behavior\ShowPageTraceBehavior [ RunTime:0.001000s ]
INFO: [ app_end ] --END-- [ RunTime:0.001000s ]

[ 2017-05-19T13:01:34+08:00 ] 127.0.0.1 /index.php/Index/holder.js/80x80
INFO: [ app_init ] --START--
INFO: Run Behavior\BuildLiteBehavior [ RunTime:0.000000s ]
INFO: [ app_init ] --END-- [ RunTime:0.000000s ]
INFO: [ app_begin ] --START--
INFO: Run Behavior\ReadHtmlCacheBehavior [ RunTime:0.000000s ]
INFO: [ app_begin ] --END-- [ RunTime:0.000000s ]
ERR: 非法操作:holder.js

[ 2017-05-19T13:01:41+08:00 ] 127.0.0.1 /index.php/Public/checkusername
INFO: [ app_init ] --START--
INFO: Run Behavior\BuildLiteBehavior [ RunTime:0.000000s ]
INFO: [ app_init ] --END-- [ RunTime:0.000000s ]
INFO: [ app_begin ] --START--
INFO: Run Behavior\ReadHtmlCacheBehavior [ RunTime:0.001001s ]
INFO: [ app_begin ] --END-- [ RunTime:0.001001s ]
SQL: SHOW COLUMNS FROM `xk_student` [ RunTime:0.0410s ]
SQL: SHOW COLUMNS FROM `xk_teacher` [ RunTime:0.0170s ]
SQL: SELECT * FROM `xk_student` WHERE `username` = 'wangwen' LIMIT 1   [ RunTime:0.0000s ]
SQL: SELECT * FROM `xk_teacher` WHERE `username` = 'wangwen' LIMIT 1   [ RunTime:0.0010s ]

[ 2017-05-19T13:01:46+08:00 ] 127.0.0.1 /index.php/Public/checkusername
INFO: [ app_init ] --START--
INFO: Run Behavior\BuildLiteBehavior [ RunTime:0.000000s ]
INFO: [ app_init ] --END-- [ RunTime:0.001000s ]
INFO: [ app_begin ] --START--
INFO: Run Behavior\ReadHtmlCacheBehavior [ RunTime:0.001000s ]
INFO: [ app_begin ] --END-- [ RunTime:0.001000s ]
SQL: SHOW COLUMNS FROM `xk_student` [ RunTime:0.0360s ]
SQL: SHOW COLUMNS FROM `xk_teacher` [ RunTime:0.0340s ]
SQL: SELECT * FROM `xk_student` WHERE `username` = 'wangwen' LIMIT 1   [ RunTime:0.0010s ]
SQL: SELECT * FROM `xk_teacher` WHERE `username` = 'wangwen' LIMIT 1   [ RunTime:0.0010s ]

[ 2017-05-19T13:01:48+08:00 ] 127.0.0.1 /index.php/Login/dologin.html
INFO: [ app_init ] --START--
INFO: Run Behavior\BuildLiteBehavior [ RunTime:0.000000s ]
INFO: [ app_init ] --END-- [ RunTime:0.000000s ]
INFO: [ app_begin ] --START--
INFO: Run Behavior\ReadHtmlCacheBehavior [ RunTime:0.001000s ]
INFO: [ app_begin ] --END-- [ RunTime:0.001000s ]
SQL: SHOW COLUMNS FROM `xk_student` [ RunTime:0.0180s ]
NOTIC: [8] Undefined index: validate D:\phpStudy\WWW\bs\TP\Library\Think\Model.class.php 第 1185 行.
NOTIC: [8] Undefined index: auto D:\phpStudy\WWW\bs\TP\Library\Think\Model.class.php 第 1128 行.
SQL: SELECT * FROM `xk_student` WHERE `username` = 'wangwen' LIMIT 1   [ RunTime:0.0010s ]
NOTIC: [2] Missing argument 2 for toJson(), called in D:\phpStudy\WWW\bs\App\Home\Controller\LoginController.class.php on line 26 and defined D:\phpStudy\WWW\bs\App\Home\Common\function.php 第 41 行.
NOTIC: [2] Missing argument 3 for toJson(), called in D:\phpStudy\WWW\bs\App\Home\Controller\LoginController.class.php on line 26 and defined D:\phpStudy\WWW\bs\App\Home\Common\function.php 第 41 行.

[ 2017-05-19T13:01:52+08:00 ] 127.0.0.1 /index.php/Public/checkusername
INFO: [ app_init ] --START--
INFO: Run Behavior\BuildLiteBehavior [ RunTime:0.000000s ]
INFO: [ app_init ] --END-- [ RunTime:0.001000s ]
INFO: [ app_begin ] --START--
INFO: Run Behavior\ReadHtmlCacheBehavior [ RunTime:0.001000s ]
INFO: [ app_begin ] --END-- [ RunTime:0.001000s ]
SQL: SHOW COLUMNS FROM `xk_student` [ RunTime:0.0240s ]
SQL: SHOW COLUMNS FROM `xk_teacher` [ RunTime:0.0240s ]
SQL: SELECT * FROM `xk_student` WHERE `username` = 'wangwen' LIMIT 1   [ RunTime:0.0010s ]
SQL: SELECT * FROM `xk_teacher` WHERE `username` = 'wangwen' LIMIT 1   [ RunTime:0.0010s ]

[ 2017-05-19T13:01:53+08:00 ] 127.0.0.1 /index.php/Login/dologin.html
INFO: [ app_init ] --START--
INFO: Run Behavior\BuildLiteBehavior [ RunTime:0.000000s ]
INFO: [ app_init ] --END-- [ RunTime:0.000000s ]
INFO: [ app_begin ] --START--
INFO: Run Behavior\ReadHtmlCacheBehavior [ RunTime:0.001000s ]
INFO: [ app_begin ] --END-- [ RunTime:0.001000s ]
SQL: SHOW COLUMNS FROM `xk_student` [ RunTime:0.0170s ]
NOTIC: [8] Undefined index: validate D:\phpStudy\WWW\bs\TP\Library\Think\Model.class.php 第 1185 行.
NOTIC: [8] Undefined index: auto D:\phpStudy\WWW\bs\TP\Library\Think\Model.class.php 第 1128 行.
SQL: SELECT * FROM `xk_student` WHERE `username` = 'wangwen' LIMIT 1   [ RunTime:0.0010s ]

[ 2017-05-19T13:01:56+08:00 ] 127.0.0.1 /index.php/Student/course.html
INFO: [ app_init ] --START--
INFO: Run Behavior\BuildLiteBehavior [ RunTime:0.000000s ]
INFO: [ app_init ] --END-- [ RunTime:0.001000s ]
INFO: [ app_begin ] --START--
INFO: Run Behavior\ReadHtmlCacheBehavior [ RunTime:0.000000s ]
INFO: [ app_begin ] --END-- [ RunTime:0.000000s ]
SQL: SHOW COLUMNS FROM `xk_student` [ RunTime:0.0140s ]
SQL: SELECT * FROM `xk_student` WHERE `username` = 'wangwen' LIMIT 1   [ RunTime:0.0010s ]
SQL: SHOW COLUMNS FROM `xk_order` [ RunTime:0.0130s ]
SQL: SELECT xk_teacher.realname as tename,xk_order.id as oid,xk_course.coursename as coname,`choosenum`,xk_order.id as oid,`is_success`,`isreceive` FROM `xk_order` LEFT JOIN xk_course ON xk_order.course_id=xk_course.id LEFT JOIN xk_teacher ON xk_course.teacher_id=xk_teacher.id  WHERE ( student_id=45 )  [ RunTime:0.0000s ]
INFO: [ view_parse ] --START--
INFO: [ template_filter ] --START--
INFO: Run Behavior\ContentReplaceBehavior [ RunTime:0.000000s ]
INFO: [ template_filter ] --END-- [ RunTime:0.000000s ]
NOTIC: [8] Undefined variable: title D:\phpStudy\WWW\bs\Runtime\Cache\Home\bd0019e6bf412b9b712962edb6159b76.php 第 6 行.
INFO: Run Behavior\ParseTemplateBehavior [ RunTime:0.047003s ]
INFO: [ view_parse ] --END-- [ RunTime:0.047003s ]
INFO: [ view_filter ] --START--
INFO: Run Behavior\WriteHtmlCacheBehavior [ RunTime:0.001000s ]
INFO: [ view_filter ] --END-- [ RunTime:0.001000s ]
INFO: [ app_end ] --START--
INFO: Run Behavior\ShowPageTraceBehavior [ RunTime:0.001000s ]
INFO: [ app_end ] --END-- [ RunTime:0.001000s ]

[ 2017-05-19T13:01:57+08:00 ] 127.0.0.1 /index.php/Student/holder.js/80x80
INFO: [ app_init ] --START--
INFO: Run Behavior\BuildLiteBehavior [ RunTime:0.000000s ]
INFO: [ app_init ] --END-- [ RunTime:0.001000s ]
INFO: [ app_begin ] --START--
INFO: Run Behavior\ReadHtmlCacheBehavior [ RunTime:0.001000s ]
INFO: [ app_begin ] --END-- [ RunTime:0.001000s ]
SQL: SHOW COLUMNS FROM `xk_student` [ RunTime:0.0180s ]
SQL: SELECT * FROM `xk_student` WHERE `username` = 'wangwen' LIMIT 1   [ RunTime:0.0010s ]
ERR: 非法操作:holder.js

[ 2017-05-19T14:31:25+08:00 ] 127.0.0.1 /
INFO: [ app_init ] --START--
INFO: Run Behavior\BuildLiteBehavior [ RunTime:0.000000s ]
INFO: [ app_init ] --END-- [ RunTime:0.001000s ]
INFO: [ app_begin ] --START--
INFO: Run Behavior\ReadHtmlCacheBehavior [ RunTime:0.001000s ]
INFO: [ app_begin ] --END-- [ RunTime:0.001000s ]
SQL: SHOW COLUMNS FROM `xk_depart` [ RunTime:0.0150s ]
SQL: SELECT * FROM `xk_depart`  [ RunTime:0.0000s ]
SQL: SHOW COLUMNS FROM `xk_order` [ RunTime:0.0310s ]
SQL: SELECT departname as dename,xk_student.realname as stuname,xk_teacher.realname as tename,xk_course.coursename as coname,xk_class.classname as clname FROM `xk_order` LEFT JOIN xk_student ON xk_order.student_id=xk_student.id LEFT JOIN xk_course ON xk_order.course_id=xk_course.id LEFT JOIN xk_teacher ON xk_course.teacher_id=xk_teacher.id LEFT JOIN xk_depart ON xk_student.depart_id=xk_depart.id LEFT JOIN xk_class ON xk_student.class_id=xk_class.id  WHERE ( xk_order.id>10 )  [ RunTime:0.0010s ]
INFO: [ view_parse ] --START--
INFO: [ template_filter ] --START--
INFO: Run Behavior\ContentReplaceBehavior [ RunTime:0.001001s ]
INFO: [ template_filter ] --END-- [ RunTime:0.001001s ]
NOTIC: [8] Undefined variable: title D:\phpStudy\WWW\bs\Runtime\Cache\Home\999366d19b620cb6e861521131242e5f.php 第 6 行.
INFO: Run Behavior\ParseTemplateBehavior [ RunTime:0.050003s ]
INFO: [ view_parse ] --END-- [ RunTime:0.050003s ]
INFO: [ view_filter ] --START--
INFO: Run Behavior\WriteHtmlCacheBehavior [ RunTime:0.000000s ]
INFO: [ view_filter ] --END-- [ RunTime:0.001000s ]
INFO: [ app_end ] --START--
INFO: Run Behavior\ShowPageTraceBehavior [ RunTime:0.001000s ]
INFO: [ app_end ] --END-- [ RunTime:0.001000s ]

[ 2017-05-19T14:31:29+08:00 ] 127.0.0.1 /index.php/Depart/detail/id/3.html
INFO: [ app_init ] --START--
INFO: Run Behavior\BuildLiteBehavior [ RunTime:0.000000s ]
INFO: [ app_init ] --END-- [ RunTime:0.001000s ]
INFO: [ app_begin ] --START--
INFO: Run Behavior\ReadHtmlCacheBehavior [ RunTime:0.000000s ]
INFO: [ app_begin ] --END-- [ RunTime:0.000000s ]
SQL: SHOW COLUMNS FROM `xk_depart` [ RunTime:0.0200s ]
SQL: SELECT `departname` FROM `xk_depart` WHERE `id` = 3 LIMIT 1   [ RunTime:0.0000s ]
SQL: SHOW COLUMNS FROM `xk_order` [ RunTime:0.0150s ]
SQL: SELECT COUNT(*) AS tp_count FROM `xk_order` WHERE `depart_id` = 3 AND `is_success` = 1 LIMIT 1   [ RunTime:0.0210s ]
SQL: SELECT departname as dename,xk_student.realname as stuname,xk_teacher.realname as tename,xk_course.coursename as coname,xk_class.classname as clname FROM `xk_order` LEFT JOIN xk_student ON xk_order.student_id=xk_student.id LEFT JOIN xk_course ON xk_order.course_id=xk_course.id LEFT JOIN xk_teacher ON xk_course.teacher_id=xk_teacher.id LEFT JOIN xk_depart ON xk_student.depart_id=xk_depart.id LEFT JOIN xk_class ON xk_student.class_id=xk_class.id  WHERE ( xk_order.depart_id=3 ) LIMIT 0,10   [ RunTime:0.0000s ]
INFO: [ view_parse ] --START--
INFO: [ template_filter ] --START--
INFO: Run Behavior\ContentReplaceBehavior [ RunTime:0.000000s ]
INFO: [ template_filter ] --END-- [ RunTime:0.001000s ]
NOTIC: [8] Undefined variable: title D:\phpStudy\WWW\bs\Runtime\Cache\Home\c259c7a5a8db6d4ac95597bb78d09916.php 第 6 行.
INFO: Run Behavior\ParseTemplateBehavior [ RunTime:0.056003s ]
INFO: [ view_parse ] --END-- [ RunTime:0.056003s ]
INFO: [ view_filter ] --START--
INFO: Run Behavior\WriteHtmlCacheBehavior [ RunTime:0.001000s ]
INFO: [ view_filter ] --END-- [ RunTime:0.001000s ]
INFO: [ app_end ] --START--
INFO: Run Behavior\ShowPageTraceBehavior [ RunTime:0.001000s ]
INFO: [ app_end ] --END-- [ RunTime:0.001000s ]

[ 2017-05-19T14:31:31+08:00 ] 127.0.0.1 /index.php/Depart/detail/id/holder.js/80x80
INFO: [ app_init ] --START--
INFO: Run Behavior\BuildLiteBehavior [ RunTime:0.000000s ]
INFO: [ app_init ] --END-- [ RunTime:0.000000s ]
INFO: [ app_begin ] --START--
INFO: Run Behavior\ReadHtmlCacheBehavior [ RunTime:0.000000s ]
INFO: [ app_begin ] --END-- [ RunTime:0.001000s ]
SQL: SHOW COLUMNS FROM `xk_depart` [ RunTime:0.0180s ]
SQL: SELECT `departname` FROM `xk_depart` WHERE `id` = 0 LIMIT 1   [ RunTime:0.0000s ]
SQL: SHOW COLUMNS FROM `xk_order` [ RunTime:0.0130s ]
SQL: SELECT COUNT(*) AS tp_count FROM `xk_order` WHERE `depart_id` = 0 AND `is_success` = 1 LIMIT 1   [ RunTime:0.0010s ]
ERR: 1054:Unknown column 'holder.js' in 'where clause'
 [ SQL语句 ] : SELECT departname as dename,xk_student.realname as stuname,xk_teacher.realname as tename,xk_course.coursename as coname,xk_class.classname as clname FROM `xk_order` LEFT JOIN xk_student ON xk_order.student_id=xk_student.id LEFT JOIN xk_course ON xk_order.course_id=xk_course.id LEFT JOIN xk_teacher ON xk_course.teacher_id=xk_teacher.id LEFT JOIN xk_depart ON xk_student.depart_id=xk_depart.id LEFT JOIN xk_class ON xk_student.class_id=xk_class.id  WHERE ( xk_order.depart_id=holder.js ) LIMIT 0,10  
ERR: 1054:Unknown column 'holder.js' in 'where clause'
 [ SQL语句 ] : SELECT departname as dename,xk_student.realname as stuname,xk_teacher.realname as tename,xk_course.coursename as coname,xk_class.classname as clname FROM `xk_order` LEFT JOIN xk_student ON xk_order.student_id=xk_student.id LEFT JOIN xk_course ON xk_order.course_id=xk_course.id LEFT JOIN xk_teacher ON xk_course.teacher_id=xk_teacher.id LEFT JOIN xk_depart ON xk_student.depart_id=xk_depart.id LEFT JOIN xk_class ON xk_student.class_id=xk_class.id  WHERE ( xk_order.depart_id=holder.js ) LIMIT 0,10  

[ 2017-05-19T14:31:36+08:00 ] 127.0.0.1 /index.php/Depart/detail/id/5.html
INFO: [ app_init ] --START--
INFO: Run Behavior\BuildLiteBehavior [ RunTime:0.000000s ]
INFO: [ app_init ] --END-- [ RunTime:0.000000s ]
INFO: [ app_begin ] --START--
INFO: Run Behavior\ReadHtmlCacheBehavior [ RunTime:0.000000s ]
INFO: [ app_begin ] --END-- [ RunTime:0.000000s ]
SQL: SHOW COLUMNS FROM `xk_depart` [ RunTime:0.0180s ]
SQL: SELECT `departname` FROM `xk_depart` WHERE `id` = 5 LIMIT 1   [ RunTime:0.0010s ]
SQL: SHOW COLUMNS FROM `xk_order` [ RunTime:0.0180s ]
SQL: SELECT COUNT(*) AS tp_count FROM `xk_order` WHERE `depart_id` = 5 AND `is_success` = 1 LIMIT 1   [ RunTime:0.0010s ]
SQL: SELECT departname as dename,xk_student.realname as stuname,xk_teacher.realname as tename,xk_course.coursename as coname,xk_class.classname as clname FROM `xk_order` LEFT JOIN xk_student ON xk_order.student_id=xk_student.id LEFT JOIN xk_course ON xk_order.course_id=xk_course.id LEFT JOIN xk_teacher ON xk_course.teacher_id=xk_teacher.id LEFT JOIN xk_depart ON xk_student.depart_id=xk_depart.id LEFT JOIN xk_class ON xk_student.class_id=xk_class.id  WHERE ( xk_order.depart_id=5 ) LIMIT 0,10   [ RunTime:0.0010s ]
INFO: [ view_parse ] --START--
INFO: [ template_filter ] --START--
INFO: Run Behavior\ContentReplaceBehavior [ RunTime:0.000000s ]
INFO: [ template_filter ] --END-- [ RunTime:0.000000s ]
NOTIC: [8] Undefined variable: title D:\phpStudy\WWW\bs\Runtime\Cache\Home\c259c7a5a8db6d4ac95597bb78d09916.php 第 6 行.
INFO: Run Behavior\ParseTemplateBehavior [ RunTime:0.018001s ]
INFO: [ view_parse ] --END-- [ RunTime:0.018001s ]
INFO: [ view_filter ] --START--
INFO: Run Behavior\WriteHtmlCacheBehavior [ RunTime:0.000000s ]
INFO: [ view_filter ] --END-- [ RunTime:0.000000s ]
INFO: [ app_end ] --START--
INFO: Run Behavior\ShowPageTraceBehavior [ RunTime:0.001001s ]
INFO: [ app_end ] --END-- [ RunTime:0.001001s ]

[ 2017-05-19T14:31:38+08:00 ] 127.0.0.1 /index.php/Depart/detail/id/holder.js/80x80
INFO: [ app_init ] --START--
INFO: Run Behavior\BuildLiteBehavior [ RunTime:0.000000s ]
INFO: [ app_init ] --END-- [ RunTime:0.000000s ]
INFO: [ app_begin ] --START--
INFO: Run Behavior\ReadHtmlCacheBehavior [ RunTime:0.000000s ]
INFO: [ app_begin ] --END-- [ RunTime:0.000000s ]
SQL: SHOW COLUMNS FROM `xk_depart` [ RunTime:0.0220s ]
SQL: SELECT `departname` FROM `xk_depart` WHERE `id` = 0 LIMIT 1   [ RunTime:0.0000s ]
SQL: SHOW COLUMNS FROM `xk_order` [ RunTime:0.0130s ]
SQL: SELECT COUNT(*) AS tp_count FROM `xk_order` WHERE `depart_id` = 0 AND `is_success` = 1 LIMIT 1   [ RunTime:0.0000s ]
ERR: 1054:Unknown column 'holder.js' in 'where clause'
 [ SQL语句 ] : SELECT departname as dename,xk_student.realname as stuname,xk_teacher.realname as tename,xk_course.coursename as coname,xk_class.classname as clname FROM `xk_order` LEFT JOIN xk_student ON xk_order.student_id=xk_student.id LEFT JOIN xk_course ON xk_order.course_id=xk_course.id LEFT JOIN xk_teacher ON xk_course.teacher_id=xk_teacher.id LEFT JOIN xk_depart ON xk_student.depart_id=xk_depart.id LEFT JOIN xk_class ON xk_student.class_id=xk_class.id  WHERE ( xk_order.depart_id=holder.js ) LIMIT 0,10  
ERR: 1054:Unknown column 'holder.js' in 'where clause'
 [ SQL语句 ] : SELECT departname as dename,xk_student.realname as stuname,xk_teacher.realname as tename,xk_course.coursename as coname,xk_class.classname as clname FROM `xk_order` LEFT JOIN xk_student ON xk_order.student_id=xk_student.id LEFT JOIN xk_course ON xk_order.course_id=xk_course.id LEFT JOIN xk_teacher ON xk_course.teacher_id=xk_teacher.id LEFT JOIN xk_depart ON xk_student.depart_id=xk_depart.id LEFT JOIN xk_class ON xk_student.class_id=xk_class.id  WHERE ( xk_order.depart_id=holder.js ) LIMIT 0,10  

[ 2017-05-19T14:31:49+08:00 ] 127.0.0.1 /index.php/Depart/detail/id/5.html
INFO: [ app_init ] --START--
INFO: Run Behavior\BuildLiteBehavior [ RunTime:0.000000s ]
INFO: [ app_init ] --END-- [ RunTime:0.000000s ]
INFO: [ app_begin ] --START--
INFO: Run Behavior\ReadHtmlCacheBehavior [ RunTime:0.001000s ]
INFO: [ app_begin ] --END-- [ RunTime:0.001000s ]
SQL: SHOW COLUMNS FROM `xk_depart` [ RunTime:0.0820s ]
SQL: SELECT `departname` FROM `xk_depart` WHERE `id` = 5 LIMIT 1   [ RunTime:0.0010s ]
SQL: SHOW COLUMNS FROM `xk_order` [ RunTime:0.0560s ]
SQL: SELECT COUNT(*) AS tp_count FROM `xk_order` WHERE `depart_id` = 5 AND `is_success` = 1 LIMIT 1   [ RunTime:0.0010s ]
SQL: SELECT departname as dename,xk_student.realname as stuname,xk_teacher.realname as tename,xk_course.coursename as coname,xk_class.classname as clname FROM `xk_order` LEFT JOIN xk_student ON xk_order.student_id=xk_student.id LEFT JOIN xk_course ON xk_order.course_id=xk_course.id LEFT JOIN xk_teacher ON xk_course.teacher_id=xk_teacher.id LEFT JOIN xk_depart ON xk_student.depart_id=xk_depart.id LEFT JOIN xk_class ON xk_student.class_id=xk_class.id  WHERE ( xk_order.depart_id=5 ) LIMIT 0,10   [ RunTime:0.0010s ]
INFO: [ view_parse ] --START--
INFO: [ template_filter ] --START--
INFO: Run Behavior\ContentReplaceBehavior [ RunTime:0.000000s ]
INFO: [ template_filter ] --END-- [ RunTime:0.000000s ]
NOTIC: [8] Undefined variable: title D:\phpStudy\WWW\bs\Runtime\Cache\Home\c259c7a5a8db6d4ac95597bb78d09916.php 第 6 行.
INFO: Run Behavior\ParseTemplateBehavior [ RunTime:0.023001s ]
INFO: [ view_parse ] --END-- [ RunTime:0.023001s ]
INFO: [ view_filter ] --START--
INFO: Run Behavior\WriteHtmlCacheBehavior [ RunTime:0.001000s ]
INFO: [ view_filter ] --END-- [ RunTime:0.001000s ]
INFO: [ app_end ] --START--
INFO: Run Behavior\ShowPageTraceBehavior [ RunTime:0.001000s ]
INFO: [ app_end ] --END-- [ RunTime:0.001000s ]

[ 2017-05-19T14:31:50+08:00 ] 127.0.0.1 /index.php/Depart/detail/id/holder.js/80x80
INFO: [ app_init ] --START--
INFO: Run Behavior\BuildLiteBehavior [ RunTime:0.000000s ]
INFO: [ app_init ] --END-- [ RunTime:0.000000s ]
INFO: [ app_begin ] --START--
INFO: Run Behavior\ReadHtmlCacheBehavior [ RunTime:0.001000s ]
INFO: [ app_begin ] --END-- [ RunTime:0.001000s ]
SQL: SHOW COLUMNS FROM `xk_depart` [ RunTime:0.0100s ]
SQL: SELECT `departname` FROM `xk_depart` WHERE `id` = 0 LIMIT 1   [ RunTime:0.0000s ]
SQL: SHOW COLUMNS FROM `xk_order` [ RunTime:0.0110s ]
SQL: SELECT COUNT(*) AS tp_count FROM `xk_order` WHERE `depart_id` = 0 AND `is_success` = 1 LIMIT 1   [ RunTime:0.0000s ]
ERR: 1054:Unknown column 'holder.js' in 'where clause'
 [ SQL语句 ] : SELECT departname as dename,xk_student.realname as stuname,xk_teacher.realname as tename,xk_course.coursename as coname,xk_class.classname as clname FROM `xk_order` LEFT JOIN xk_student ON xk_order.student_id=xk_student.id LEFT JOIN xk_course ON xk_order.course_id=xk_course.id LEFT JOIN xk_teacher ON xk_course.teacher_id=xk_teacher.id LEFT JOIN xk_depart ON xk_student.depart_id=xk_depart.id LEFT JOIN xk_class ON xk_student.class_id=xk_class.id  WHERE ( xk_order.depart_id=holder.js ) LIMIT 0,10  
ERR: 1054:Unknown column 'holder.js' in 'where clause'
 [ SQL语句 ] : SELECT departname as dename,xk_student.realname as stuname,xk_teacher.realname as tename,xk_course.coursename as coname,xk_class.classname as clname FROM `xk_order` LEFT JOIN xk_student ON xk_order.student_id=xk_student.id LEFT JOIN xk_course ON xk_order.course_id=xk_course.id LEFT JOIN xk_teacher ON xk_course.teacher_id=xk_teacher.id LEFT JOIN xk_depart ON xk_student.depart_id=xk_depart.id LEFT JOIN xk_class ON xk_student.class_id=xk_class.id  WHERE ( xk_order.depart_id=holder.js ) LIMIT 0,10  

[ 2017-05-19T14:38:49+08:00 ] 127.0.0.1 /index.php/Depart/detail/id/5.html
INFO: [ app_init ] --START--
INFO: Run Behavior\BuildLiteBehavior [ RunTime:0.000000s ]
INFO: [ app_init ] --END-- [ RunTime:0.001000s ]
INFO: [ app_begin ] --START--
INFO: Run Behavior\ReadHtmlCacheBehavior [ RunTime:0.000000s ]
INFO: [ app_begin ] --END-- [ RunTime:0.000000s ]
SQL: SHOW COLUMNS FROM `xk_depart` [ RunTime:0.0160s ]
SQL: SELECT `departname` FROM `xk_depart` WHERE `id` = 5 LIMIT 1   [ RunTime:0.0010s ]
SQL: SHOW COLUMNS FROM `xk_order` [ RunTime:0.0150s ]
SQL: SELECT COUNT(*) AS tp_count FROM `xk_order` WHERE `depart_id` = 5 AND `is_success` = 1 LIMIT 1   [ RunTime:0.0000s ]
SQL: SELECT departname as dename,xk_student.realname as stuname,xk_teacher.realname as tename,xk_course.coursename as coname,xk_class.classname as clname FROM `xk_order` LEFT JOIN xk_student ON xk_order.student_id=xk_student.id LEFT JOIN xk_course ON xk_order.course_id=xk_course.id LEFT JOIN xk_teacher ON xk_course.teacher_id=xk_teacher.id LEFT JOIN xk_depart ON xk_student.depart_id=xk_depart.id LEFT JOIN xk_class ON xk_student.class_id=xk_class.id  WHERE ( xk_order.depart_id=5 ) LIMIT 0,10   [ RunTime:0.0010s ]
INFO: [ view_parse ] --START--
INFO: [ template_filter ] --START--
INFO: Run Behavior\ContentReplaceBehavior [ RunTime:0.000000s ]
INFO: [ template_filter ] --END-- [ RunTime:0.000000s ]
NOTIC: [8] Undefined variable: title D:\phpStudy\WWW\bs\Runtime\Cache\Home\c259c7a5a8db6d4ac95597bb78d09916.php 第 6 行.
INFO: Run Behavior\ParseTemplateBehavior [ RunTime:0.028001s ]
INFO: [ view_parse ] --END-- [ RunTime:0.028001s ]
INFO: [ view_filter ] --START--
INFO: Run Behavior\WriteHtmlCacheBehavior [ RunTime:0.001000s ]
INFO: [ view_filter ] --END-- [ RunTime:0.001000s ]
INFO: [ app_end ] --START--
INFO: Run Behavior\ShowPageTraceBehavior [ RunTime:0.002001s ]
INFO: [ app_end ] --END-- [ RunTime:0.002001s ]

[ 2017-05-19T14:38:50+08:00 ] 127.0.0.1 /index.php/Depart/detail/id/holder.js/80x80
INFO: [ app_init ] --START--
INFO: Run Behavior\BuildLiteBehavior [ RunTime:0.000000s ]
INFO: [ app_init ] --END-- [ RunTime:0.000000s ]
INFO: [ app_begin ] --START--
INFO: Run Behavior\ReadHtmlCacheBehavior [ RunTime:0.000000s ]
INFO: [ app_begin ] --END-- [ RunTime:0.000000s ]
SQL: SHOW COLUMNS FROM `xk_depart` [ RunTime:0.0210s ]
SQL: SELECT `departname` FROM `xk_depart` WHERE `id` = 0 LIMIT 1   [ RunTime:0.0000s ]
SQL: SHOW COLUMNS FROM `xk_order` [ RunTime:0.0120s ]
SQL: SELECT COUNT(*) AS tp_count FROM `xk_order` WHERE `depart_id` = 0 AND `is_success` = 1 LIMIT 1   [ RunTime:0.0010s ]
ERR: 1054:Unknown column 'holder.js' in 'where clause'
 [ SQL语句 ] : SELECT departname as dename,xk_student.realname as stuname,xk_teacher.realname as tename,xk_course.coursename as coname,xk_class.classname as clname FROM `xk_order` LEFT JOIN xk_student ON xk_order.student_id=xk_student.id LEFT JOIN xk_course ON xk_order.course_id=xk_course.id LEFT JOIN xk_teacher ON xk_course.teacher_id=xk_teacher.id LEFT JOIN xk_depart ON xk_student.depart_id=xk_depart.id LEFT JOIN xk_class ON xk_student.class_id=xk_class.id  WHERE ( xk_order.depart_id=holder.js ) LIMIT 0,10  
ERR: 1054:Unknown column 'holder.js' in 'where clause'
 [ SQL语句 ] : SELECT departname as dename,xk_student.realname as stuname,xk_teacher.realname as tename,xk_course.coursename as coname,xk_class.classname as clname FROM `xk_order` LEFT JOIN xk_student ON xk_order.student_id=xk_student.id LEFT JOIN xk_course ON xk_order.course_id=xk_course.id LEFT JOIN xk_teacher ON xk_course.teacher_id=xk_teacher.id LEFT JOIN xk_depart ON xk_student.depart_id=xk_depart.id LEFT JOIN xk_class ON xk_student.class_id=xk_class.id  WHERE ( xk_order.depart_id=holder.js ) LIMIT 0,10  

[ 2017-05-19T14:38:54+08:00 ] 127.0.0.1 /index.php/Depart/detail/id/5.html
INFO: [ app_init ] --START--
INFO: Run Behavior\BuildLiteBehavior [ RunTime:0.000000s ]
INFO: [ app_init ] --END-- [ RunTime:0.000000s ]
INFO: [ app_begin ] --START--
INFO: Run Behavior\ReadHtmlCacheBehavior [ RunTime:0.000000s ]
INFO: [ app_begin ] --END-- [ RunTime:0.000000s ]
SQL: SHOW COLUMNS FROM `xk_depart` [ RunTime:0.3110s ]
SQL: SELECT `departname` FROM `xk_depart` WHERE `id` = 5 LIMIT 1   [ RunTime:0.0010s ]
SQL: SHOW COLUMNS FROM `xk_order` [ RunTime:0.0190s ]
SQL: SELECT COUNT(*) AS tp_count FROM `xk_order` WHERE `depart_id` = 5 AND `is_success` = 1 LIMIT 1   [ RunTime:0.0010s ]
SQL: SELECT departname as dename,xk_student.realname as stuname,xk_teacher.realname as tename,xk_course.coursename as coname,xk_class.classname as clname FROM `xk_order` LEFT JOIN xk_student ON xk_order.student_id=xk_student.id LEFT JOIN xk_course ON xk_order.course_id=xk_course.id LEFT JOIN xk_teacher ON xk_course.teacher_id=xk_teacher.id LEFT JOIN xk_depart ON xk_student.depart_id=xk_depart.id LEFT JOIN xk_class ON xk_student.class_id=xk_class.id  WHERE ( xk_order.depart_id=5 ) LIMIT 0,10   [ RunTime:0.0010s ]
INFO: [ view_parse ] --START--
INFO: [ template_filter ] --START--
INFO: Run Behavior\ContentReplaceBehavior [ RunTime:0.000000s ]
INFO: [ template_filter ] --END-- [ RunTime:0.000000s ]
NOTIC: [8] Undefined variable: title D:\phpStudy\WWW\bs\Runtime\Cache\Home\c259c7a5a8db6d4ac95597bb78d09916.php 第 6 行.
INFO: Run Behavior\ParseTemplateBehavior [ RunTime:0.008001s ]
INFO: [ view_parse ] --END-- [ RunTime:0.008001s ]
INFO: [ view_filter ] --START--
INFO: Run Behavior\WriteHtmlCacheBehavior [ RunTime:0.001000s ]
INFO: [ view_filter ] --END-- [ RunTime:0.001000s ]
INFO: [ app_end ] --START--
INFO: Run Behavior\ShowPageTraceBehavior [ RunTime:0.000000s ]
INFO: [ app_end ] --END-- [ RunTime:0.000000s ]

[ 2017-05-19T14:38:56+08:00 ] 127.0.0.1 /index.php/Depart/detail/id/holder.js/80x80
INFO: [ app_init ] --START--
INFO: Run Behavior\BuildLiteBehavior [ RunTime:0.000000s ]
INFO: [ app_init ] --END-- [ RunTime:0.000000s ]
INFO: [ app_begin ] --START--
INFO: Run Behavior\ReadHtmlCacheBehavior [ RunTime:0.001000s ]
INFO: [ app_begin ] --END-- [ RunTime:0.001000s ]
SQL: SHOW COLUMNS FROM `xk_depart` [ RunTime:0.1070s ]
SQL: SELECT `departname` FROM `xk_depart` WHERE `id` = 0 LIMIT 1   [ RunTime:0.0000s ]
SQL: SHOW COLUMNS FROM `xk_order` [ RunTime:0.0100s ]
SQL: SELECT COUNT(*) AS tp_count FROM `xk_order` WHERE `depart_id` = 0 AND `is_success` = 1 LIMIT 1   [ RunTime:0.0000s ]
ERR: 1054:Unknown column 'holder.js' in 'where clause'
 [ SQL语句 ] : SELECT departname as dename,xk_student.realname as stuname,xk_teacher.realname as tename,xk_course.coursename as coname,xk_class.classname as clname FROM `xk_order` LEFT JOIN xk_student ON xk_order.student_id=xk_student.id LEFT JOIN xk_course ON xk_order.course_id=xk_course.id LEFT JOIN xk_teacher ON xk_course.teacher_id=xk_teacher.id LEFT JOIN xk_depart ON xk_student.depart_id=xk_depart.id LEFT JOIN xk_class ON xk_student.class_id=xk_class.id  WHERE ( xk_order.depart_id=holder.js ) LIMIT 0,10  
ERR: 1054:Unknown column 'holder.js' in 'where clause'
 [ SQL语句 ] : SELECT departname as dename,xk_student.realname as stuname,xk_teacher.realname as tename,xk_course.coursename as coname,xk_class.classname as clname FROM `xk_order` LEFT JOIN xk_student ON xk_order.student_id=xk_student.id LEFT JOIN xk_course ON xk_order.course_id=xk_course.id LEFT JOIN xk_teacher ON xk_course.teacher_id=xk_teacher.id LEFT JOIN xk_depart ON xk_student.depart_id=xk_depart.id LEFT JOIN xk_class ON xk_student.class_id=xk_class.id  WHERE ( xk_order.depart_id=holder.js ) LIMIT 0,10  

[ 2017-05-19T14:39:06+08:00 ] 127.0.0.1 /
INFO: [ app_init ] --START--
INFO: Run Behavior\BuildLiteBehavior [ RunTime:0.000000s ]
INFO: [ app_init ] --END-- [ RunTime:0.000000s ]
INFO: [ app_begin ] --START--
INFO: Run Behavior\ReadHtmlCacheBehavior [ RunTime:0.001000s ]
INFO: [ app_begin ] --END-- [ RunTime:0.001000s ]
SQL: SHOW COLUMNS FROM `xk_depart` [ RunTime:0.1680s ]
SQL: SELECT * FROM `xk_depart`  [ RunTime:0.0010s ]
SQL: SHOW COLUMNS FROM `xk_order` [ RunTime:0.0410s ]
SQL: SELECT departname as dename,xk_student.realname as stuname,xk_teacher.realname as tename,xk_course.coursename as coname,xk_class.classname as clname FROM `xk_order` LEFT JOIN xk_student ON xk_order.student_id=xk_student.id LEFT JOIN xk_course ON xk_order.course_id=xk_course.id LEFT JOIN xk_teacher ON xk_course.teacher_id=xk_teacher.id LEFT JOIN xk_depart ON xk_student.depart_id=xk_depart.id LEFT JOIN xk_class ON xk_student.class_id=xk_class.id  WHERE ( xk_order.id>10 )  [ RunTime:0.0010s ]
INFO: [ view_parse ] --START--
INFO: [ template_filter ] --START--
INFO: Run Behavior\ContentReplaceBehavior [ RunTime:0.000000s ]
INFO: [ template_filter ] --END-- [ RunTime:0.000000s ]
NOTIC: [8] Undefined variable: title D:\phpStudy\WWW\bs\Runtime\Cache\Home\999366d19b620cb6e861521131242e5f.php 第 6 行.
INFO: Run Behavior\ParseTemplateBehavior [ RunTime:0.037002s ]
INFO: [ view_parse ] --END-- [ RunTime:0.037002s ]
INFO: [ view_filter ] --START--
INFO: Run Behavior\WriteHtmlCacheBehavior [ RunTime:0.000000s ]
INFO: [ view_filter ] --END-- [ RunTime:0.000000s ]
INFO: [ app_end ] --START--
INFO: Run Behavior\ShowPageTraceBehavior [ RunTime:0.001000s ]
INFO: [ app_end ] --END-- [ RunTime:0.001000s ]

[ 2017-05-19T14:39:09+08:00 ] 127.0.0.1 /index.php/Depart/detail/id/3.html
INFO: [ app_init ] --START--
INFO: Run Behavior\BuildLiteBehavior [ RunTime:0.000000s ]
INFO: [ app_init ] --END-- [ RunTime:0.000000s ]
INFO: [ app_begin ] --START--
INFO: Run Behavior\ReadHtmlCacheBehavior [ RunTime:0.001000s ]
INFO: [ app_begin ] --END-- [ RunTime:0.001000s ]
SQL: SHOW COLUMNS FROM `xk_depart` [ RunTime:0.0720s ]
SQL: SELECT `departname` FROM `xk_depart` WHERE `id` = 3 LIMIT 1   [ RunTime:0.0000s ]
SQL: SHOW COLUMNS FROM `xk_order` [ RunTime:0.0650s ]
SQL: SELECT COUNT(*) AS tp_count FROM `xk_order` WHERE `depart_id` = 3 AND `is_success` = 1 LIMIT 1   [ RunTime:0.0000s ]
SQL: SELECT departname as dename,xk_student.realname as stuname,xk_teacher.realname as tename,xk_course.coursename as coname,xk_class.classname as clname FROM `xk_order` LEFT JOIN xk_student ON xk_order.student_id=xk_student.id LEFT JOIN xk_course ON xk_order.course_id=xk_course.id LEFT JOIN xk_teacher ON xk_course.teacher_id=xk_teacher.id LEFT JOIN xk_depart ON xk_student.depart_id=xk_depart.id LEFT JOIN xk_class ON xk_student.class_id=xk_class.id  WHERE ( xk_order.depart_id=3 ) LIMIT 0,10   [ RunTime:0.0000s ]
INFO: [ view_parse ] --START--
INFO: [ template_filter ] --START--
INFO: Run Behavior\ContentReplaceBehavior [ RunTime:0.000000s ]
INFO: [ template_filter ] --END-- [ RunTime:0.000000s ]
NOTIC: [8] Undefined variable: title D:\phpStudy\WWW\bs\Runtime\Cache\Home\c259c7a5a8db6d4ac95597bb78d09916.php 第 6 行.
INFO: Run Behavior\ParseTemplateBehavior [ RunTime:0.015000s ]
INFO: [ view_parse ] --END-- [ RunTime:0.015000s ]
INFO: [ view_filter ] --START--
INFO: Run Behavior\WriteHtmlCacheBehavior [ RunTime:0.001000s ]
INFO: [ view_filter ] --END-- [ RunTime:0.001000s ]
INFO: [ app_end ] --START--
INFO: Run Behavior\ShowPageTraceBehavior [ RunTime:0.000000s ]
INFO: [ app_end ] --END-- [ RunTime:0.000000s ]

[ 2017-05-19T14:39:10+08:00 ] 127.0.0.1 /index.php/Depart/detail/id/holder.js/80x80
INFO: [ app_init ] --START--
INFO: Run Behavior\BuildLiteBehavior [ RunTime:0.000000s ]
INFO: [ app_init ] --END-- [ RunTime:0.001000s ]
INFO: [ app_begin ] --START--
INFO: Run Behavior\ReadHtmlCacheBehavior [ RunTime:0.001000s ]
INFO: [ app_begin ] --END-- [ RunTime:0.001000s ]
SQL: SHOW COLUMNS FROM `xk_depart` [ RunTime:0.0200s ]
SQL: SELECT `departname` FROM `xk_depart` WHERE `id` = 0 LIMIT 1   [ RunTime:0.0000s ]
SQL: SHOW COLUMNS FROM `xk_order` [ RunTime:0.0120s ]
SQL: SELECT COUNT(*) AS tp_count FROM `xk_order` WHERE `depart_id` = 0 AND `is_success` = 1 LIMIT 1   [ RunTime:0.0000s ]
ERR: 1054:Unknown column 'holder.js' in 'where clause'
 [ SQL语句 ] : SELECT departname as dename,xk_student.realname as stuname,xk_teacher.realname as tename,xk_course.coursename as coname,xk_class.classname as clname FROM `xk_order` LEFT JOIN xk_student ON xk_order.student_id=xk_student.id LEFT JOIN xk_course ON xk_order.course_id=xk_course.id LEFT JOIN xk_teacher ON xk_course.teacher_id=xk_teacher.id LEFT JOIN xk_depart ON xk_student.depart_id=xk_depart.id LEFT JOIN xk_class ON xk_student.class_id=xk_class.id  WHERE ( xk_order.depart_id=holder.js ) LIMIT 0,10  
ERR: 1054:Unknown column 'holder.js' in 'where clause'
 [ SQL语句 ] : SELECT departname as dename,xk_student.realname as stuname,xk_teacher.realname as tename,xk_course.coursename as coname,xk_class.classname as clname FROM `xk_order` LEFT JOIN xk_student ON xk_order.student_id=xk_student.id LEFT JOIN xk_course ON xk_order.course_id=xk_course.id LEFT JOIN xk_teacher ON xk_course.teacher_id=xk_teacher.id LEFT JOIN xk_depart ON xk_student.depart_id=xk_depart.id LEFT JOIN xk_class ON xk_student.class_id=xk_class.id  WHERE ( xk_order.depart_id=holder.js ) LIMIT 0,10  

[ 2017-05-19T14:39:13+08:00 ] 127.0.0.1 /index.php/Depart/detail/id/5.html
INFO: [ app_init ] --START--
INFO: Run Behavior\BuildLiteBehavior [ RunTime:0.000000s ]
INFO: [ app_init ] --END-- [ RunTime:0.001000s ]
INFO: [ app_begin ] --START--
INFO: Run Behavior\ReadHtmlCacheBehavior [ RunTime:0.001000s ]
INFO: [ app_begin ] --END-- [ RunTime:0.001000s ]
SQL: SHOW COLUMNS FROM `xk_depart` [ RunTime:0.2020s ]
SQL: SELECT `departname` FROM `xk_depart` WHERE `id` = 5 LIMIT 1   [ RunTime:0.0010s ]
SQL: SHOW COLUMNS FROM `xk_order` [ RunTime:0.0250s ]
SQL: SELECT COUNT(*) AS tp_count FROM `xk_order` WHERE `depart_id` = 5 AND `is_success` = 1 LIMIT 1   [ RunTime:0.0010s ]
SQL: SELECT departname as dename,xk_student.realname as stuname,xk_teacher.realname as tename,xk_course.coursename as coname,xk_class.classname as clname FROM `xk_order` LEFT JOIN xk_student ON xk_order.student_id=xk_student.id LEFT JOIN xk_course ON xk_order.course_id=xk_course.id LEFT JOIN xk_teacher ON xk_course.teacher_id=xk_teacher.id LEFT JOIN xk_depart ON xk_student.depart_id=xk_depart.id LEFT JOIN xk_class ON xk_student.class_id=xk_class.id  WHERE ( xk_order.depart_id=5 ) LIMIT 0,10   [ RunTime:0.0010s ]
INFO: [ view_parse ] --START--
INFO: [ template_filter ] --START--
INFO: Run Behavior\ContentReplaceBehavior [ RunTime:0.000000s ]
INFO: [ template_filter ] --END-- [ RunTime:0.000000s ]
NOTIC: [8] Undefined variable: title D:\phpStudy\WWW\bs\Runtime\Cache\Home\c259c7a5a8db6d4ac95597bb78d09916.php 第 6 行.
INFO: Run Behavior\ParseTemplateBehavior [ RunTime:0.008001s ]
INFO: [ view_parse ] --END-- [ RunTime:0.008001s ]
INFO: [ view_filter ] --START--
INFO: Run Behavior\WriteHtmlCacheBehavior [ RunTime:0.000000s ]
INFO: [ view_filter ] --END-- [ RunTime:0.000000s ]
INFO: [ app_end ] --START--
INFO: Run Behavior\ShowPageTraceBehavior [ RunTime:0.001000s ]
INFO: [ app_end ] --END-- [ RunTime:0.001000s ]

[ 2017-05-19T14:39:14+08:00 ] 127.0.0.1 /index.php/Depart/detail/id/holder.js/80x80
INFO: [ app_init ] --START--
INFO: Run Behavior\BuildLiteBehavior [ RunTime:0.000000s ]
INFO: [ app_init ] --END-- [ RunTime:0.000000s ]
INFO: [ app_begin ] --START--
INFO: Run Behavior\ReadHtmlCacheBehavior [ RunTime:0.000000s ]
INFO: [ app_begin ] --END-- [ RunTime:0.000000s ]
SQL: SHOW COLUMNS FROM `xk_depart` [ RunTime:0.1680s ]
SQL: SELECT `departname` FROM `xk_depart` WHERE `id` = 0 LIMIT 1   [ RunTime:0.0000s ]
SQL: SHOW COLUMNS FROM `xk_order` [ RunTime:0.1470s ]
SQL: SELECT COUNT(*) AS tp_count FROM `xk_order` WHERE `depart_id` = 0 AND `is_success` = 1 LIMIT 1   [ RunTime:0.0000s ]
ERR: 1054:Unknown column 'holder.js' in 'where clause'
 [ SQL语句 ] : SELECT departname as dename,xk_student.realname as stuname,xk_teacher.realname as tename,xk_course.coursename as coname,xk_class.classname as clname FROM `xk_order` LEFT JOIN xk_student ON xk_order.student_id=xk_student.id LEFT JOIN xk_course ON xk_order.course_id=xk_course.id LEFT JOIN xk_teacher ON xk_course.teacher_id=xk_teacher.id LEFT JOIN xk_depart ON xk_student.depart_id=xk_depart.id LEFT JOIN xk_class ON xk_student.class_id=xk_class.id  WHERE ( xk_order.depart_id=holder.js ) LIMIT 0,10  
ERR: 1054:Unknown column 'holder.js' in 'where clause'
 [ SQL语句 ] : SELECT departname as dename,xk_student.realname as stuname,xk_teacher.realname as tename,xk_course.coursename as coname,xk_class.classname as clname FROM `xk_order` LEFT JOIN xk_student ON xk_order.student_id=xk_student.id LEFT JOIN xk_course ON xk_order.course_id=xk_course.id LEFT JOIN xk_teacher ON xk_course.teacher_id=xk_teacher.id LEFT JOIN xk_depart ON xk_student.depart_id=xk_depart.id LEFT JOIN xk_class ON xk_student.class_id=xk_class.id  WHERE ( xk_order.depart_id=holder.js ) LIMIT 0,10  

[ 2017-05-19T14:39:32+08:00 ] 127.0.0.1 /index.php/Depart/index.html
INFO: [ app_init ] --START--
INFO: Run Behavior\BuildLiteBehavior [ RunTime:0.000000s ]
INFO: [ app_init ] --END-- [ RunTime:0.000000s ]
INFO: [ app_begin ] --START--
INFO: Run Behavior\ReadHtmlCacheBehavior [ RunTime:0.001000s ]
INFO: [ app_begin ] --END-- [ RunTime:0.001000s ]
SQL: SHOW COLUMNS FROM `xk_depart` [ RunTime:0.0140s ]
SQL: SELECT * FROM `xk_depart`  [ RunTime:0.0010s ]
INFO: [ view_parse ] --START--
INFO: [ template_filter ] --START--
INFO: Run Behavior\ContentReplaceBehavior [ RunTime:0.000000s ]
INFO: [ template_filter ] --END-- [ RunTime:0.000000s ]
NOTIC: [8] Undefined variable: title D:\phpStudy\WWW\bs\Runtime\Cache\Home\ef833c6318d84a5786b4edd1756b1cbc.php 第 6 行.
INFO: Run Behavior\ParseTemplateBehavior [ RunTime:0.026001s ]
INFO: [ view_parse ] --END-- [ RunTime:0.026001s ]
INFO: [ view_filter ] --START--
INFO: Run Behavior\WriteHtmlCacheBehavior [ RunTime:0.001000s ]
INFO: [ view_filter ] --END-- [ RunTime:0.001000s ]
INFO: [ app_end ] --START--
INFO: Run Behavior\ShowPageTraceBehavior [ RunTime:0.001000s ]
INFO: [ app_end ] --END-- [ RunTime:0.001000s ]

[ 2017-05-19T14:39:33+08:00 ] 127.0.0.1 /index.php/Depart/holder.js/80x80
INFO: [ app_init ] --START--
INFO: Run Behavior\BuildLiteBehavior [ RunTime:0.000000s ]
INFO: [ app_init ] --END-- [ RunTime:0.000000s ]
INFO: [ app_begin ] --START--
INFO: Run Behavior\ReadHtmlCacheBehavior [ RunTime:0.000000s ]
INFO: [ app_begin ] --END-- [ RunTime:0.000000s ]
SQL: SHOW COLUMNS FROM `xk_depart` [ RunTime:0.0150s ]
ERR: 非法操作:holder.js

[ 2017-05-19T14:39:36+08:00 ] 127.0.0.1 /index.php/Depart/detail/id/3.html
INFO: [ app_init ] --START--
INFO: Run Behavior\BuildLiteBehavior [ RunTime:0.000000s ]
INFO: [ app_init ] --END-- [ RunTime:0.000000s ]
INFO: [ app_begin ] --START--
INFO: Run Behavior\ReadHtmlCacheBehavior [ RunTime:0.000000s ]
INFO: [ app_begin ] --END-- [ RunTime:0.001000s ]
SQL: SHOW COLUMNS FROM `xk_depart` [ RunTime:0.0100s ]
SQL: SELECT `departname` FROM `xk_depart` WHERE `id` = 3 LIMIT 1   [ RunTime:0.0010s ]
SQL: SHOW COLUMNS FROM `xk_order` [ RunTime:0.0100s ]
SQL: SELECT COUNT(*) AS tp_count FROM `xk_order` WHERE `depart_id` = 3 AND `is_success` = 1 LIMIT 1   [ RunTime:0.0010s ]
SQL: SELECT departname as dename,xk_student.realname as stuname,xk_teacher.realname as tename,xk_course.coursename as coname,xk_class.classname as clname FROM `xk_order` LEFT JOIN xk_student ON xk_order.student_id=xk_student.id LEFT JOIN xk_course ON xk_order.course_id=xk_course.id LEFT JOIN xk_teacher ON xk_course.teacher_id=xk_teacher.id LEFT JOIN xk_depart ON xk_student.depart_id=xk_depart.id LEFT JOIN xk_class ON xk_student.class_id=xk_class.id  WHERE ( xk_order.depart_id=3 ) LIMIT 0,10   [ RunTime:0.0000s ]
INFO: [ view_parse ] --START--
INFO: [ template_filter ] --START--
INFO: Run Behavior\ContentReplaceBehavior [ RunTime:0.000000s ]
INFO: [ template_filter ] --END-- [ RunTime:0.000000s ]
NOTIC: [8] Undefined variable: title D:\phpStudy\WWW\bs\Runtime\Cache\Home\c259c7a5a8db6d4ac95597bb78d09916.php 第 6 行.
INFO: Run Behavior\ParseTemplateBehavior [ RunTime:0.008001s ]
INFO: [ view_parse ] --END-- [ RunTime:0.008001s ]
INFO: [ view_filter ] --START--
INFO: Run Behavior\WriteHtmlCacheBehavior [ RunTime:0.000000s ]
INFO: [ view_filter ] --END-- [ RunTime:0.000000s ]
INFO: [ app_end ] --START--
INFO: Run Behavior\ShowPageTraceBehavior [ RunTime:0.001000s ]
INFO: [ app_end ] --END-- [ RunTime:0.001000s ]

[ 2017-05-19T14:39:37+08:00 ] 127.0.0.1 /index.php/Depart/detail/id/holder.js/80x80
INFO: [ app_init ] --START--
INFO: Run Behavior\BuildLiteBehavior [ RunTime:0.000000s ]
INFO: [ app_init ] --END-- [ RunTime:0.000000s ]
INFO: [ app_begin ] --START--
INFO: Run Behavior\ReadHtmlCacheBehavior [ RunTime:0.000000s ]
INFO: [ app_begin ] --END-- [ RunTime:0.000000s ]
SQL: SHOW COLUMNS FROM `xk_depart` [ RunTime:0.0300s ]
SQL: SELECT `departname` FROM `xk_depart` WHERE `id` = 0 LIMIT 1   [ RunTime:0.0010s ]
SQL: SHOW COLUMNS FROM `xk_order` [ RunTime:0.0160s ]
SQL: SELECT COUNT(*) AS tp_count FROM `xk_order` WHERE `depart_id` = 0 AND `is_success` = 1 LIMIT 1   [ RunTime:0.0000s ]
ERR: 1054:Unknown column 'holder.js' in 'where clause'
 [ SQL语句 ] : SELECT departname as dename,xk_student.realname as stuname,xk_teacher.realname as tename,xk_course.coursename as coname,xk_class.classname as clname FROM `xk_order` LEFT JOIN xk_student ON xk_order.student_id=xk_student.id LEFT JOIN xk_course ON xk_order.course_id=xk_course.id LEFT JOIN xk_teacher ON xk_course.teacher_id=xk_teacher.id LEFT JOIN xk_depart ON xk_student.depart_id=xk_depart.id LEFT JOIN xk_class ON xk_student.class_id=xk_class.id  WHERE ( xk_order.depart_id=holder.js ) LIMIT 0,10  
ERR: 1054:Unknown column 'holder.js' in 'where clause'
 [ SQL语句 ] : SELECT departname as dename,xk_student.realname as stuname,xk_teacher.realname as tename,xk_course.coursename as coname,xk_class.classname as clname FROM `xk_order` LEFT JOIN xk_student ON xk_order.student_id=xk_student.id LEFT JOIN xk_course ON xk_order.course_id=xk_course.id LEFT JOIN xk_teacher ON xk_course.teacher_id=xk_teacher.id LEFT JOIN xk_depart ON xk_student.depart_id=xk_depart.id LEFT JOIN xk_class ON xk_student.class_id=xk_class.id  WHERE ( xk_order.depart_id=holder.js ) LIMIT 0,10  

[ 2017-05-19T14:39:39+08:00 ] 127.0.0.1 /index.php/Depart/holder.js/80x80
INFO: [ app_init ] --START--
INFO: Run Behavior\BuildLiteBehavior [ RunTime:0.000000s ]
INFO: [ app_init ] --END-- [ RunTime:0.001000s ]
INFO: [ app_begin ] --START--
INFO: Run Behavior\ReadHtmlCacheBehavior [ RunTime:0.000000s ]
INFO: [ app_begin ] --END-- [ RunTime:0.001000s ]
SQL: SHOW COLUMNS FROM `xk_depart` [ RunTime:0.0130s ]
ERR: 非法操作:holder.js

[ 2017-05-19T14:39:40+08:00 ] 127.0.0.1 /index.php/Depart/detail/id/5.html
INFO: [ app_init ] --START--
INFO: Run Behavior\BuildLiteBehavior [ RunTime:0.000000s ]
INFO: [ app_init ] --END-- [ RunTime:0.001000s ]
INFO: [ app_begin ] --START--
INFO: Run Behavior\ReadHtmlCacheBehavior [ RunTime:0.001000s ]
INFO: [ app_begin ] --END-- [ RunTime:0.001000s ]
SQL: SHOW COLUMNS FROM `xk_depart` [ RunTime:0.0130s ]
SQL: SELECT `departname` FROM `xk_depart` WHERE `id` = 5 LIMIT 1   [ RunTime:0.0010s ]
SQL: SHOW COLUMNS FROM `xk_order` [ RunTime:0.0110s ]
SQL: SELECT COUNT(*) AS tp_count FROM `xk_order` WHERE `depart_id` = 5 AND `is_success` = 1 LIMIT 1   [ RunTime:0.0010s ]
SQL: SELECT departname as dename,xk_student.realname as stuname,xk_teacher.realname as tename,xk_course.coursename as coname,xk_class.classname as clname FROM `xk_order` LEFT JOIN xk_student ON xk_order.student_id=xk_student.id LEFT JOIN xk_course ON xk_order.course_id=xk_course.id LEFT JOIN xk_teacher ON xk_course.teacher_id=xk_teacher.id LEFT JOIN xk_depart ON xk_student.depart_id=xk_depart.id LEFT JOIN xk_class ON xk_student.class_id=xk_class.id  WHERE ( xk_order.depart_id=5 ) LIMIT 0,10   [ RunTime:0.0010s ]
INFO: [ view_parse ] --START--
INFO: [ template_filter ] --START--
INFO: Run Behavior\ContentReplaceBehavior [ RunTime:0.000000s ]
INFO: [ template_filter ] --END-- [ RunTime:0.000000s ]
NOTIC: [8] Undefined variable: title D:\phpStudy\WWW\bs\Runtime\Cache\Home\c259c7a5a8db6d4ac95597bb78d09916.php 第 6 行.
INFO: Run Behavior\ParseTemplateBehavior [ RunTime:0.008001s ]
INFO: [ view_parse ] --END-- [ RunTime:0.008001s ]
INFO: [ view_filter ] --START--
INFO: Run Behavior\WriteHtmlCacheBehavior [ RunTime:0.000000s ]
INFO: [ view_filter ] --END-- [ RunTime:0.000000s ]
INFO: [ app_end ] --START--
INFO: Run Behavior\ShowPageTraceBehavior [ RunTime:0.001000s ]
INFO: [ app_end ] --END-- [ RunTime:0.001000s ]

[ 2017-05-19T14:39:41+08:00 ] 127.0.0.1 /index.php/Depart/detail/id/holder.js/80x80
INFO: [ app_init ] --START--
INFO: Run Behavior\BuildLiteBehavior [ RunTime:0.000000s ]
INFO: [ app_init ] --END-- [ RunTime:0.000000s ]
INFO: [ app_begin ] --START--
INFO: Run Behavior\ReadHtmlCacheBehavior [ RunTime:0.000000s ]
INFO: [ app_begin ] --END-- [ RunTime:0.000000s ]
SQL: SHOW COLUMNS FROM `xk_depart` [ RunTime:0.0220s ]
SQL: SELECT `departname` FROM `xk_depart` WHERE `id` = 0 LIMIT 1   [ RunTime:0.0010s ]
SQL: SHOW COLUMNS FROM `xk_order` [ RunTime:0.0240s ]
SQL: SELECT COUNT(*) AS tp_count FROM `xk_order` WHERE `depart_id` = 0 AND `is_success` = 1 LIMIT 1   [ RunTime:0.0000s ]
ERR: 1054:Unknown column 'holder.js' in 'where clause'
 [ SQL语句 ] : SELECT departname as dename,xk_student.realname as stuname,xk_teacher.realname as tename,xk_course.coursename as coname,xk_class.classname as clname FROM `xk_order` LEFT JOIN xk_student ON xk_order.student_id=xk_student.id LEFT JOIN xk_course ON xk_order.course_id=xk_course.id LEFT JOIN xk_teacher ON xk_course.teacher_id=xk_teacher.id LEFT JOIN xk_depart ON xk_student.depart_id=xk_depart.id LEFT JOIN xk_class ON xk_student.class_id=xk_class.id  WHERE ( xk_order.depart_id=holder.js ) LIMIT 0,10  
ERR: 1054:Unknown column 'holder.js' in 'where clause'
 [ SQL语句 ] : SELECT departname as dename,xk_student.realname as stuname,xk_teacher.realname as tename,xk_course.coursename as coname,xk_class.classname as clname FROM `xk_order` LEFT JOIN xk_student ON xk_order.student_id=xk_student.id LEFT JOIN xk_course ON xk_order.course_id=xk_course.id LEFT JOIN xk_teacher ON xk_course.teacher_id=xk_teacher.id LEFT JOIN xk_depart ON xk_student.depart_id=xk_depart.id LEFT JOIN xk_class ON xk_student.class_id=xk_class.id  WHERE ( xk_order.depart_id=holder.js ) LIMIT 0,10  

[ 2017-05-19T14:41:17+08:00 ] 127.0.0.1 /index.php/Depart/detail/id/5.html
INFO: [ app_init ] --START--
INFO: Run Behavior\BuildLiteBehavior [ RunTime:0.000000s ]
INFO: [ app_init ] --END-- [ RunTime:0.001000s ]
INFO: [ app_begin ] --START--
INFO: Run Behavior\ReadHtmlCacheBehavior [ RunTime:0.001000s ]
INFO: [ app_begin ] --END-- [ RunTime:0.001000s ]
SQL: SHOW COLUMNS FROM `xk_depart` [ RunTime:0.0180s ]
SQL: SELECT `departname` FROM `xk_depart` WHERE `id` = 5 LIMIT 1   [ RunTime:0.0000s ]
SQL: SHOW COLUMNS FROM `xk_order` [ RunTime:0.0160s ]
SQL: SELECT COUNT(*) AS tp_count FROM `xk_order` WHERE `depart_id` = 5 AND `is_success` = 1 LIMIT 1   [ RunTime:0.0010s ]
SQL: SELECT departname as dename,xk_student.realname as stuname,xk_teacher.realname as tename,xk_course.coursename as coname,xk_class.classname as clname FROM `xk_order` LEFT JOIN xk_student ON xk_order.student_id=xk_student.id LEFT JOIN xk_course ON xk_order.course_id=xk_course.id LEFT JOIN xk_teacher ON xk_course.teacher_id=xk_teacher.id LEFT JOIN xk_depart ON xk_student.depart_id=xk_depart.id LEFT JOIN xk_class ON xk_student.class_id=xk_class.id  WHERE ( xk_order.depart_id=5 ) LIMIT 0,10   [ RunTime:0.0000s ]
INFO: [ view_parse ] --START--
INFO: [ template_filter ] --START--
INFO: Run Behavior\ContentReplaceBehavior [ RunTime:0.001000s ]
INFO: [ template_filter ] --END-- [ RunTime:0.001000s ]
NOTIC: [8] Undefined variable: title D:\phpStudy\WWW\bs\Runtime\Cache\Home\c259c7a5a8db6d4ac95597bb78d09916.php 第 6 行.
INFO: Run Behavior\ParseTemplateBehavior [ RunTime:0.013001s ]
INFO: [ view_parse ] --END-- [ RunTime:0.013001s ]
INFO: [ view_filter ] --START--
INFO: Run Behavior\WriteHtmlCacheBehavior [ RunTime:0.000000s ]
INFO: [ view_filter ] --END-- [ RunTime:0.000000s ]
INFO: [ app_end ] --START--
INFO: Run Behavior\ShowPageTraceBehavior [ RunTime:0.001000s ]
INFO: [ app_end ] --END-- [ RunTime:0.001000s ]

[ 2017-05-19T14:41:18+08:00 ] 127.0.0.1 /index.php/Depart/detail/id/holder.js/80x80
INFO: [ app_init ] --START--
INFO: Run Behavior\BuildLiteBehavior [ RunTime:0.000000s ]
INFO: [ app_init ] --END-- [ RunTime:0.000000s ]
INFO: [ app_begin ] --START--
INFO: Run Behavior\ReadHtmlCacheBehavior [ RunTime:0.000000s ]
INFO: [ app_begin ] --END-- [ RunTime:0.000000s ]
SQL: SHOW COLUMNS FROM `xk_depart` [ RunTime:0.0180s ]
SQL: SELECT `departname` FROM `xk_depart` WHERE `id` = 0 LIMIT 1   [ RunTime:0.0010s ]
SQL: SHOW COLUMNS FROM `xk_order` [ RunTime:0.0130s ]
SQL: SELECT COUNT(*) AS tp_count FROM `xk_order` WHERE `depart_id` = 0 AND `is_success` = 1 LIMIT 1   [ RunTime:0.0000s ]
ERR: 1054:Unknown column 'holder.js' in 'where clause'
 [ SQL语句 ] : SELECT departname as dename,xk_student.realname as stuname,xk_teacher.realname as tename,xk_course.coursename as coname,xk_class.classname as clname FROM `xk_order` LEFT JOIN xk_student ON xk_order.student_id=xk_student.id LEFT JOIN xk_course ON xk_order.course_id=xk_course.id LEFT JOIN xk_teacher ON xk_course.teacher_id=xk_teacher.id LEFT JOIN xk_depart ON xk_student.depart_id=xk_depart.id LEFT JOIN xk_class ON xk_student.class_id=xk_class.id  WHERE ( xk_order.depart_id=holder.js ) LIMIT 0,10  
ERR: 1054:Unknown column 'holder.js' in 'where clause'
 [ SQL语句 ] : SELECT departname as dename,xk_student.realname as stuname,xk_teacher.realname as tename,xk_course.coursename as coname,xk_class.classname as clname FROM `xk_order` LEFT JOIN xk_student ON xk_order.student_id=xk_student.id LEFT JOIN xk_course ON xk_order.course_id=xk_course.id LEFT JOIN xk_teacher ON xk_course.teacher_id=xk_teacher.id LEFT JOIN xk_depart ON xk_student.depart_id=xk_depart.id LEFT JOIN xk_class ON xk_student.class_id=xk_class.id  WHERE ( xk_order.depart_id=holder.js ) LIMIT 0,10  

[ 2017-05-19T14:41:20+08:00 ] 127.0.0.1 /index.php/Depart/holder.js/80x80
INFO: [ app_init ] --START--
INFO: Run Behavior\BuildLiteBehavior [ RunTime:0.000000s ]
INFO: [ app_init ] --END-- [ RunTime:0.000000s ]
INFO: [ app_begin ] --START--
INFO: Run Behavior\ReadHtmlCacheBehavior [ RunTime:0.000000s ]
INFO: [ app_begin ] --END-- [ RunTime:0.000000s ]
SQL: SHOW COLUMNS FROM `xk_depart` [ RunTime:0.0100s ]
ERR: 非法操作:holder.js

[ 2017-05-19T14:41:22+08:00 ] 127.0.0.1 /index.php/Depart/detail/id/3.html
INFO: [ app_init ] --START--
INFO: Run Behavior\BuildLiteBehavior [ RunTime:0.000000s ]
INFO: [ app_init ] --END-- [ RunTime:0.001000s ]
INFO: [ app_begin ] --START--
INFO: Run Behavior\ReadHtmlCacheBehavior [ RunTime:0.001000s ]
INFO: [ app_begin ] --END-- [ RunTime:0.001000s ]
SQL: SHOW COLUMNS FROM `xk_depart` [ RunTime:0.0110s ]
SQL: SELECT `departname` FROM `xk_depart` WHERE `id` = 3 LIMIT 1   [ RunTime:0.0010s ]
SQL: SHOW COLUMNS FROM `xk_order` [ RunTime:0.0110s ]
SQL: SELECT COUNT(*) AS tp_count FROM `xk_order` WHERE `depart_id` = 3 AND `is_success` = 1 LIMIT 1   [ RunTime:0.0000s ]
SQL: SELECT departname as dename,xk_student.realname as stuname,xk_teacher.realname as tename,xk_course.coursename as coname,xk_class.classname as clname FROM `xk_order` LEFT JOIN xk_student ON xk_order.student_id=xk_student.id LEFT JOIN xk_course ON xk_order.course_id=xk_course.id LEFT JOIN xk_teacher ON xk_course.teacher_id=xk_teacher.id LEFT JOIN xk_depart ON xk_student.depart_id=xk_depart.id LEFT JOIN xk_class ON xk_student.class_id=xk_class.id  WHERE ( xk_order.depart_id=3 ) LIMIT 0,10   [ RunTime:0.0000s ]
INFO: [ view_parse ] --START--
INFO: [ template_filter ] --START--
INFO: Run Behavior\ContentReplaceBehavior [ RunTime:0.000000s ]
INFO: [ template_filter ] --END-- [ RunTime:0.000000s ]
NOTIC: [8] Undefined variable: title D:\phpStudy\WWW\bs\Runtime\Cache\Home\c259c7a5a8db6d4ac95597bb78d09916.php 第 6 行.
INFO: Run Behavior\ParseTemplateBehavior [ RunTime:0.008000s ]
INFO: [ view_parse ] --END-- [ RunTime:0.008000s ]
INFO: [ view_filter ] --START--
INFO: Run Behavior\WriteHtmlCacheBehavior [ RunTime:0.000000s ]
INFO: [ view_filter ] --END-- [ RunTime:0.001000s ]
INFO: [ app_end ] --START--
INFO: Run Behavior\ShowPageTraceBehavior [ RunTime:0.000000s ]
INFO: [ app_end ] --END-- [ RunTime:0.000000s ]

[ 2017-05-19T14:41:23+08:00 ] 127.0.0.1 /index.php/Depart/detail/id/holder.js/80x80
INFO: [ app_init ] --START--
INFO: Run Behavior\BuildLiteBehavior [ RunTime:0.000000s ]
INFO: [ app_init ] --END-- [ RunTime:0.000000s ]
INFO: [ app_begin ] --START--
INFO: Run Behavior\ReadHtmlCacheBehavior [ RunTime:0.000000s ]
INFO: [ app_begin ] --END-- [ RunTime:0.000000s ]
SQL: SHOW COLUMNS FROM `xk_depart` [ RunTime:0.1950s ]
SQL: SELECT `departname` FROM `xk_depart` WHERE `id` = 0 LIMIT 1   [ RunTime:0.0000s ]
SQL: SHOW COLUMNS FROM `xk_order` [ RunTime:0.0420s ]
SQL: SELECT COUNT(*) AS tp_count FROM `xk_order` WHERE `depart_id` = 0 AND `is_success` = 1 LIMIT 1   [ RunTime:0.0000s ]
ERR: 1054:Unknown column 'holder.js' in 'where clause'
 [ SQL语句 ] : SELECT departname as dename,xk_student.realname as stuname,xk_teacher.realname as tename,xk_course.coursename as coname,xk_class.classname as clname FROM `xk_order` LEFT JOIN xk_student ON xk_order.student_id=xk_student.id LEFT JOIN xk_course ON xk_order.course_id=xk_course.id LEFT JOIN xk_teacher ON xk_course.teacher_id=xk_teacher.id LEFT JOIN xk_depart ON xk_student.depart_id=xk_depart.id LEFT JOIN xk_class ON xk_student.class_id=xk_class.id  WHERE ( xk_order.depart_id=holder.js ) LIMIT 0,10  
ERR: 1054:Unknown column 'holder.js' in 'where clause'
 [ SQL语句 ] : SELECT departname as dename,xk_student.realname as stuname,xk_teacher.realname as tename,xk_course.coursename as coname,xk_class.classname as clname FROM `xk_order` LEFT JOIN xk_student ON xk_order.student_id=xk_student.id LEFT JOIN xk_course ON xk_order.course_id=xk_course.id LEFT JOIN xk_teacher ON xk_course.teacher_id=xk_teacher.id LEFT JOIN xk_depart ON xk_student.depart_id=xk_depart.id LEFT JOIN xk_class ON xk_student.class_id=xk_class.id  WHERE ( xk_order.depart_id=holder.js ) LIMIT 0,10  

[ 2017-05-19T14:42:25+08:00 ] 127.0.0.1 /index.php/Depart/detail/id/3.html
INFO: [ app_init ] --START--
INFO: Run Behavior\BuildLiteBehavior [ RunTime:0.000000s ]
INFO: [ app_init ] --END-- [ RunTime:0.000000s ]
INFO: [ app_begin ] --START--
INFO: Run Behavior\ReadHtmlCacheBehavior [ RunTime:0.001000s ]
INFO: [ app_begin ] --END-- [ RunTime:0.001000s ]
SQL: SHOW COLUMNS FROM `xk_depart` [ RunTime:0.0220s ]
SQL: SELECT `departname` FROM `xk_depart` WHERE `id` = 3 LIMIT 1   [ RunTime:0.0000s ]
SQL: SHOW COLUMNS FROM `xk_order` [ RunTime:0.0180s ]
SQL: SELECT COUNT(*) AS tp_count FROM `xk_order` WHERE `depart_id` = 3 AND `is_success` = 1 LIMIT 1   [ RunTime:0.0010s ]
SQL: SELECT departname as dename,xk_student.realname as stuname,xk_teacher.realname as tename,xk_course.coursename as coname,xk_class.classname as clname FROM `xk_order` LEFT JOIN xk_student ON xk_order.student_id=xk_student.id LEFT JOIN xk_course ON xk_order.course_id=xk_course.id LEFT JOIN xk_teacher ON xk_course.teacher_id=xk_teacher.id LEFT JOIN xk_depart ON xk_student.depart_id=xk_depart.id LEFT JOIN xk_class ON xk_student.class_id=xk_class.id  WHERE ( xk_order.depart_id=3 ) LIMIT 0,10   [ RunTime:0.0000s ]
INFO: [ view_parse ] --START--
INFO: [ template_filter ] --START--
INFO: Run Behavior\ContentReplaceBehavior [ RunTime:0.001000s ]
INFO: [ template_filter ] --END-- [ RunTime:0.001000s ]
NOTIC: [8] Undefined variable: title D:\phpStudy\WWW\bs\Runtime\Cache\Home\c259c7a5a8db6d4ac95597bb78d09916.php 第 6 行.
INFO: Run Behavior\ParseTemplateBehavior [ RunTime:0.015001s ]
INFO: [ view_parse ] --END-- [ RunTime:0.015001s ]
INFO: [ view_filter ] --START--
INFO: Run Behavior\WriteHtmlCacheBehavior [ RunTime:0.000000s ]
INFO: [ view_filter ] --END-- [ RunTime:0.000000s ]
INFO: [ app_end ] --START--
INFO: Run Behavior\ShowPageTraceBehavior [ RunTime:0.001000s ]
INFO: [ app_end ] --END-- [ RunTime:0.001000s ]

[ 2017-05-19T14:42:26+08:00 ] 127.0.0.1 /index.php/Depart/detail/id/holder.js/80x80
INFO: [ app_init ] --START--
INFO: Run Behavior\BuildLiteBehavior [ RunTime:0.000000s ]
INFO: [ app_init ] --END-- [ RunTime:0.001000s ]
INFO: [ app_begin ] --START--
INFO: Run Behavior\ReadHtmlCacheBehavior [ RunTime:0.000000s ]
INFO: [ app_begin ] --END-- [ RunTime:0.000000s ]
SQL: SHOW COLUMNS FROM `xk_depart` [ RunTime:0.0100s ]
SQL: SELECT `departname` FROM `xk_depart` WHERE `id` = 0 LIMIT 1   [ RunTime:0.0000s ]
SQL: SHOW COLUMNS FROM `xk_order` [ RunTime:0.0110s ]
SQL: SELECT COUNT(*) AS tp_count FROM `xk_order` WHERE `depart_id` = 0 AND `is_success` = 1 LIMIT 1   [ RunTime:0.0000s ]
ERR: 1054:Unknown column 'holder.js' in 'where clause'
 [ SQL语句 ] : SELECT departname as dename,xk_student.realname as stuname,xk_teacher.realname as tename,xk_course.coursename as coname,xk_class.classname as clname FROM `xk_order` LEFT JOIN xk_student ON xk_order.student_id=xk_student.id LEFT JOIN xk_course ON xk_order.course_id=xk_course.id LEFT JOIN xk_teacher ON xk_course.teacher_id=xk_teacher.id LEFT JOIN xk_depart ON xk_student.depart_id=xk_depart.id LEFT JOIN xk_class ON xk_student.class_id=xk_class.id  WHERE ( xk_order.depart_id=holder.js ) LIMIT 0,10  
ERR: 1054:Unknown column 'holder.js' in 'where clause'
 [ SQL语句 ] : SELECT departname as dename,xk_student.realname as stuname,xk_teacher.realname as tename,xk_course.coursename as coname,xk_class.classname as clname FROM `xk_order` LEFT JOIN xk_student ON xk_order.student_id=xk_student.id LEFT JOIN xk_course ON xk_order.course_id=xk_course.id LEFT JOIN xk_teacher ON xk_course.teacher_id=xk_teacher.id LEFT JOIN xk_depart ON xk_student.depart_id=xk_depart.id LEFT JOIN xk_class ON xk_student.class_id=xk_class.id  WHERE ( xk_order.depart_id=holder.js ) LIMIT 0,10  

[ 2017-05-19T17:25:20+08:00 ] 127.0.0.1 /index.php/Student/course.html
INFO: [ app_init ] --START--
INFO: Run Behavior\BuildLiteBehavior [ RunTime:0.000000s ]
INFO: [ app_init ] --END-- [ RunTime:0.001000s ]
INFO: [ app_begin ] --START--
INFO: Run Behavior\ReadHtmlCacheBehavior [ RunTime:0.001000s ]
INFO: [ app_begin ] --END-- [ RunTime:0.001000s ]
SQL: SHOW COLUMNS FROM `xk_student` [ RunTime:0.0170s ]
SQL: SELECT * FROM `xk_student` WHERE `username` = 'wangwen' LIMIT 1   [ RunTime:0.0010s ]
SQL: SHOW COLUMNS FROM `xk_order` [ RunTime:0.0560s ]
SQL: SELECT xk_teacher.realname as tename,xk_order.id as oid,xk_course.coursename as coname,`choosenum`,xk_order.id as oid,`is_success`,`isreceive` FROM `xk_order` LEFT JOIN xk_course ON xk_order.course_id=xk_course.id LEFT JOIN xk_teacher ON xk_course.teacher_id=xk_teacher.id  WHERE ( student_id=45 )  [ RunTime:0.0020s ]
INFO: [ view_parse ] --START--
INFO: [ template_filter ] --START--
INFO: Run Behavior\ContentReplaceBehavior [ RunTime:0.000000s ]
INFO: [ template_filter ] --END-- [ RunTime:0.000000s ]
NOTIC: [8] Undefined variable: title D:\phpStudy\WWW\bs\Runtime\Cache\Home\bd0019e6bf412b9b712962edb6159b76.php 第 6 行.
INFO: Run Behavior\ParseTemplateBehavior [ RunTime:0.053003s ]
INFO: [ view_parse ] --END-- [ RunTime:0.053003s ]
INFO: [ view_filter ] --START--
INFO: Run Behavior\WriteHtmlCacheBehavior [ RunTime:0.001000s ]
INFO: [ view_filter ] --END-- [ RunTime:0.001000s ]
INFO: [ app_end ] --START--
INFO: Run Behavior\ShowPageTraceBehavior [ RunTime:0.001000s ]
INFO: [ app_end ] --END-- [ RunTime:0.001000s ]

[ 2017-05-19T17:25:22+08:00 ] 127.0.0.1 /index.php/Student/holder.js/80x80
INFO: [ app_init ] --START--
INFO: Run Behavior\BuildLiteBehavior [ RunTime:0.000000s ]
INFO: [ app_init ] --END-- [ RunTime:0.001000s ]
INFO: [ app_begin ] --START--
INFO: Run Behavior\ReadHtmlCacheBehavior [ RunTime:0.001000s ]
INFO: [ app_begin ] --END-- [ RunTime:0.001000s ]
SQL: SHOW COLUMNS FROM `xk_student` [ RunTime:0.0150s ]
SQL: SELECT * FROM `xk_student` WHERE `username` = 'wangwen' LIMIT 1   [ RunTime:0.0000s ]
ERR: 非法操作:holder.js

[ 2017-05-19T18:05:58+08:00 ] 127.0.0.1 /
INFO: [ app_init ] --START--
INFO: Run Behavior\BuildLiteBehavior [ RunTime:0.000000s ]
INFO: [ app_init ] --END-- [ RunTime:0.001000s ]
INFO: [ app_begin ] --START--
INFO: Run Behavior\ReadHtmlCacheBehavior [ RunTime:0.002001s ]
INFO: [ app_begin ] --END-- [ RunTime:0.002001s ]
SQL: SHOW COLUMNS FROM `xk_depart` [ RunTime:0.0140s ]
SQL: SELECT * FROM `xk_depart`  [ RunTime:0.0010s ]
SQL: SHOW COLUMNS FROM `xk_order` [ RunTime:0.0110s ]
SQL: SELECT departname as dename,xk_student.realname as stuname,xk_teacher.realname as tename,xk_course.coursename as coname,xk_class.classname as clname FROM `xk_order` LEFT JOIN xk_student ON xk_order.student_id=xk_student.id LEFT JOIN xk_course ON xk_order.course_id=xk_course.id LEFT JOIN xk_teacher ON xk_course.teacher_id=xk_teacher.id LEFT JOIN xk_depart ON xk_student.depart_id=xk_depart.id LEFT JOIN xk_class ON xk_student.class_id=xk_class.id  WHERE ( xk_order.id>10 )  [ RunTime:0.0010s ]
INFO: [ view_parse ] --START--
INFO: [ template_filter ] --START--
INFO: Run Behavior\ContentReplaceBehavior [ RunTime:0.000000s ]
INFO: [ template_filter ] --END-- [ RunTime:0.000000s ]
NOTIC: [8] Undefined variable: title D:\phpStudy\WWW\bs\Runtime\Cache\Home\999366d19b620cb6e861521131242e5f.php 第 6 行.
INFO: Run Behavior\ParseTemplateBehavior [ RunTime:0.052003s ]
INFO: [ view_parse ] --END-- [ RunTime:0.052003s ]
INFO: [ view_filter ] --START--
INFO: Run Behavior\WriteHtmlCacheBehavior [ RunTime:0.002001s ]
INFO: [ view_filter ] --END-- [ RunTime:0.002001s ]
INFO: [ app_end ] --START--
INFO: Run Behavior\ShowPageTraceBehavior [ RunTime:0.002000s ]
INFO: [ app_end ] --END-- [ RunTime:0.002000s ]

